2019-04-21 22:24:06,814 - Default Properties File: org\apache\velocity\runtime\defaults\velocity.properties
2019-04-21 22:24:06,814 - Trying to use logger class org.apache.velocity.runtime.log.SimpleLog4JLogSystem
2019-04-21 22:24:06,814 - Using logger class org.apache.velocity.runtime.log.SimpleLog4JLogSystem
2019-04-21 22:24:06,817 - Default ResourceManager initializing. (class org.apache.velocity.runtime.resource.ResourceManagerImpl)
2019-04-21 22:24:06,819 - Resource Loader Instantiated: org.apache.velocity.runtime.resource.loader.ClasspathResourceLoader
2019-04-21 22:24:06,819 - ClasspathResourceLoader : initialization starting.
2019-04-21 22:24:06,819 - ClasspathResourceLoader : initialization complete.
2019-04-21 22:24:06,820 - ResourceCache : initialized. (class org.apache.velocity.runtime.resource.ResourceCacheImpl)
2019-04-21 22:24:06,820 - Default ResourceManager initialization complete.
2019-04-21 22:24:06,821 - Loaded System Directive: org.apache.velocity.runtime.directive.Literal
2019-04-21 22:24:06,823 - Loaded System Directive: org.apache.velocity.runtime.directive.Macro
2019-04-21 22:24:06,824 - Loaded System Directive: org.apache.velocity.runtime.directive.Parse
2019-04-21 22:24:06,825 - Loaded System Directive: org.apache.velocity.runtime.directive.Include
2019-04-21 22:24:06,825 - Loaded System Directive: org.apache.velocity.runtime.directive.Foreach
2019-04-21 22:24:06,844 - Created: 20 parsers.
2019-04-21 22:24:06,846 - Velocimacro : initialization starting.
2019-04-21 22:24:06,847 - Velocimacro : adding VMs from VM library template : VM_global_library.vm
2019-04-21 22:24:06,849 - ResourceManager : unable to find resource 'VM_global_library.vm' in any resource loader.
2019-04-21 22:24:06,849 - Velocimacro : error using  VM library template VM_global_library.vm : org.apache.velocity.exception.ResourceNotFoundException: Unable to find resource 'VM_global_library.vm'
2019-04-21 22:24:06,849 - Velocimacro :  VM library template macro registration complete.
2019-04-21 22:24:06,849 - Velocimacro : allowInline = true : VMs can be defined inline in templates
2019-04-21 22:24:06,849 - Velocimacro : allowInlineToOverride = false : VMs defined inline may NOT replace previous VM definitions
2019-04-21 22:24:06,849 - Velocimacro : allowInlineLocal = false : VMs defined inline will be  global in scope if allowed.
2019-04-21 22:24:06,849 - Velocimacro : messages on  : VM system will output logging messages
2019-04-21 22:24:06,849 - Velocimacro : autoload off  : VM system will not automatically reload global library macros
2019-04-21 22:24:06,849 - Velocimacro : initialization complete.
2019-04-21 22:24:06,849 - Velocity successfully started.
2019-04-21 22:27:22,287 - SimpleLog4JLogSystem initialized using logfile 'velocity.log'
2019-04-21 22:27:22,287 - ************************************************************** 
2019-04-21 22:27:22,287 - Starting Jakarta Velocity v1.4
2019-04-21 22:27:22,287 - RuntimeInstance initializing.
2019-04-21 22:27:22,287 - Default Properties File: org\apache\velocity\runtime\defaults\velocity.properties
2019-04-21 22:27:22,287 - Trying to use logger class org.apache.velocity.runtime.log.SimpleLog4JLogSystem
2019-04-21 22:27:22,287 - Using logger class org.apache.velocity.runtime.log.SimpleLog4JLogSystem
2019-04-21 22:27:22,289 - Default ResourceManager initializing. (class org.apache.velocity.runtime.resource.ResourceManagerImpl)
2019-04-21 22:27:22,291 - Resource Loader Instantiated: org.apache.velocity.runtime.resource.loader.ClasspathResourceLoader
2019-04-21 22:27:22,291 - ClasspathResourceLoader : initialization starting.
2019-04-21 22:27:22,291 - ClasspathResourceLoader : initialization complete.
2019-04-21 22:27:22,292 - ResourceCache : initialized. (class org.apache.velocity.runtime.resource.ResourceCacheImpl)
2019-04-21 22:27:22,292 - Default ResourceManager initialization complete.
2019-04-21 22:27:22,293 - Loaded System Directive: org.apache.velocity.runtime.directive.Literal
2019-04-21 22:27:22,294 - Loaded System Directive: org.apache.velocity.runtime.directive.Macro
2019-04-21 22:27:22,296 - Loaded System Directive: org.apache.velocity.runtime.directive.Parse
2019-04-21 22:27:22,297 - Loaded System Directive: org.apache.velocity.runtime.directive.Include
2019-04-21 22:27:22,298 - Loaded System Directive: org.apache.velocity.runtime.directive.Foreach
2019-04-21 22:27:22,319 - Created: 20 parsers.
2019-04-21 22:27:22,322 - Velocimacro : initialization starting.
2019-04-21 22:27:22,322 - Velocimacro : adding VMs from VM library template : VM_global_library.vm
2019-04-21 22:27:22,325 - ResourceManager : unable to find resource 'VM_global_library.vm' in any resource loader.
2019-04-21 22:27:22,325 - Velocimacro : error using  VM library template VM_global_library.vm : org.apache.velocity.exception.ResourceNotFoundException: Unable to find resource 'VM_global_library.vm'
2019-04-21 22:27:22,325 - Velocimacro :  VM library template macro registration complete.
2019-04-21 22:27:22,325 - Velocimacro : allowInline = true : VMs can be defined inline in templates
2019-04-21 22:27:22,325 - Velocimacro : allowInlineToOverride = false : VMs defined inline may NOT replace previous VM definitions
2019-04-21 22:27:22,325 - Velocimacro : allowInlineLocal = false : VMs defined inline will be  global in scope if allowed.
2019-04-21 22:27:22,325 - Velocimacro : messages on  : VM system will output logging messages
2019-04-21 22:27:22,325 - Velocimacro : autoload off  : VM system will not automatically reload global library macros
2019-04-21 22:27:22,325 - Velocimacro : initialization complete.
2019-04-21 22:27:22,325 - Velocity successfully started.
2019-04-21 22:50:42,450 - SimpleLog4JLogSystem initialized using logfile 'velocity.log'
2019-04-21 22:50:42,450 - ************************************************************** 
2019-04-21 22:50:42,450 - Starting Jakarta Velocity v1.4
2019-04-21 22:50:42,450 - RuntimeInstance initializing.
2019-04-21 22:50:42,450 - Default Properties File: org\apache\velocity\runtime\defaults\velocity.properties
2019-04-21 22:50:42,450 - Trying to use logger class org.apache.velocity.runtime.log.SimpleLog4JLogSystem
2019-04-21 22:50:42,450 - Using logger class org.apache.velocity.runtime.log.SimpleLog4JLogSystem
2019-04-21 22:50:42,450 - Default ResourceManager initializing. (class org.apache.velocity.runtime.resource.ResourceManagerImpl)
2019-04-21 22:50:42,450 - Resource Loader Instantiated: org.apache.velocity.runtime.resource.loader.ClasspathResourceLoader
2019-04-21 22:50:42,450 - ClasspathResourceLoader : initialization starting.
2019-04-21 22:50:42,450 - ClasspathResourceLoader : initialization complete.
2019-04-21 22:50:42,450 - ResourceCache : initialized. (class org.apache.velocity.runtime.resource.ResourceCacheImpl)
2019-04-21 22:50:42,450 - Default ResourceManager initialization complete.
2019-04-21 22:50:42,450 - Loaded System Directive: org.apache.velocity.runtime.directive.Literal
2019-04-21 22:50:42,450 - Loaded System Directive: org.apache.velocity.runtime.directive.Macro
2019-04-21 22:50:42,450 - Loaded System Directive: org.apache.velocity.runtime.directive.Parse
2019-04-21 22:50:42,450 - Loaded System Directive: org.apache.velocity.runtime.directive.Include
2019-04-21 22:50:42,450 - Loaded System Directive: org.apache.velocity.runtime.directive.Foreach
2019-04-21 22:50:42,466 - Created: 20 parsers.
2019-04-21 22:50:42,483 - Velocimacro : initialization starting.
2019-04-21 22:50:42,483 - Velocimacro : adding VMs from VM library template : VM_global_library.vm
2019-04-21 22:50:42,483 - ResourceManager : unable to find resource 'VM_global_library.vm' in any resource loader.
2019-04-21 22:50:42,483 - Velocimacro : error using  VM library template VM_global_library.vm : org.apache.velocity.exception.ResourceNotFoundException: Unable to find resource 'VM_global_library.vm'
2019-04-21 22:50:42,483 - Velocimacro :  VM library template macro registration complete.
2019-04-21 22:50:42,483 - Velocimacro : allowInline = true : VMs can be defined inline in templates
2019-04-21 22:50:42,483 - Velocimacro : allowInlineToOverride = false : VMs defined inline may NOT replace previous VM definitions
2019-04-21 22:50:42,483 - Velocimacro : allowInlineLocal = false : VMs defined inline will be  global in scope if allowed.
2019-04-21 22:50:42,483 - Velocimacro : messages on  : VM system will output logging messages
2019-04-21 22:50:42,483 - Velocimacro : autoload off  : VM system will not automatically reload global library macros
2019-04-21 22:50:42,483 - Velocimacro : initialization complete.
2019-04-21 22:50:42,483 - Velocity successfully started.
2019-04-21 22:52:03,368 - SimpleLog4JLogSystem initialized using logfile 'velocity.log'
2019-04-21 22:52:03,368 - ************************************************************** 
2019-04-21 22:52:03,368 - Starting Jakarta Velocity v1.4
2019-04-21 22:52:03,368 - RuntimeInstance initializing.
2019-04-21 22:52:03,368 - Default Properties File: org\apache\velocity\runtime\defaults\velocity.properties
2019-04-21 22:52:03,368 - Trying to use logger class org.apache.velocity.runtime.log.SimpleLog4JLogSystem
2019-04-21 22:52:03,368 - Using logger class org.apache.velocity.runtime.log.SimpleLog4JLogSystem
2019-04-21 22:52:03,383 - Default ResourceManager initializing. (class org.apache.velocity.runtime.resource.ResourceManagerImpl)
2019-04-21 22:52:03,383 - Resource Loader Instantiated: org.apache.velocity.runtime.resource.loader.ClasspathResourceLoader
2019-04-21 22:52:03,383 - ClasspathResourceLoader : initialization starting.
2019-04-21 22:52:03,383 - ClasspathResourceLoader : initialization complete.
2019-04-21 22:52:03,383 - ResourceCache : initialized. (class org.apache.velocity.runtime.resource.ResourceCacheImpl)
2019-04-21 22:52:03,383 - Default ResourceManager initialization complete.
2019-04-21 22:52:03,383 - Loaded System Directive: org.apache.velocity.runtime.directive.Literal
2019-04-21 22:52:03,383 - Loaded System Directive: org.apache.velocity.runtime.directive.Macro
2019-04-21 22:52:03,383 - Loaded System Directive: org.apache.velocity.runtime.directive.Parse
2019-04-21 22:52:03,383 - Loaded System Directive: org.apache.velocity.runtime.directive.Include
2019-04-21 22:52:03,383 - Loaded System Directive: org.apache.velocity.runtime.directive.Foreach
2019-04-21 22:52:03,399 - Created: 20 parsers.
2019-04-21 22:52:03,399 - Velocimacro : initialization starting.
2019-04-21 22:52:03,399 - Velocimacro : adding VMs from VM library template : VM_global_library.vm
2019-04-21 22:52:03,399 - ResourceManager : unable to find resource 'VM_global_library.vm' in any resource loader.
2019-04-21 22:52:03,399 - Velocimacro : error using  VM library template VM_global_library.vm : org.apache.velocity.exception.ResourceNotFoundException: Unable to find resource 'VM_global_library.vm'
2019-04-21 22:52:03,399 - Velocimacro :  VM library template macro registration complete.
2019-04-21 22:52:03,399 - Velocimacro : allowInline = true : VMs can be defined inline in templates
2019-04-21 22:52:03,399 - Velocimacro : allowInlineToOverride = false : VMs defined inline may NOT replace previous VM definitions
2019-04-21 22:52:03,399 - Velocimacro : allowInlineLocal = false : VMs defined inline will be  global in scope if allowed.
2019-04-21 22:52:03,399 - Velocimacro : messages on  : VM system will output logging messages
2019-04-21 22:52:03,399 - Velocimacro : autoload off  : VM system will not automatically reload global library macros
2019-04-21 22:52:03,399 - Velocimacro : initialization complete.
2019-04-21 22:52:03,399 - Velocity successfully started.
2019-04-21 22:56:13,945 - SimpleLog4JLogSystem initialized using logfile 'velocity.log'
2019-04-21 22:56:13,945 - ************************************************************** 
2019-04-21 22:56:13,945 - Starting Jakarta Velocity v1.4
2019-04-21 22:56:13,945 - RuntimeInstance initializing.
2019-04-21 22:56:13,945 - Default Properties File: org\apache\velocity\runtime\defaults\velocity.properties
2019-04-21 22:56:13,945 - Trying to use logger class org.apache.velocity.runtime.log.SimpleLog4JLogSystem
2019-04-21 22:56:13,945 - Using logger class org.apache.velocity.runtime.log.SimpleLog4JLogSystem
2019-04-21 22:56:13,945 - Default ResourceManager initializing. (class org.apache.velocity.runtime.resource.ResourceManagerImpl)
2019-04-21 22:56:13,945 - Resource Loader Instantiated: org.apache.velocity.runtime.resource.loader.ClasspathResourceLoader
2019-04-21 22:56:13,945 - ClasspathResourceLoader : initialization starting.
2019-04-21 22:56:13,945 - ClasspathResourceLoader : initialization complete.
2019-04-21 22:56:13,945 - ResourceCache : initialized. (class org.apache.velocity.runtime.resource.ResourceCacheImpl)
2019-04-21 22:56:13,945 - Default ResourceManager initialization complete.
2019-04-21 22:56:13,945 - Loaded System Directive: org.apache.velocity.runtime.directive.Literal
2019-04-21 22:56:13,945 - Loaded System Directive: org.apache.velocity.runtime.directive.Macro
2019-04-21 22:56:13,945 - Loaded System Directive: org.apache.velocity.runtime.directive.Parse
2019-04-21 22:56:13,945 - Loaded System Directive: org.apache.velocity.runtime.directive.Include
2019-04-21 22:56:13,945 - Loaded System Directive: org.apache.velocity.runtime.directive.Foreach
2019-04-21 22:56:13,962 - Created: 20 parsers.
2019-04-21 22:56:13,978 - Velocimacro : initialization starting.
2019-04-21 22:56:13,978 - Velocimacro : adding VMs from VM library template : VM_global_library.vm
2019-04-21 22:56:13,978 - ResourceManager : unable to find resource 'VM_global_library.vm' in any resource loader.
2019-04-21 22:56:13,978 - Velocimacro : error using  VM library template VM_global_library.vm : org.apache.velocity.exception.ResourceNotFoundException: Unable to find resource 'VM_global_library.vm'
2019-04-21 22:56:13,978 - Velocimacro :  VM library template macro registration complete.
2019-04-21 22:56:13,978 - Velocimacro : allowInline = true : VMs can be defined inline in templates
2019-04-21 22:56:13,978 - Velocimacro : allowInlineToOverride = false : VMs defined inline may NOT replace previous VM definitions
2019-04-21 22:56:13,978 - Velocimacro : allowInlineLocal = false : VMs defined inline will be  global in scope if allowed.
2019-04-21 22:56:13,978 - Velocimacro : messages on  : VM system will output logging messages
2019-04-21 22:56:13,978 - Velocimacro : autoload off  : VM system will not automatically reload global library macros
2019-04-21 22:56:13,978 - Velocimacro : initialization complete.
2019-04-21 22:56:13,978 - Velocity successfully started.
2019-04-21 22:58:32,851 - SimpleLog4JLogSystem initialized using logfile 'velocity.log'
2019-04-21 22:58:32,851 - ************************************************************** 
2019-04-21 22:58:32,851 - Starting Jakarta Velocity v1.4
2019-04-21 22:58:32,851 - RuntimeInstance initializing.
2019-04-21 22:58:32,851 - Default Properties File: org\apache\velocity\runtime\defaults\velocity.properties
2019-04-21 22:58:32,851 - Trying to use logger class org.apache.velocity.runtime.log.SimpleLog4JLogSystem
2019-04-21 22:58:32,851 - Using logger class org.apache.velocity.runtime.log.SimpleLog4JLogSystem
2019-04-21 22:58:32,851 - Default ResourceManager initializing. (class org.apache.velocity.runtime.resource.ResourceManagerImpl)
2019-04-21 22:58:32,851 - Resource Loader Instantiated: org.apache.velocity.runtime.resource.loader.ClasspathResourceLoader
2019-04-21 22:58:32,851 - ClasspathResourceLoader : initialization starting.
2019-04-21 22:58:32,851 - ClasspathResourceLoader : initialization complete.
2019-04-21 22:58:32,851 - ResourceCache : initialized. (class org.apache.velocity.runtime.resource.ResourceCacheImpl)
2019-04-21 22:58:32,851 - Default ResourceManager initialization complete.
2019-04-21 22:58:32,851 - Loaded System Directive: org.apache.velocity.runtime.directive.Literal
2019-04-21 22:58:32,851 - Loaded System Directive: org.apache.velocity.runtime.directive.Macro
2019-04-21 22:58:32,851 - Loaded System Directive: org.apache.velocity.runtime.directive.Parse
2019-04-21 22:58:32,851 - Loaded System Directive: org.apache.velocity.runtime.directive.Include
2019-04-21 22:58:32,851 - Loaded System Directive: org.apache.velocity.runtime.directive.Foreach
2019-04-21 22:58:32,868 - Created: 20 parsers.
2019-04-21 22:58:32,868 - Velocimacro : initialization starting.
2019-04-21 22:58:32,868 - Velocimacro : adding VMs from VM library template : VM_global_library.vm
2019-04-21 22:58:32,868 - ResourceManager : unable to find resource 'VM_global_library.vm' in any resource loader.
2019-04-21 22:58:32,868 - Velocimacro : error using  VM library template VM_global_library.vm : org.apache.velocity.exception.ResourceNotFoundException: Unable to find resource 'VM_global_library.vm'
2019-04-21 22:58:32,868 - Velocimacro :  VM library template macro registration complete.
2019-04-21 22:58:32,868 - Velocimacro : allowInline = true : VMs can be defined inline in templates
2019-04-21 22:58:32,868 - Velocimacro : allowInlineToOverride = false : VMs defined inline may NOT replace previous VM definitions
2019-04-21 22:58:32,868 - Velocimacro : allowInlineLocal = false : VMs defined inline will be  global in scope if allowed.
2019-04-21 22:58:32,868 - Velocimacro : messages on  : VM system will output logging messages
2019-04-21 22:58:32,868 - Velocimacro : autoload off  : VM system will not automatically reload global library macros
2019-04-21 22:58:32,868 - Velocimacro : initialization complete.
2019-04-21 22:58:32,868 - Velocity successfully started.
2019-04-21 23:00:48,777 - SimpleLog4JLogSystem initialized using logfile 'velocity.log'
2019-04-21 23:00:48,777 - ************************************************************** 
2019-04-21 23:00:48,777 - Starting Jakarta Velocity v1.4
2019-04-21 23:00:48,777 - RuntimeInstance initializing.
2019-04-21 23:00:48,777 - Default Properties File: org\apache\velocity\runtime\defaults\velocity.properties
2019-04-21 23:00:48,777 - Trying to use logger class org.apache.velocity.runtime.log.SimpleLog4JLogSystem
2019-04-21 23:00:48,777 - Using logger class org.apache.velocity.runtime.log.SimpleLog4JLogSystem
2019-04-21 23:00:48,793 - Default ResourceManager initializing. (class org.apache.velocity.runtime.resource.ResourceManagerImpl)
2019-04-21 23:00:48,793 - Resource Loader Instantiated: org.apache.velocity.runtime.resource.loader.ClasspathResourceLoader
2019-04-21 23:00:48,793 - ClasspathResourceLoader : initialization starting.
2019-04-21 23:00:48,793 - ClasspathResourceLoader : initialization complete.
2019-04-21 23:00:48,793 - ResourceCache : initialized. (class org.apache.velocity.runtime.resource.ResourceCacheImpl)
2019-04-21 23:00:48,793 - Default ResourceManager initialization complete.
2019-04-21 23:00:48,793 - Loaded System Directive: org.apache.velocity.runtime.directive.Literal
2019-04-21 23:00:48,793 - Loaded System Directive: org.apache.velocity.runtime.directive.Macro
2019-04-21 23:00:48,793 - Loaded System Directive: org.apache.velocity.runtime.directive.Parse
2019-04-21 23:00:48,793 - Loaded System Directive: org.apache.velocity.runtime.directive.Include
2019-04-21 23:00:48,793 - Loaded System Directive: org.apache.velocity.runtime.directive.Foreach
2019-04-21 23:00:48,808 - Created: 20 parsers.
2019-04-21 23:00:48,808 - Velocimacro : initialization starting.
2019-04-21 23:00:48,808 - Velocimacro : adding VMs from VM library template : VM_global_library.vm
2019-04-21 23:00:48,808 - ResourceManager : unable to find resource 'VM_global_library.vm' in any resource loader.
2019-04-21 23:00:48,808 - Velocimacro : error using  VM library template VM_global_library.vm : org.apache.velocity.exception.ResourceNotFoundException: Unable to find resource 'VM_global_library.vm'
2019-04-21 23:00:48,808 - Velocimacro :  VM library template macro registration complete.
2019-04-21 23:00:48,808 - Velocimacro : allowInline = true : VMs can be defined inline in templates
2019-04-21 23:00:48,808 - Velocimacro : allowInlineToOverride = false : VMs defined inline may NOT replace previous VM definitions
2019-04-21 23:00:48,808 - Velocimacro : allowInlineLocal = false : VMs defined inline will be  global in scope if allowed.
2019-04-21 23:00:48,808 - Velocimacro : messages on  : VM system will output logging messages
2019-04-21 23:00:48,808 - Velocimacro : autoload off  : VM system will not automatically reload global library macros
2019-04-21 23:00:48,808 - Velocimacro : initialization complete.
2019-04-21 23:00:48,808 - Velocity successfully started.
2019-04-21 23:02:01,197 - SimpleLog4JLogSystem initialized using logfile 'velocity.log'
2019-04-21 23:02:01,197 - ************************************************************** 
2019-04-21 23:02:01,197 - Starting Jakarta Velocity v1.4
2019-04-21 23:02:01,197 - RuntimeInstance initializing.
2019-04-21 23:02:01,197 - Default Properties File: org\apache\velocity\runtime\defaults\velocity.properties
2019-04-21 23:02:01,197 - Trying to use logger class org.apache.velocity.runtime.log.SimpleLog4JLogSystem
2019-04-21 23:02:01,197 - Using logger class org.apache.velocity.runtime.log.SimpleLog4JLogSystem
2019-04-21 23:02:01,197 - Default ResourceManager initializing. (class org.apache.velocity.runtime.resource.ResourceManagerImpl)
2019-04-21 23:02:01,212 - Resource Loader Instantiated: org.apache.velocity.runtime.resource.loader.ClasspathResourceLoader
2019-04-21 23:02:01,212 - ClasspathResourceLoader : initialization starting.
2019-04-21 23:02:01,212 - ClasspathResourceLoader : initialization complete.
2019-04-21 23:02:01,212 - ResourceCache : initialized. (class org.apache.velocity.runtime.resource.ResourceCacheImpl)
2019-04-21 23:02:01,212 - Default ResourceManager initialization complete.
2019-04-21 23:02:01,212 - Loaded System Directive: org.apache.velocity.runtime.directive.Literal
2019-04-21 23:02:01,212 - Loaded System Directive: org.apache.velocity.runtime.directive.Macro
2019-04-21 23:02:01,212 - Loaded System Directive: org.apache.velocity.runtime.directive.Parse
2019-04-21 23:02:01,212 - Loaded System Directive: org.apache.velocity.runtime.directive.Include
2019-04-21 23:02:01,212 - Loaded System Directive: org.apache.velocity.runtime.directive.Foreach
2019-04-21 23:02:01,228 - Created: 20 parsers.
2019-04-21 23:02:01,228 - Velocimacro : initialization starting.
2019-04-21 23:02:01,228 - Velocimacro : adding VMs from VM library template : VM_global_library.vm
2019-04-21 23:02:01,228 - ResourceManager : unable to find resource 'VM_global_library.vm' in any resource loader.
2019-04-21 23:02:01,228 - Velocimacro : error using  VM library template VM_global_library.vm : org.apache.velocity.exception.ResourceNotFoundException: Unable to find resource 'VM_global_library.vm'
2019-04-21 23:02:01,228 - Velocimacro :  VM library template macro registration complete.
2019-04-21 23:02:01,228 - Velocimacro : allowInline = true : VMs can be defined inline in templates
2019-04-21 23:02:01,228 - Velocimacro : allowInlineToOverride = false : VMs defined inline may NOT replace previous VM definitions
2019-04-21 23:02:01,228 - Velocimacro : allowInlineLocal = false : VMs defined inline will be  global in scope if allowed.
2019-04-21 23:02:01,228 - Velocimacro : messages on  : VM system will output logging messages
2019-04-21 23:02:01,228 - Velocimacro : autoload off  : VM system will not automatically reload global library macros
2019-04-21 23:02:01,228 - Velocimacro : initialization complete.
2019-04-21 23:02:01,228 - Velocity successfully started.
2019-04-21 23:02:15,584 - ResourceManager : found repast/simphony/parameter/parameters.vt with loader org.apache.velocity.runtime.resource.loader.ClasspathResourceLoader
2019-04-21 23:15:37,160 - SimpleLog4JLogSystem initialized using logfile 'velocity.log'
2019-04-21 23:15:37,160 - ************************************************************** 
2019-04-21 23:15:37,160 - Starting Jakarta Velocity v1.4
2019-04-21 23:15:37,160 - RuntimeInstance initializing.
2019-04-21 23:15:37,160 - Default Properties File: org\apache\velocity\runtime\defaults\velocity.properties
2019-04-21 23:15:37,160 - Trying to use logger class org.apache.velocity.runtime.log.SimpleLog4JLogSystem
2019-04-21 23:15:37,160 - Using logger class org.apache.velocity.runtime.log.SimpleLog4JLogSystem
2019-04-21 23:15:37,160 - Default ResourceManager initializing. (class org.apache.velocity.runtime.resource.ResourceManagerImpl)
2019-04-21 23:15:37,160 - Resource Loader Instantiated: org.apache.velocity.runtime.resource.loader.ClasspathResourceLoader
2019-04-21 23:15:37,160 - ClasspathResourceLoader : initialization starting.
2019-04-21 23:15:37,160 - ClasspathResourceLoader : initialization complete.
2019-04-21 23:15:37,160 - ResourceCache : initialized. (class org.apache.velocity.runtime.resource.ResourceCacheImpl)
2019-04-21 23:15:37,160 - Default ResourceManager initialization complete.
2019-04-21 23:15:37,160 - Loaded System Directive: org.apache.velocity.runtime.directive.Literal
2019-04-21 23:15:37,160 - Loaded System Directive: org.apache.velocity.runtime.directive.Macro
2019-04-21 23:15:37,176 - Loaded System Directive: org.apache.velocity.runtime.directive.Parse
2019-04-21 23:15:37,176 - Loaded System Directive: org.apache.velocity.runtime.directive.Include
2019-04-21 23:15:37,176 - Loaded System Directive: org.apache.velocity.runtime.directive.Foreach
2019-04-21 23:15:37,192 - Created: 20 parsers.
2019-04-21 23:15:37,192 - Velocimacro : initialization starting.
2019-04-21 23:15:37,192 - Velocimacro : adding VMs from VM library template : VM_global_library.vm
2019-04-21 23:15:37,192 - ResourceManager : unable to find resource 'VM_global_library.vm' in any resource loader.
2019-04-21 23:15:37,192 - Velocimacro : error using  VM library template VM_global_library.vm : org.apache.velocity.exception.ResourceNotFoundException: Unable to find resource 'VM_global_library.vm'
2019-04-21 23:15:37,192 - Velocimacro :  VM library template macro registration complete.
2019-04-21 23:15:37,192 - Velocimacro : allowInline = true : VMs can be defined inline in templates
2019-04-21 23:15:37,192 - Velocimacro : allowInlineToOverride = false : VMs defined inline may NOT replace previous VM definitions
2019-04-21 23:15:37,192 - Velocimacro : allowInlineLocal = false : VMs defined inline will be  global in scope if allowed.
2019-04-21 23:15:37,192 - Velocimacro : messages on  : VM system will output logging messages
2019-04-21 23:15:37,192 - Velocimacro : autoload off  : VM system will not automatically reload global library macros
2019-04-21 23:15:37,192 - Velocimacro : initialization complete.
2019-04-21 23:15:37,192 - Velocity successfully started.
2019-04-21 23:18:14,103 - ResourceManager : found repast/simphony/scenario/Scenario.vt with loader org.apache.velocity.runtime.resource.loader.ClasspathResourceLoader
2019-04-21 23:18:17,583 - ResourceManager : found repast/simphony/scenario/Scenario.vt with loader org.apache.velocity.runtime.resource.loader.ClasspathResourceLoader
2019-04-21 23:18:20,654 - ResourceManager : found repast/simphony/parameter/parameters.vt with loader org.apache.velocity.runtime.resource.loader.ClasspathResourceLoader
