#
# A fatal error has been detected by the Java Runtime Environment:
#
#  EXCEPTION_ACCESS_VIOLATION (0xc0000005) at pc=0x00007ffe411eaaa1, pid=5432, tid=11032
#
# JRE version: OpenJDK Runtime Environment (11.0+28) (build 11+28-201810022317)
# Java VM: OpenJDK 64-Bit Server VM (11+28-201810022317, mixed mode, tiered, compressed oops, g1 gc, windows-amd64)
# Problematic frame:
# C  [ig9icd64.dll+0x3aaa1]
#
# No core dump will be written. Minidumps are not enabled by default on client versions of Windows
#
# If you would like to submit a bug report, please visit:
#   http://bugreport.java.com/bugreport/crash.jsp
# The crash happened outside the Java Virtual Machine in native code.
# See problematic frame for where to report the bug.
#

---------------  S U M M A R Y ------------

Command Line: -XX:+IgnoreUnrecognizedVMOptions --add-modules=ALL-SYSTEM --add-exports=java.base/jdk.internal.ref=ALL-UNNAMED -Dfile.encoding=Cp1252 repast.simphony.runtime.RepastMain D:\eclipse-workspace\tubABM_prototype/tubABM_prototype.rs

Host: Intel(R) Core(TM) i7-8550U CPU @ 1.80GHz, 8 cores, 7G,  Windows 10 , 64 bit Build 17134 (10.0.17134.556)
Time: Tue Mar 05 18:59:13 2019 Hora est. Pacífico, Sudamérica elapsed time: 161 seconds (0d 0h 2m 41s)

---------------  T H R E A D  ---------------

Current thread (0x0000026313667800):  JavaThread "AWT-EventQueue-0" [_thread_in_native, id=11032, stack(0x000000dd4cc00000,0x000000dd4cd00000)]

Stack: [0x000000dd4cc00000,0x000000dd4cd00000],  sp=0x000000dd4ccf7790,  free space=989k
Native frames: (J=compiled Java code, j=interpreted, Vv=VM code, C=native code)
C  [ig9icd64.dll+0x3aaa1]

Java frames: (J=compiled Java code, j=interpreted, Vv=VM code)
j  jogamp.opengl.gl4.GL4bcImpl.dispatch_glReadPixels1(IIIIIILjava/lang/Object;IZJ)V+0
j  jogamp.opengl.gl4.GL4bcImpl.glReadPixels(IIIIIILjava/nio/Buffer;)V+123
j  javax.media.opengl.awt.GLJPanel$OffscreenBackend.postGL(Ljava/awt/Graphics;Z)V+1541
J 8512 c1 javax.media.opengl.awt.GLJPanel$Updater.display(Ljavax/media/opengl/GLAutoDrawable;)V (221 bytes) @ 0x00000263016dd3f4 [0x00000263016dcf60+0x0000000000000494]
J 8511 c1 javax.media.opengl.awt.GLJPanel$9.run()V (15 bytes) @ 0x00000263016dcb04 [0x00000263016dca60+0x00000000000000a4]
J 8507 c1 jogamp.opengl.GLDrawableHelper.invokeGLImpl(Ljavax/media/opengl/GLDrawable;Ljavax/media/opengl/GLContext;Ljava/lang/Runnable;Ljava/lang/Runnable;)V (579 bytes) @ 0x00000263016d3f5c [0x00000263016d3180+0x0000000000000ddc]
J 8506 c1 jogamp.opengl.GLDrawableHelper.invokeGL(Ljavax/media/opengl/GLDrawable;Ljavax/media/opengl/GLContext;Ljava/lang/Runnable;Ljava/lang/Runnable;)V (76 bytes) @ 0x00000263016d2b1c [0x00000263016d2a60+0x00000000000000bc]
J 8442 c1 javax.media.opengl.awt.GLJPanel$OffscreenBackend.doPaintComponent(Ljava/awt/Graphics;)V (137 bytes) @ 0x00000263016a6b84 [0x00000263016a6aa0+0x00000000000000e4]
J 8441 c1 javax.media.opengl.awt.GLJPanel.paintComponent(Ljava/awt/Graphics;)V (241 bytes) @ 0x00000263016a4b84 [0x00000263016a3960+0x0000000000001224]
J 8210 c2 javax.swing.JComponent.paint(Ljava/awt/Graphics;)V java.desktop@11 (409 bytes) @ 0x0000026307fa121c [0x0000026307fa0a60+0x00000000000007bc]
J 8565 c1 javax.swing.JComponent.paintChildren(Ljava/awt/Graphics;)V java.desktop@11 (691 bytes) @ 0x00000263016fa10c [0x00000263016f7140+0x0000000000002fcc]
J 8210 c2 javax.swing.JComponent.paint(Ljava/awt/Graphics;)V java.desktop@11 (409 bytes) @ 0x0000026307fa124c [0x0000026307fa0a60+0x00000000000007ec]
J 8565 c1 javax.swing.JComponent.paintChildren(Ljava/awt/Graphics;)V java.desktop@11 (691 bytes) @ 0x00000263016fa10c [0x00000263016f7140+0x0000000000002fcc]
J 8210 c2 javax.swing.JComponent.paint(Ljava/awt/Graphics;)V java.desktop@11 (409 bytes) @ 0x0000026307fa124c [0x0000026307fa0a60+0x00000000000007ec]
J 8565 c1 javax.swing.JComponent.paintChildren(Ljava/awt/Graphics;)V java.desktop@11 (691 bytes) @ 0x00000263016fa10c [0x00000263016f7140+0x0000000000002fcc]
J 8210 c2 javax.swing.JComponent.paint(Ljava/awt/Graphics;)V java.desktop@11 (409 bytes) @ 0x0000026307fa124c [0x0000026307fa0a60+0x00000000000007ec]
J 8565 c1 javax.swing.JComponent.paintChildren(Ljava/awt/Graphics;)V java.desktop@11 (691 bytes) @ 0x00000263016fa10c [0x00000263016f7140+0x0000000000002fcc]
J 8210 c2 javax.swing.JComponent.paint(Ljava/awt/Graphics;)V java.desktop@11 (409 bytes) @ 0x0000026307fa124c [0x0000026307fa0a60+0x00000000000007ec]
J 8565 c1 javax.swing.JComponent.paintChildren(Ljava/awt/Graphics;)V java.desktop@11 (691 bytes) @ 0x00000263016fa10c [0x00000263016f7140+0x0000000000002fcc]
J 8210 c2 javax.swing.JComponent.paint(Ljava/awt/Graphics;)V java.desktop@11 (409 bytes) @ 0x0000026307fa124c [0x0000026307fa0a60+0x00000000000007ec]
J 8565 c1 javax.swing.JComponent.paintChildren(Ljava/awt/Graphics;)V java.desktop@11 (691 bytes) @ 0x00000263016fa10c [0x00000263016f7140+0x0000000000002fcc]
J 8210 c2 javax.swing.JComponent.paint(Ljava/awt/Graphics;)V java.desktop@11 (409 bytes) @ 0x0000026307fa124c [0x0000026307fa0a60+0x00000000000007ec]
J 8565 c1 javax.swing.JComponent.paintChildren(Ljava/awt/Graphics;)V java.desktop@11 (691 bytes) @ 0x00000263016fa10c [0x00000263016f7140+0x0000000000002fcc]
J 8210 c2 javax.swing.JComponent.paint(Ljava/awt/Graphics;)V java.desktop@11 (409 bytes) @ 0x0000026307fa124c [0x0000026307fa0a60+0x00000000000007ec]
J 8565 c1 javax.swing.JComponent.paintChildren(Ljava/awt/Graphics;)V java.desktop@11 (691 bytes) @ 0x00000263016fa10c [0x00000263016f7140+0x0000000000002fcc]
J 8210 c2 javax.swing.JComponent.paint(Ljava/awt/Graphics;)V java.desktop@11 (409 bytes) @ 0x0000026307fa124c [0x0000026307fa0a60+0x00000000000007ec]
J 8565 c1 javax.swing.JComponent.paintChildren(Ljava/awt/Graphics;)V java.desktop@11 (691 bytes) @ 0x00000263016fa10c [0x00000263016f7140+0x0000000000002fcc]
J 8210 c2 javax.swing.JComponent.paint(Ljava/awt/Graphics;)V java.desktop@11 (409 bytes) @ 0x0000026307fa124c [0x0000026307fa0a60+0x00000000000007ec]
J 8565 c1 javax.swing.JComponent.paintChildren(Ljava/awt/Graphics;)V java.desktop@11 (691 bytes) @ 0x00000263016fa10c [0x00000263016f7140+0x0000000000002fcc]
J 8210 c2 javax.swing.JComponent.paint(Ljava/awt/Graphics;)V java.desktop@11 (409 bytes) @ 0x0000026307fa124c [0x0000026307fa0a60+0x00000000000007ec]
J 8565 c1 javax.swing.JComponent.paintChildren(Ljava/awt/Graphics;)V java.desktop@11 (691 bytes) @ 0x00000263016fa10c [0x00000263016f7140+0x0000000000002fcc]
J 8210 c2 javax.swing.JComponent.paint(Ljava/awt/Graphics;)V java.desktop@11 (409 bytes) @ 0x0000026307fa124c [0x0000026307fa0a60+0x00000000000007ec]
J 8266 c1 javax.swing.JLayeredPane.paint(Ljava/awt/Graphics;)V java.desktop@11 (77 bytes) @ 0x0000026301633524 [0x0000026301632be0+0x0000000000000944]
J 8565 c1 javax.swing.JComponent.paintChildren(Ljava/awt/Graphics;)V java.desktop@11 (691 bytes) @ 0x00000263016fa10c [0x00000263016f7140+0x0000000000002fcc]
J 8210 c2 javax.swing.JComponent.paint(Ljava/awt/Graphics;)V java.desktop@11 (409 bytes) @ 0x0000026307fa124c [0x0000026307fa0a60+0x00000000000007ec]
J 8565 c1 javax.swing.JComponent.paintChildren(Ljava/awt/Graphics;)V java.desktop@11 (691 bytes) @ 0x00000263016fa10c [0x00000263016f7140+0x0000000000002fcc]
J 8210 c2 javax.swing.JComponent.paint(Ljava/awt/Graphics;)V java.desktop@11 (409 bytes) @ 0x0000026307fa124c [0x0000026307fa0a60+0x00000000000007ec]
J 8565 c1 javax.swing.JComponent.paintChildren(Ljava/awt/Graphics;)V java.desktop@11 (691 bytes) @ 0x00000263016fa10c [0x00000263016f7140+0x0000000000002fcc]
J 8210 c2 javax.swing.JComponent.paint(Ljava/awt/Graphics;)V java.desktop@11 (409 bytes) @ 0x0000026307fa124c [0x0000026307fa0a60+0x00000000000007ec]
J 8565 c1 javax.swing.JComponent.paintChildren(Ljava/awt/Graphics;)V java.desktop@11 (691 bytes) @ 0x00000263016fa10c [0x00000263016f7140+0x0000000000002fcc]
J 8210 c2 javax.swing.JComponent.paint(Ljava/awt/Graphics;)V java.desktop@11 (409 bytes) @ 0x0000026307fa124c [0x0000026307fa0a60+0x00000000000007ec]
J 8266 c1 javax.swing.JLayeredPane.paint(Ljava/awt/Graphics;)V java.desktop@11 (77 bytes) @ 0x0000026301633524 [0x0000026301632be0+0x0000000000000944]
J 8565 c1 javax.swing.JComponent.paintChildren(Ljava/awt/Graphics;)V java.desktop@11 (691 bytes) @ 0x00000263016fa10c [0x00000263016f7140+0x0000000000002fcc]
J 8210 c2 javax.swing.JComponent.paint(Ljava/awt/Graphics;)V java.desktop@11 (409 bytes) @ 0x0000026307fa124c [0x0000026307fa0a60+0x00000000000007ec]
J 8565 c1 javax.swing.JComponent.paintChildren(Ljava/awt/Graphics;)V java.desktop@11 (691 bytes) @ 0x00000263016fa10c [0x00000263016f7140+0x0000000000002fcc]
J 8210 c2 javax.swing.JComponent.paint(Ljava/awt/Graphics;)V java.desktop@11 (409 bytes) @ 0x0000026307fa124c [0x0000026307fa0a60+0x00000000000007ec]
J 8565 c1 javax.swing.JComponent.paintChildren(Ljava/awt/Graphics;)V java.desktop@11 (691 bytes) @ 0x00000263016fa10c [0x00000263016f7140+0x0000000000002fcc]
J 8210 c2 javax.swing.JComponent.paint(Ljava/awt/Graphics;)V java.desktop@11 (409 bytes) @ 0x0000026307fa124c [0x0000026307fa0a60+0x00000000000007ec]
J 8266 c1 javax.swing.JLayeredPane.paint(Ljava/awt/Graphics;)V java.desktop@11 (77 bytes) @ 0x0000026301633524 [0x0000026301632be0+0x0000000000000944]
J 8565 c1 javax.swing.JComponent.paintChildren(Ljava/awt/Graphics;)V java.desktop@11 (691 bytes) @ 0x00000263016fa10c [0x00000263016f7140+0x0000000000002fcc]
J 6800 c1 javax.swing.JComponent.paintToOffscreen(Ljava/awt/Graphics;IIIIII)V java.desktop@11 (108 bytes) @ 0x00000263013814ac [0x0000026301380e60+0x000000000000064c]
J 6964 c1 javax.swing.RepaintManager$PaintManager.paintDoubleBufferedImpl(Ljavax/swing/JComponent;Ljava/awt/Image;Ljava/awt/Graphics;IIII)V java.desktop@11 (294 bytes) @ 0x00000263013e04a4 [0x00000263013dfdc0+0x00000000000006e4]
J 6976 c1 javax.swing.RepaintManager$PaintManager.paintDoubleBuffered(Ljavax/swing/JComponent;Ljava/awt/Image;Ljava/awt/Graphics;IIII)V java.desktop@11 (50 bytes) @ 0x00000263013ed07c [0x00000263013ece00+0x000000000000027c]
J 6799 c1 javax.swing.RepaintManager$PaintManager.paint(Ljavax/swing/JComponent;Ljavax/swing/JComponent;Ljava/awt/Graphics;IIII)Z java.desktop@11 (201 bytes) @ 0x000002630137f824 [0x000002630137ec00+0x0000000000000c24]
J 6529 c1 javax.swing.RepaintManager.paint(Ljavax/swing/JComponent;Ljavax/swing/JComponent;Ljava/awt/Graphics;IIII)V java.desktop@11 (93 bytes) @ 0x00000263012cbc0c [0x00000263012cb7c0+0x000000000000044c]
J 8210 c2 javax.swing.JComponent.paint(Ljava/awt/Graphics;)V java.desktop@11 (409 bytes) @ 0x0000026307fa1840 [0x0000026307fa0a60+0x0000000000000de0]
j  java.awt.GraphicsCallback$PaintCallback.run(Ljava/awt/Component;Ljava/awt/Graphics;)V+2 java.desktop@11
j  sun.awt.SunGraphicsCallback.runOneComponent(Ljava/awt/Component;Ljava/awt/Rectangle;Ljava/awt/Graphics;Ljava/awt/Shape;I)V+155 java.desktop@11
j  sun.awt.SunGraphicsCallback.runComponents([Ljava/awt/Component;Ljava/awt/Graphics;I)V+157 java.desktop@11
j  java.awt.Container.paint(Ljava/awt/Graphics;)V+58 java.desktop@11
j  java.awt.Window.paint(Ljava/awt/Graphics;)V+68 java.desktop@11
J 6790 c1 javax.swing.RepaintManager$4.run()Ljava/lang/Void; java.desktop@11 (277 bytes) @ 0x000002630137a13c [0x00000263013795a0+0x0000000000000b9c]
J 6512 c1 javax.swing.RepaintManager$4.run()Ljava/lang/Object; java.desktop@11 (5 bytes) @ 0x00000263012c0544 [0x00000263012c04c0+0x0000000000000084]
v  ~StubRoutines::call_stub
J 2019  java.security.AccessController.doPrivileged(Ljava/security/PrivilegedAction;Ljava/security/AccessControlContext;)Ljava/lang/Object; java.base@11 (0 bytes) @ 0x0000026307bd6d26 [0x0000026307bd6cc0+0x0000000000000066]
J 6942 c1 javax.swing.RepaintManager.paintDirtyRegions(Ljava/util/Map;)V java.desktop@11 (196 bytes) @ 0x00000263013d2294 [0x00000263013d0f80+0x0000000000001314]
J 6981 c1 javax.swing.RepaintManager.paintDirtyRegions()V java.desktop@11 (50 bytes) @ 0x00000263013f0a64 [0x00000263013f07e0+0x0000000000000284]
J 6980 c1 javax.swing.RepaintManager.prePaintDirtyRegions()V java.desktop@11 (91 bytes) @ 0x00000263013f006c [0x00000263013efa60+0x000000000000060c]
J 6569 c1 javax.swing.RepaintManager$ProcessingRunnable.run()V java.desktop@11 (41 bytes) @ 0x00000263012e3a84 [0x00000263012e3880+0x0000000000000204]
J 7095 c2 java.awt.EventQueue$4.run()Ljava/lang/Object; java.desktop@11 (5 bytes) @ 0x0000026307e62c68 [0x0000026307e627e0+0x0000000000000488]
v  ~StubRoutines::call_stub
J 2019  java.security.AccessController.doPrivileged(Ljava/security/PrivilegedAction;Ljava/security/AccessControlContext;)Ljava/lang/Object; java.base@11 (0 bytes) @ 0x0000026307bd6d26 [0x0000026307bd6cc0+0x0000000000000066]
J 7066 c2 java.awt.EventQueue.dispatchEvent(Ljava/awt/AWTEvent;)V java.desktop@11 (80 bytes) @ 0x0000026307e581ac [0x0000026307e57c40+0x000000000000056c]
J 7074 c2 java.awt.EventDispatchThread.pumpOneEventForFilters(I)V java.desktop@11 (113 bytes) @ 0x0000026307e5d814 [0x0000026307e5d420+0x00000000000003f4]
j  java.awt.EventDispatchThread.pumpEventsForFilter(ILjava/awt/Conditional;Ljava/awt/EventFilter;)V+35 java.desktop@11
j  java.awt.EventDispatchThread.pumpEventsForHierarchy(ILjava/awt/Conditional;Ljava/awt/Component;)V+11 java.desktop@11
j  java.awt.EventDispatchThread.pumpEvents(ILjava/awt/Conditional;)V+4 java.desktop@11
j  java.awt.EventDispatchThread.pumpEvents(Ljava/awt/Conditional;)V+3 java.desktop@11
j  java.awt.EventDispatchThread.run()V+9 java.desktop@11
v  ~StubRoutines::call_stub

siginfo: EXCEPTION_ACCESS_VIOLATION (0xc0000005), reading address 0x0000000000000000


Register to memory mapping:

RIP=0x00007ffe411eaaa1 ig9icd64.dll
RAX=0x0 is NULL
RBX=0x0000026312dab250 points into unknown readable memory
RCX=0x0000026312dab250 points into unknown readable memory
RDX=0x0000026311090ef0 points into unknown readable memory
RSP=0x000000dd4ccf7790 is pointing into the stack for thread: 0x0000026313667800
RBP=0x00000263137a8180 points into unknown readable memory
RSI=0x0 is NULL
RDI=0x0 is NULL
R8 =0x0000026311090ef0 points into unknown readable memory
R9 =0x0000000000008000 is an unknown value
R10=0x0 is NULL
R11=0x000000dd4ccf77c8 is pointing into the stack for thread: 0x0000026313667800
R12=0x00000263137a83a8 points into unknown readable memory
R13=0x00000263137a8180 points into unknown readable memory
R14=0x0 is NULL
R15=0x000000000000007f is an unknown value


Registers:
RAX=0x0000000000000000, RBX=0x0000026312dab250, RCX=0x0000026312dab250, RDX=0x0000026311090ef0
RSP=0x000000dd4ccf7790, RBP=0x00000263137a8180, RSI=0x0000000000000000, RDI=0x0000000000000000
R8 =0x0000026311090ef0, R9 =0x0000000000008000, R10=0x0000000000000000, R11=0x000000dd4ccf77c8
R12=0x00000263137a83a8, R13=0x00000263137a8180, R14=0x0000000000000000, R15=0x000000000000007f
RIP=0x00007ffe411eaaa1, EFLAGS=0x0000000000010202

Top of Stack: (sp=0x000000dd4ccf7790)
0x000000dd4ccf7790:   00000000000000e8 0000000000000000
0x000000dd4ccf77a0:   000000000000007f 0000000000000000
0x000000dd4ccf77b0:   fffffffffffffffe 0000000000000000
0x000000dd4ccf77c0:   0000000000000000 00007ffe411d0478
0x000000dd4ccf77d0:   0000026311090ef0 0000026312dab250
0x000000dd4ccf77e0:   0000000000000000 0000000000000001
0x000000dd4ccf77f0:   0000000000000001 0000000000000000
0x000000dd4ccf7800:   0000000000000000 0000000000000000
0x000000dd4ccf7810:   0000000000000000 00000263146b4130
0x000000dd4ccf7820:   0000000000000000 00000263146b3d50
0x000000dd4ccf7830:   0000000000000000 00007ffe413bdbb3
0x000000dd4ccf7840:   0000026311b706d0 00000263137a8180
0x000000dd4ccf7850:   0000000000000000 00000263137a82b8
0x000000dd4ccf7860:   000000dd4ccf7880 00000263137a8180
0x000000dd4ccf7870:   00000263146b3fe8 00007ffe413bc1ae
0x000000dd4ccf7880:   00105c3d00000000 0000000000000008 

Instructions: (pc=0x00007ffe411eaaa1)
0x00007ffe411eaa81:   90 48 8b 85 c8 02 00 00 48 89 86 88 04 00 00 48
0x00007ffe411eaa91:   89 b5 c8 02 00 00 ff 85 d0 02 00 00 48 8b 76 08
0x00007ffe411eaaa1:   48 8b 06 48 8b b8 b0 02 00 00 48 8b cf ff 15 4c
0x00007ffe411eaab1:   7b 96 00 48 8b ce ff d7 48 01 85 d8 02 00 00 48 



---------------  P R O C E S S  ---------------

Threads class SMR info:
_java_thread_list=0x0000026311ac8fb0, length=16, elements={
0x000002637eb15000, 0x000002637eb1d800, 0x000002637eb2b000, 0x000002637eb2c800,
0x000002637eb2f800, 0x000002637f45c000, 0x000002637f45d800, 0x000002637f607000,
0x000002637f7b4000, 0x0000026312117800, 0x000002631125c800, 0x0000026311fbc800,
0x0000026313667800, 0x0000026313169000, 0x00000263704d2800, 0x000002631526a800
}

Java Threads: ( => current thread )
  0x000002637eb15000 JavaThread "Reference Handler" daemon [_thread_blocked, id=3540, stack(0x000000dd4b900000,0x000000dd4ba00000)]
  0x000002637eb1d800 JavaThread "Finalizer" daemon [_thread_blocked, id=13736, stack(0x000000dd4ba00000,0x000000dd4bb00000)]
  0x000002637eb2b000 JavaThread "Signal Dispatcher" daemon [_thread_blocked, id=13596, stack(0x000000dd4bb00000,0x000000dd4bc00000)]
  0x000002637eb2c800 JavaThread "Attach Listener" daemon [_thread_blocked, id=7996, stack(0x000000dd4bc00000,0x000000dd4bd00000)]
  0x000002637eb2f800 JavaThread "C2 CompilerThread0" daemon [_thread_in_native, id=12888, stack(0x000000dd4bd00000,0x000000dd4be00000)]
  0x000002637f45c000 JavaThread "C1 CompilerThread0" daemon [_thread_blocked, id=13812, stack(0x000000dd4be00000,0x000000dd4bf00000)]
  0x000002637f45d800 JavaThread "Sweeper thread" daemon [_thread_blocked, id=14076, stack(0x000000dd4bf00000,0x000000dd4c000000)]
  0x000002637f607000 JavaThread "Common-Cleaner" daemon [_thread_blocked, id=11268, stack(0x000000dd4c000000,0x000000dd4c100000)]
  0x000002637f7b4000 JavaThread "Service Thread" daemon [_thread_blocked, id=11148, stack(0x000000dd4c200000,0x000000dd4c300000)]
  0x0000026312117800 JavaThread "Java2D Disposer" daemon [_thread_blocked, id=3816, stack(0x000000dd4c700000,0x000000dd4c800000)]
  0x000002631125c800 JavaThread "AWT-Shutdown" [_thread_blocked, id=8384, stack(0x000000dd4c800000,0x000000dd4c900000)]
  0x0000026311fbc800 JavaThread "AWT-Windows" daemon [_thread_in_native, id=8620, stack(0x000000dd4c900000,0x000000dd4ca00000)]
=>0x0000026313667800 JavaThread "AWT-EventQueue-0" [_thread_in_native, id=11032, stack(0x000000dd4cc00000,0x000000dd4cd00000)]
  0x0000026313169000 JavaThread "TimerQueue" daemon [_thread_blocked, id=4512, stack(0x000000dd4cd00000,0x000000dd4ce00000)]
  0x00000263704d2800 JavaThread "DestroyJavaVM" [_thread_blocked, id=4916, stack(0x000000dd4b200000,0x000000dd4b300000)]
  0x000002631526a800 JavaThread "AWT-EventQueue-0-SharedResourceRunner" daemon [_thread_blocked, id=11600, stack(0x000000dd4c100000,0x000000dd4c200000)]

Other Threads:
  0x000002637eaf3800 VMThread "VM Thread" [stack: 0x000000dd4b800000,0x000000dd4b900000] [id=7232]
  0x0000026311030800 WatcherThread [stack: 0x000000dd4c300000,0x000000dd4c400000] [id=1084]
  0x00000263704e7800 GCTaskThread "GC Thread#0" [stack: 0x000000dd4b300000,0x000000dd4b400000] [id=7016]
  0x000002631121b800 GCTaskThread "GC Thread#1" [stack: 0x000000dd4c400000,0x000000dd4c500000] [id=3156]
  0x00000263110d3800 GCTaskThread "GC Thread#2" [stack: 0x000000dd4c500000,0x000000dd4c600000] [id=2124]
  0x000002631251a000 GCTaskThread "GC Thread#3" [stack: 0x000000dd4cb00000,0x000000dd4cc00000] [id=3264]
  0x000002631223c000 GCTaskThread "GC Thread#4" [stack: 0x000000dd4ce00000,0x000000dd4cf00000] [id=2536]
  0x0000026313231000 GCTaskThread "GC Thread#5" [stack: 0x000000dd4cf00000,0x000000dd4d000000] [id=11052]
  0x0000026311c4b000 GCTaskThread "GC Thread#6" [stack: 0x000000dd4d600000,0x000000dd4d700000] [id=13252]
  0x00000263135c4000 GCTaskThread "GC Thread#7" [stack: 0x000000dd4d700000,0x000000dd4d800000] [id=8684]
  0x0000026370518800 ConcurrentGCThread "G1 Main Marker" [stack: 0x000000dd4b400000,0x000000dd4b500000] [id=1784]
  0x000002637051f000 ConcurrentGCThread "G1 Conc#0" [stack: 0x000000dd4b500000,0x000000dd4b600000] [id=4244]
  0x000002631196d000 ConcurrentGCThread "G1 Conc#1" [stack: 0x000000dd4d000000,0x000000dd4d100000] [id=7116]
  0x000002637e95a800 ConcurrentGCThread "G1 Refine#0" [stack: 0x000000dd4b600000,0x000000dd4b700000] [id=5016]
  0x00000263705ad800 ConcurrentGCThread "G1 Young RemSet Sampling" [stack: 0x000000dd4b700000,0x000000dd4b800000] [id=1012]

Threads with active compile tasks:
C2 CompilerThread09280   !   4       sun.java2d.SunGraphics2D::drawImage (150 bytes)

VM state:not at safepoint (normal execution)

VM Mutex/Monitor currently owned by a thread: None

Heap address: 0x0000000082400000, size: 2012 MB, Compressed Oops mode: 32-bit
Narrow klass base: 0x0000000000000000, Narrow klass shift: 3
Compressed class space size: 1073741824 Address: 0x0000000100000000

Heap:
 garbage-first heap   total 187392K, used 55804K [0x0000000082400000, 0x0000000100000000)
  region size 1024K, 7 young (7168K), 4 survivors (4096K)
 Metaspace       used 64878K, capacity 65810K, committed 66044K, reserved 1107968K
  class space    used 7480K, capacity 7831K, committed 7932K, reserved 1048576K
Heap Regions: E=young(eden), S=young(survivor), O=old, HS=humongous(starts), HC=humongous(continues), CS=collection set, F=free, A=archive, TAMS=top-at-mark-start (previous, next)
|   0|0x0000000082400000, 0x0000000082500000, 0x0000000082500000|100%| O|  |TAMS 0x0000000082500000, 0x0000000082400000| Untracked 
|   1|0x0000000082500000, 0x0000000082600000, 0x0000000082600000|100%| O|  |TAMS 0x0000000082600000, 0x0000000082500000| Untracked 
|   2|0x0000000082600000, 0x0000000082700000, 0x0000000082700000|100%| O|  |TAMS 0x0000000082700000, 0x0000000082600000| Untracked 
|   3|0x0000000082700000, 0x0000000082800000, 0x0000000082800000|100%| O|  |TAMS 0x0000000082800000, 0x0000000082700000| Untracked 
|   4|0x0000000082800000, 0x0000000082900000, 0x0000000082900000|100%| O|  |TAMS 0x0000000082900000, 0x0000000082800000| Untracked 
|   5|0x0000000082900000, 0x0000000082a00000, 0x0000000082a00000|100%|HS|  |TAMS 0x0000000082a00000, 0x0000000082900000| Complete 
|   6|0x0000000082a00000, 0x0000000082b00000, 0x0000000082b00000|100%|HC|  |TAMS 0x0000000082b00000, 0x0000000082a00000| Complete 
|   7|0x0000000082b00000, 0x0000000082c00000, 0x0000000082c00000|100%|HC|  |TAMS 0x0000000082c00000, 0x0000000082b00000| Complete 
|   8|0x0000000082c00000, 0x0000000082d00000, 0x0000000082d00000|100%| O|  |TAMS 0x0000000082d00000, 0x0000000082c00000| Untracked 
|   9|0x0000000082d00000, 0x0000000082e00000, 0x0000000082e00000|100%| O|  |TAMS 0x0000000082e00000, 0x0000000082d00000| Untracked 
|  10|0x0000000082e00000, 0x0000000082f00000, 0x0000000082f00000|100%| O|  |TAMS 0x0000000082f00000, 0x0000000082e00000| Untracked 
|  11|0x0000000082f00000, 0x0000000083000000, 0x0000000083000000|100%| O|  |TAMS 0x0000000083000000, 0x0000000082f00000| Untracked 
|  12|0x0000000083000000, 0x0000000083100000, 0x0000000083100000|100%| O|  |TAMS 0x0000000083100000, 0x0000000083000000| Untracked 
|  13|0x0000000083100000, 0x0000000083200000, 0x0000000083200000|100%|HS|  |TAMS 0x0000000083200000, 0x0000000083100000| Complete 
|  14|0x0000000083200000, 0x0000000083300000, 0x0000000083300000|100%|HC|  |TAMS 0x0000000083300000, 0x0000000083200000| Complete 
|  15|0x0000000083300000, 0x0000000083400000, 0x0000000083400000|100%|HC|  |TAMS 0x0000000083400000, 0x0000000083300000| Complete 
|  16|0x0000000083400000, 0x0000000083500000, 0x0000000083500000|100%|HC|  |TAMS 0x0000000083500000, 0x0000000083400000| Complete 
|  17|0x0000000083500000, 0x0000000083600000, 0x0000000083600000|100%| O|  |TAMS 0x0000000083600000, 0x0000000083500000| Untracked 
|  18|0x0000000083600000, 0x0000000083700000, 0x0000000083700000|100%| O|  |TAMS 0x0000000083700000, 0x0000000083600000| Untracked 
|  19|0x0000000083700000, 0x0000000083800000, 0x0000000083800000|100%| O|  |TAMS 0x0000000083800000, 0x0000000083700000| Untracked 
|  20|0x0000000083800000, 0x0000000083900000, 0x0000000083900000|100%| O|  |TAMS 0x0000000083900000, 0x0000000083800000| Untracked 
|  21|0x0000000083900000, 0x0000000083a00000, 0x0000000083a00000|100%| O|  |TAMS 0x0000000083a00000, 0x0000000083900000| Untracked 
|  22|0x0000000083a00000, 0x0000000083b00000, 0x0000000083b00000|100%| O|  |TAMS 0x0000000083b00000, 0x0000000083a00000| Untracked 
|  23|0x0000000083b00000, 0x0000000083c00000, 0x0000000083c00000|100%| O|  |TAMS 0x0000000083c00000, 0x0000000083b00000| Untracked 
|  24|0x0000000083c00000, 0x0000000083d00000, 0x0000000083d00000|100%|HS|  |TAMS 0x0000000083c00000, 0x0000000083c00000| Complete 
|  25|0x0000000083d00000, 0x0000000083e00000, 0x0000000083e00000|100%| O|  |TAMS 0x0000000083d00000, 0x0000000083d00000| Untracked 
|  26|0x0000000083e00000, 0x0000000083f00000, 0x0000000083f00000|100%| O|  |TAMS 0x0000000083e00000, 0x0000000083e00000| Untracked 
|  27|0x0000000083f00000, 0x0000000084000000, 0x0000000084000000|100%| O|  |TAMS 0x0000000083f00000, 0x0000000083f00000| Untracked 
|  28|0x0000000084000000, 0x0000000084100000, 0x0000000084100000|100%| O|  |TAMS 0x0000000084000000, 0x0000000084000000| Untracked 
|  29|0x0000000084100000, 0x0000000084200000, 0x0000000084200000|100%| O|  |TAMS 0x0000000084200000, 0x0000000084100000| Untracked 
|  30|0x0000000084200000, 0x0000000084300000, 0x0000000084300000|100%| O|  |TAMS 0x0000000084300000, 0x0000000084200000| Untracked 
|  31|0x0000000084300000, 0x0000000084400000, 0x0000000084400000|100%| O|  |TAMS 0x00000000843a2600, 0x0000000084300000| Untracked 
|  32|0x0000000084400000, 0x0000000084500000, 0x0000000084500000|100%|HS|  |TAMS 0x0000000084400000, 0x0000000084400000| Complete 
|  33|0x0000000084500000, 0x0000000084600000, 0x0000000084600000|100%|HC|  |TAMS 0x0000000084500000, 0x0000000084500000| Complete 
|  34|0x0000000084600000, 0x0000000084700000, 0x0000000084700000|100%|HC|  |TAMS 0x0000000084600000, 0x0000000084600000| Complete 
|  35|0x0000000084700000, 0x0000000084800000, 0x0000000084800000|100%| O|  |TAMS 0x0000000084700000, 0x0000000084700000| Untracked 
|  36|0x0000000084800000, 0x0000000084900000, 0x0000000084900000|100%| O|  |TAMS 0x0000000084800000, 0x0000000084800000| Untracked 
|  37|0x0000000084900000, 0x0000000084a00000, 0x0000000084a00000|100%| O|  |TAMS 0x0000000084900000, 0x0000000084900000| Untracked 
|  38|0x0000000084a00000, 0x0000000084b00000, 0x0000000084b00000|100%| O|  |TAMS 0x0000000084a00000, 0x0000000084a00000| Untracked 
|  39|0x0000000084b00000, 0x0000000084c00000, 0x0000000084c00000|100%| O|  |TAMS 0x0000000084b00000, 0x0000000084b00000| Untracked 
|  40|0x0000000084c00000, 0x0000000084c6ae00, 0x0000000084d00000| 41%| O|  |TAMS 0x0000000084c00000, 0x0000000084c00000| Untracked 
|  41|0x0000000084d00000, 0x0000000084e00000, 0x0000000084e00000|100%|HS|  |TAMS 0x0000000084d00000, 0x0000000084d00000| Complete 
|  42|0x0000000084e00000, 0x0000000084f00000, 0x0000000084f00000|100%|HS|  |TAMS 0x0000000084e00000, 0x0000000084e00000| Complete 
|  43|0x0000000084f00000, 0x0000000085000000, 0x0000000085000000|100%|HS|  |TAMS 0x0000000084f00000, 0x0000000084f00000| Complete 
|  44|0x0000000085000000, 0x0000000085100000, 0x0000000085100000|100%|HC|  |TAMS 0x0000000085000000, 0x0000000085000000| Complete 
|  45|0x0000000085100000, 0x0000000085200000, 0x0000000085200000|100%|HC|  |TAMS 0x0000000085100000, 0x0000000085100000| Complete 
|  46|0x0000000085200000, 0x0000000085300000, 0x0000000085300000|100%|HC|  |TAMS 0x0000000085200000, 0x0000000085200000| Complete 
|  47|0x0000000085300000, 0x0000000085400000, 0x0000000085400000|100%|HS|  |TAMS 0x0000000085300000, 0x0000000085300000| Complete 
|  48|0x0000000085400000, 0x0000000085500000, 0x0000000085500000|100%|HC|  |TAMS 0x0000000085400000, 0x0000000085400000| Complete 
|  49|0x0000000085500000, 0x0000000085600000, 0x0000000085600000|100%|HC|  |TAMS 0x0000000085500000, 0x0000000085500000| Complete 
|  50|0x0000000085600000, 0x0000000085700000, 0x0000000085700000|100%|HC|  |TAMS 0x0000000085600000, 0x0000000085600000| Complete 
|  51|0x0000000085700000, 0x0000000085700000, 0x0000000085800000|  0%| F|  |TAMS 0x0000000085700000, 0x0000000085700000| Untracked 
|  52|0x0000000085800000, 0x0000000085800000, 0x0000000085900000|  0%| F|  |TAMS 0x0000000085800000, 0x0000000085800000| Untracked 
|  53|0x0000000085900000, 0x0000000085900000, 0x0000000085a00000|  0%| F|  |TAMS 0x0000000085900000, 0x0000000085900000| Untracked 
|  54|0x0000000085a00000, 0x0000000085a00000, 0x0000000085b00000|  0%| F|  |TAMS 0x0000000085a00000, 0x0000000085a00000| Untracked 
|  55|0x0000000085b00000, 0x0000000085b00000, 0x0000000085c00000|  0%| F|  |TAMS 0x0000000085b00000, 0x0000000085b00000| Untracked 
|  56|0x0000000085c00000, 0x0000000085c00000, 0x0000000085d00000|  0%| F|  |TAMS 0x0000000085c00000, 0x0000000085c00000| Untracked 
|  57|0x0000000085d00000, 0x0000000085d00000, 0x0000000085e00000|  0%| F|  |TAMS 0x0000000085d00000, 0x0000000085d00000| Untracked 
|  58|0x0000000085e00000, 0x0000000085e00000, 0x0000000085f00000|  0%| F|  |TAMS 0x0000000085e00000, 0x0000000085e00000| Untracked 
|  59|0x0000000085f00000, 0x0000000085f00000, 0x0000000086000000|  0%| F|  |TAMS 0x0000000085f00000, 0x0000000085f00000| Untracked 
|  60|0x0000000086000000, 0x0000000086000000, 0x0000000086100000|  0%| F|  |TAMS 0x0000000086000000, 0x0000000086000000| Untracked 
|  61|0x0000000086100000, 0x0000000086100000, 0x0000000086200000|  0%| F|  |TAMS 0x0000000086100000, 0x0000000086100000| Untracked 
|  62|0x0000000086200000, 0x0000000086200000, 0x0000000086300000|  0%| F|  |TAMS 0x0000000086200000, 0x0000000086200000| Untracked 
|  63|0x0000000086300000, 0x0000000086300000, 0x0000000086400000|  0%| F|  |TAMS 0x0000000086300000, 0x0000000086300000| Untracked 
|  64|0x0000000086400000, 0x0000000086400000, 0x0000000086500000|  0%| F|  |TAMS 0x0000000086400000, 0x0000000086400000| Untracked 
|  65|0x0000000086500000, 0x0000000086500000, 0x0000000086600000|  0%| F|  |TAMS 0x0000000086500000, 0x0000000086500000| Untracked 
|  66|0x0000000086600000, 0x0000000086600000, 0x0000000086700000|  0%| F|  |TAMS 0x0000000086600000, 0x0000000086600000| Untracked 
|  67|0x0000000086700000, 0x0000000086700000, 0x0000000086800000|  0%| F|  |TAMS 0x0000000086700000, 0x0000000086700000| Untracked 
|  68|0x0000000086800000, 0x0000000086800000, 0x0000000086900000|  0%| F|  |TAMS 0x0000000086800000, 0x0000000086800000| Untracked 
|  69|0x0000000086900000, 0x0000000086900000, 0x0000000086a00000|  0%| F|  |TAMS 0x0000000086900000, 0x0000000086900000| Untracked 
|  70|0x0000000086a00000, 0x0000000086a14330, 0x0000000086b00000|  7%| S|CS|TAMS 0x0000000086a00000, 0x0000000086a00000| Complete 
|  71|0x0000000086b00000, 0x0000000086c00000, 0x0000000086c00000|100%| S|CS|TAMS 0x0000000086b00000, 0x0000000086b00000| Complete 
|  72|0x0000000086c00000, 0x0000000086d00000, 0x0000000086d00000|100%| S|CS|TAMS 0x0000000086c00000, 0x0000000086c00000| Complete 
|  73|0x0000000086d00000, 0x0000000086e00000, 0x0000000086e00000|100%| S|CS|TAMS 0x0000000086d00000, 0x0000000086d00000| Complete 
|  74|0x0000000086e00000, 0x0000000086e00000, 0x0000000086f00000|  0%| F|  |TAMS 0x0000000086e00000, 0x0000000086e00000| Untracked 
|  75|0x0000000086f00000, 0x0000000086f00000, 0x0000000087000000|  0%| F|  |TAMS 0x0000000086f00000, 0x0000000086f00000| Untracked 
|  76|0x0000000087000000, 0x0000000087000000, 0x0000000087100000|  0%| F|  |TAMS 0x0000000087000000, 0x0000000087000000| Untracked 
|  77|0x0000000087100000, 0x0000000087100000, 0x0000000087200000|  0%| F|  |TAMS 0x0000000087100000, 0x0000000087100000| Untracked 
|  78|0x0000000087200000, 0x0000000087200000, 0x0000000087300000|  0%| F|  |TAMS 0x0000000087200000, 0x0000000087200000| Untracked 
|  79|0x0000000087300000, 0x0000000087300000, 0x0000000087400000|  0%| F|  |TAMS 0x0000000087300000, 0x0000000087300000| Untracked 
|  80|0x0000000087400000, 0x0000000087400000, 0x0000000087500000|  0%| F|  |TAMS 0x0000000087400000, 0x0000000087400000| Untracked 
|  81|0x0000000087500000, 0x0000000087500000, 0x0000000087600000|  0%| F|  |TAMS 0x0000000087500000, 0x0000000087500000| Untracked 
|  82|0x0000000087600000, 0x0000000087600000, 0x0000000087700000|  0%| F|  |TAMS 0x0000000087600000, 0x0000000087600000| Untracked 
|  83|0x0000000087700000, 0x0000000087700000, 0x0000000087800000|  0%| F|  |TAMS 0x0000000087700000, 0x0000000087700000| Untracked 
|  84|0x0000000087800000, 0x0000000087800000, 0x0000000087900000|  0%| F|  |TAMS 0x0000000087800000, 0x0000000087800000| Untracked 
|  85|0x0000000087900000, 0x0000000087900000, 0x0000000087a00000|  0%| F|  |TAMS 0x0000000087900000, 0x0000000087900000| Untracked 
|  86|0x0000000087a00000, 0x0000000087a00000, 0x0000000087b00000|  0%| F|  |TAMS 0x0000000087a00000, 0x0000000087a00000| Untracked 
|  87|0x0000000087b00000, 0x0000000087b00000, 0x0000000087c00000|  0%| F|  |TAMS 0x0000000087b00000, 0x0000000087b00000| Untracked 
|  88|0x0000000087c00000, 0x0000000087c00000, 0x0000000087d00000|  0%| F|  |TAMS 0x0000000087c00000, 0x0000000087c00000| Untracked 
|  89|0x0000000087d00000, 0x0000000087d00000, 0x0000000087e00000|  0%| F|  |TAMS 0x0000000087d00000, 0x0000000087d00000| Untracked 
|  90|0x0000000087e00000, 0x0000000087e00000, 0x0000000087f00000|  0%| F|  |TAMS 0x0000000087e00000, 0x0000000087e00000| Untracked 
|  91|0x0000000087f00000, 0x0000000087f00000, 0x0000000088000000|  0%| F|  |TAMS 0x0000000087f00000, 0x0000000087f00000| Untracked 
|  92|0x0000000088000000, 0x0000000088000000, 0x0000000088100000|  0%| F|  |TAMS 0x0000000088000000, 0x0000000088000000| Untracked 
|  93|0x0000000088100000, 0x0000000088100000, 0x0000000088200000|  0%| F|  |TAMS 0x0000000088100000, 0x0000000088100000| Untracked 
|  94|0x0000000088200000, 0x0000000088200000, 0x0000000088300000|  0%| F|  |TAMS 0x0000000088200000, 0x0000000088200000| Untracked 
|  95|0x0000000088300000, 0x0000000088300000, 0x0000000088400000|  0%| F|  |TAMS 0x0000000088300000, 0x0000000088300000| Untracked 
|  96|0x0000000088400000, 0x0000000088400000, 0x0000000088500000|  0%| F|  |TAMS 0x0000000088400000, 0x0000000088400000| Untracked 
|  97|0x0000000088500000, 0x0000000088500000, 0x0000000088600000|  0%| F|  |TAMS 0x0000000088500000, 0x0000000088500000| Untracked 
|  98|0x0000000088600000, 0x0000000088600000, 0x0000000088700000|  0%| F|  |TAMS 0x0000000088600000, 0x0000000088600000| Untracked 
|  99|0x0000000088700000, 0x0000000088700000, 0x0000000088800000|  0%| F|  |TAMS 0x0000000088700000, 0x0000000088700000| Untracked 
| 100|0x0000000088800000, 0x0000000088800000, 0x0000000088900000|  0%| F|  |TAMS 0x0000000088800000, 0x0000000088800000| Untracked 
| 101|0x0000000088900000, 0x0000000088900000, 0x0000000088a00000|  0%| F|  |TAMS 0x0000000088900000, 0x0000000088900000| Untracked 
| 102|0x0000000088a00000, 0x0000000088a00000, 0x0000000088b00000|  0%| F|  |TAMS 0x0000000088a00000, 0x0000000088a00000| Untracked 
| 103|0x0000000088b00000, 0x0000000088b00000, 0x0000000088c00000|  0%| F|  |TAMS 0x0000000088b00000, 0x0000000088b00000| Untracked 
| 104|0x0000000088c00000, 0x0000000088c00000, 0x0000000088d00000|  0%| F|  |TAMS 0x0000000088c00000, 0x0000000088c00000| Untracked 
| 105|0x0000000088d00000, 0x0000000088d00000, 0x0000000088e00000|  0%| F|  |TAMS 0x0000000088d00000, 0x0000000088d00000| Untracked 
| 106|0x0000000088e00000, 0x0000000088e00000, 0x0000000088f00000|  0%| F|  |TAMS 0x0000000088e00000, 0x0000000088e00000| Untracked 
| 107|0x0000000088f00000, 0x0000000088f00000, 0x0000000089000000|  0%| F|  |TAMS 0x0000000088f00000, 0x0000000088f00000| Untracked 
| 108|0x0000000089000000, 0x0000000089000000, 0x0000000089100000|  0%| F|  |TAMS 0x0000000089000000, 0x0000000089000000| Untracked 
| 109|0x0000000089100000, 0x0000000089100000, 0x0000000089200000|  0%| F|  |TAMS 0x0000000089100000, 0x0000000089100000| Untracked 
| 110|0x0000000089200000, 0x0000000089200000, 0x0000000089300000|  0%| F|  |TAMS 0x0000000089200000, 0x0000000089200000| Untracked 
| 111|0x0000000089300000, 0x0000000089300000, 0x0000000089400000|  0%| F|  |TAMS 0x0000000089300000, 0x0000000089300000| Untracked 
| 112|0x0000000089400000, 0x0000000089400000, 0x0000000089500000|  0%| F|  |TAMS 0x0000000089400000, 0x0000000089400000| Untracked 
| 113|0x0000000089500000, 0x0000000089500000, 0x0000000089600000|  0%| F|  |TAMS 0x0000000089500000, 0x0000000089500000| Untracked 
| 114|0x0000000089600000, 0x0000000089600000, 0x0000000089700000|  0%| F|  |TAMS 0x0000000089600000, 0x0000000089600000| Untracked 
| 115|0x0000000089700000, 0x0000000089700000, 0x0000000089800000|  0%| F|  |TAMS 0x0000000089700000, 0x0000000089700000| Untracked 
| 116|0x0000000089800000, 0x0000000089800000, 0x0000000089900000|  0%| F|  |TAMS 0x0000000089800000, 0x0000000089800000| Untracked 
| 117|0x0000000089900000, 0x0000000089900000, 0x0000000089a00000|  0%| F|  |TAMS 0x0000000089900000, 0x0000000089900000| Untracked 
| 118|0x0000000089a00000, 0x0000000089a00000, 0x0000000089b00000|  0%| F|  |TAMS 0x0000000089a00000, 0x0000000089a00000| Untracked 
| 119|0x0000000089b00000, 0x0000000089b00000, 0x0000000089c00000|  0%| F|  |TAMS 0x0000000089b00000, 0x0000000089b00000| Untracked 
| 120|0x0000000089c00000, 0x0000000089c00000, 0x0000000089d00000|  0%| F|  |TAMS 0x0000000089c00000, 0x0000000089c00000| Untracked 
| 121|0x0000000089d00000, 0x0000000089d00000, 0x0000000089e00000|  0%| F|  |TAMS 0x0000000089d00000, 0x0000000089d00000| Untracked 
| 122|0x0000000089e00000, 0x0000000089e00000, 0x0000000089f00000|  0%| F|  |TAMS 0x0000000089e00000, 0x0000000089e00000| Untracked 
| 123|0x0000000089f00000, 0x0000000089f00000, 0x000000008a000000|  0%| F|  |TAMS 0x0000000089f00000, 0x0000000089f00000| Untracked 
| 124|0x000000008a000000, 0x000000008a000000, 0x000000008a100000|  0%| F|  |TAMS 0x000000008a000000, 0x000000008a000000| Untracked 
| 125|0x000000008a100000, 0x000000008a100000, 0x000000008a200000|  0%| F|  |TAMS 0x000000008a100000, 0x000000008a100000| Untracked 
| 126|0x000000008a200000, 0x000000008a200000, 0x000000008a300000|  0%| F|  |TAMS 0x000000008a200000, 0x000000008a200000| Untracked 
| 127|0x000000008a300000, 0x000000008a300000, 0x000000008a400000|  0%| F|  |TAMS 0x000000008a300000, 0x000000008a300000| Untracked 
| 128|0x000000008a400000, 0x000000008a400000, 0x000000008a500000|  0%| F|  |TAMS 0x000000008a400000, 0x000000008a400000| Untracked 
| 129|0x000000008a500000, 0x000000008a500000, 0x000000008a600000|  0%| F|  |TAMS 0x000000008a500000, 0x000000008a500000| Untracked 
| 130|0x000000008a600000, 0x000000008a600000, 0x000000008a700000|  0%| F|  |TAMS 0x000000008a600000, 0x000000008a600000| Untracked 
| 131|0x000000008a700000, 0x000000008a700000, 0x000000008a800000|  0%| F|  |TAMS 0x000000008a700000, 0x000000008a700000| Untracked 
| 132|0x000000008a800000, 0x000000008a800000, 0x000000008a900000|  0%| F|  |TAMS 0x000000008a800000, 0x000000008a800000| Untracked 
| 133|0x000000008a900000, 0x000000008a900000, 0x000000008aa00000|  0%| F|  |TAMS 0x000000008a900000, 0x000000008a900000| Untracked 
| 134|0x000000008aa00000, 0x000000008aa00000, 0x000000008ab00000|  0%| F|  |TAMS 0x000000008aa00000, 0x000000008aa00000| Untracked 
| 135|0x000000008ab00000, 0x000000008ab00000, 0x000000008ac00000|  0%| F|  |TAMS 0x000000008ab00000, 0x000000008ab00000| Untracked 
| 136|0x000000008ac00000, 0x000000008ac00000, 0x000000008ad00000|  0%| F|  |TAMS 0x000000008ac00000, 0x000000008ac00000| Untracked 
| 137|0x000000008ad00000, 0x000000008ad00000, 0x000000008ae00000|  0%| F|  |TAMS 0x000000008ad00000, 0x000000008ad00000| Untracked 
| 138|0x000000008ae00000, 0x000000008ae00000, 0x000000008af00000|  0%| F|  |TAMS 0x000000008ae00000, 0x000000008ae00000| Untracked 
| 139|0x000000008af00000, 0x000000008af00000, 0x000000008b000000|  0%| F|  |TAMS 0x000000008af00000, 0x000000008af00000| Untracked 
| 140|0x000000008b000000, 0x000000008b000000, 0x000000008b100000|  0%| F|  |TAMS 0x000000008b000000, 0x000000008b000000| Untracked 
| 141|0x000000008b100000, 0x000000008b100000, 0x000000008b200000|  0%| F|  |TAMS 0x000000008b100000, 0x000000008b100000| Untracked 
| 142|0x000000008b200000, 0x000000008b200000, 0x000000008b300000|  0%| F|  |TAMS 0x000000008b200000, 0x000000008b200000| Untracked 
| 143|0x000000008b300000, 0x000000008b300000, 0x000000008b400000|  0%| F|  |TAMS 0x000000008b300000, 0x000000008b300000| Untracked 
| 144|0x000000008b400000, 0x000000008b400000, 0x000000008b500000|  0%| F|  |TAMS 0x000000008b400000, 0x000000008b400000| Untracked 
| 145|0x000000008b500000, 0x000000008b500000, 0x000000008b600000|  0%| F|  |TAMS 0x000000008b500000, 0x000000008b500000| Untracked 
| 146|0x000000008b600000, 0x000000008b600000, 0x000000008b700000|  0%| F|  |TAMS 0x000000008b600000, 0x000000008b600000| Untracked 
| 147|0x000000008b700000, 0x000000008b700000, 0x000000008b800000|  0%| F|  |TAMS 0x000000008b700000, 0x000000008b700000| Untracked 
| 148|0x000000008b800000, 0x000000008b800000, 0x000000008b900000|  0%| F|  |TAMS 0x000000008b800000, 0x000000008b800000| Untracked 
| 149|0x000000008b900000, 0x000000008b900000, 0x000000008ba00000|  0%| F|  |TAMS 0x000000008b900000, 0x000000008b900000| Untracked 
| 150|0x000000008ba00000, 0x000000008ba00000, 0x000000008bb00000|  0%| F|  |TAMS 0x000000008ba00000, 0x000000008ba00000| Untracked 
| 151|0x000000008bb00000, 0x000000008bb00000, 0x000000008bc00000|  0%| F|  |TAMS 0x000000008bb00000, 0x000000008bb00000| Untracked 
| 152|0x000000008bc00000, 0x000000008bc00000, 0x000000008bd00000|  0%| F|  |TAMS 0x000000008bc00000, 0x000000008bc00000| Untracked 
| 153|0x000000008bd00000, 0x000000008bd00000, 0x000000008be00000|  0%| F|  |TAMS 0x000000008bd00000, 0x000000008bd00000| Untracked 
| 154|0x000000008be00000, 0x000000008be00000, 0x000000008bf00000|  0%| F|  |TAMS 0x000000008be00000, 0x000000008be00000| Untracked 
| 155|0x000000008bf00000, 0x000000008bf00000, 0x000000008c000000|  0%| F|  |TAMS 0x000000008bf00000, 0x000000008bf00000| Untracked 
| 156|0x000000008c000000, 0x000000008c000000, 0x000000008c100000|  0%| F|  |TAMS 0x000000008c000000, 0x000000008c000000| Untracked 
| 157|0x000000008c100000, 0x000000008c100000, 0x000000008c200000|  0%| F|  |TAMS 0x000000008c100000, 0x000000008c100000| Untracked 
| 158|0x000000008c200000, 0x000000008c200000, 0x000000008c300000|  0%| F|  |TAMS 0x000000008c200000, 0x000000008c200000| Untracked 
| 159|0x000000008c300000, 0x000000008c300000, 0x000000008c400000|  0%| F|  |TAMS 0x000000008c300000, 0x000000008c300000| Untracked 
| 160|0x000000008c400000, 0x000000008c400000, 0x000000008c500000|  0%| F|  |TAMS 0x000000008c400000, 0x000000008c400000| Untracked 
| 161|0x000000008c500000, 0x000000008c500000, 0x000000008c600000|  0%| F|  |TAMS 0x000000008c500000, 0x000000008c500000| Untracked 
| 162|0x000000008c600000, 0x000000008c600000, 0x000000008c700000|  0%| F|  |TAMS 0x000000008c600000, 0x000000008c600000| Untracked 
| 163|0x000000008c700000, 0x000000008c700000, 0x000000008c800000|  0%| F|  |TAMS 0x000000008c700000, 0x000000008c700000| Untracked 
| 164|0x000000008c800000, 0x000000008c800000, 0x000000008c900000|  0%| F|  |TAMS 0x000000008c800000, 0x000000008c800000| Untracked 
| 165|0x000000008c900000, 0x000000008c900000, 0x000000008ca00000|  0%| F|  |TAMS 0x000000008c900000, 0x000000008c900000| Untracked 
| 166|0x000000008ca00000, 0x000000008ca00000, 0x000000008cb00000|  0%| F|  |TAMS 0x000000008ca00000, 0x000000008ca00000| Untracked 
| 167|0x000000008cb00000, 0x000000008cb00000, 0x000000008cc00000|  0%| F|  |TAMS 0x000000008cb00000, 0x000000008cb00000| Untracked 
| 168|0x000000008cc00000, 0x000000008cc00000, 0x000000008cd00000|  0%| F|  |TAMS 0x000000008cc00000, 0x000000008cc00000| Untracked 
| 169|0x000000008cd00000, 0x000000008cd00000, 0x000000008ce00000|  0%| F|  |TAMS 0x000000008cd00000, 0x000000008cd00000| Untracked 
| 170|0x000000008ce00000, 0x000000008ce00000, 0x000000008cf00000|  0%| F|  |TAMS 0x000000008ce00000, 0x000000008ce00000| Untracked 
| 171|0x000000008cf00000, 0x000000008cf00000, 0x000000008d000000|  0%| F|  |TAMS 0x000000008cf00000, 0x000000008cf00000| Untracked 
| 172|0x000000008d000000, 0x000000008d000000, 0x000000008d100000|  0%| F|  |TAMS 0x000000008d000000, 0x000000008d000000| Untracked 
| 173|0x000000008d100000, 0x000000008d100000, 0x000000008d200000|  0%| F|  |TAMS 0x000000008d100000, 0x000000008d100000| Untracked 
| 174|0x000000008d200000, 0x000000008d200000, 0x000000008d300000|  0%| F|  |TAMS 0x000000008d200000, 0x000000008d200000| Untracked 
| 175|0x000000008d300000, 0x000000008d300000, 0x000000008d400000|  0%| F|  |TAMS 0x000000008d300000, 0x000000008d300000| Untracked 
| 176|0x000000008d400000, 0x000000008d400000, 0x000000008d500000|  0%| F|  |TAMS 0x000000008d400000, 0x000000008d400000| Untracked 
| 177|0x000000008d500000, 0x000000008d500000, 0x000000008d600000|  0%| F|  |TAMS 0x000000008d500000, 0x000000008d500000| Untracked 
| 178|0x000000008d600000, 0x000000008d600000, 0x000000008d700000|  0%| F|  |TAMS 0x000000008d600000, 0x000000008d600000| Untracked 
| 179|0x000000008d700000, 0x000000008d700000, 0x000000008d800000|  0%| F|  |TAMS 0x000000008d700000, 0x000000008d700000| Untracked 
| 180|0x000000008d800000, 0x000000008d89a268, 0x000000008d900000| 60%| E|  |TAMS 0x000000008d800000, 0x000000008d800000| Complete 
| 181|0x000000008d900000, 0x000000008da00000, 0x000000008da00000|100%| E|  |TAMS 0x000000008d900000, 0x000000008d900000| Complete 
| 182|0x000000008da00000, 0x000000008db00000, 0x000000008db00000|100%| E|CS|TAMS 0x000000008da00000, 0x000000008da00000| Complete 

Card table byte_map: [0x0000026379970000,0x0000026379d60000] _byte_map_base: 0x000002637955e000

Marking Bits (Prev, Next): (CMBitMap*) 0x000002637050eed0, (CMBitMap*) 0x000002637050ee98
 Prev Bits: [0x000002637c0c0000, 0x000002637e030000)
 Next Bits: [0x000002637a150000, 0x000002637c0c0000)

Polling page: 0x000002636eab0000

Metaspace:

Usage:
  Non-class:     56.62 MB capacity,    56.05 MB ( 99%) used,   461.08 KB ( <1%) free+waste,   120.88 KB ( <1%) overhead. 
      Class:      7.65 MB capacity,     7.31 MB ( 96%) used,   295.97 KB (  4%) free+waste,    54.06 KB ( <1%) overhead. 
       Both:     64.27 MB capacity,    63.36 MB ( 99%) used,   757.05 KB (  1%) free+waste,   174.94 KB ( <1%) overhead. 

Virtual space:
  Non-class space:       58.00 MB reserved,      56.75 MB ( 98%) committed 
      Class space:        1.00 GB reserved,       7.75 MB ( <1%) committed 
             Both:        1.06 GB reserved,      64.50 MB (  6%) committed 

Chunk freelists:
   Non-Class:  640 bytes
       Class:  1.13 KB
        Both:  1.75 KB

CodeHeap 'non-profiled nmethods': size=120000Kb used=5925Kb max_used=5925Kb free=114074Kb
 bounds [0x0000026307ad0000, 0x00000263080a0000, 0x000002630f000000]
CodeHeap 'profiled nmethods': size=120000Kb used=18701Kb max_used=18701Kb free=101298Kb
 bounds [0x00000263005a0000, 0x0000026301800000, 0x0000026307ad0000]
CodeHeap 'non-nmethods': size=5760Kb used=1644Kb max_used=1698Kb free=4115Kb
 bounds [0x0000026300000000, 0x0000026300270000, 0x00000263005a0000]
 total_blobs=13294 nmethods=8177 adapters=1139
 compilation: enabled
              stopped_count=0, restarted_count=0
 full_count=0

Compilation events (10 events):
Event: 161.455 Thread 0x000002637f45c000 9277       3       javax.swing.DefaultListSelectionModel::isSelectedIndex (29 bytes)
Event: 161.455 Thread 0x000002637f45c000 nmethod 9277 0x00000263017f2210 code [0x00000263017f23e0, 0x00000263017f2630]
Event: 161.463 Thread 0x000002637eb2f800 nmethod 9270 0x0000026308098510 code [0x0000026308098780, 0x0000026308099150]
Event: 161.463 Thread 0x000002637eb2f800 9273       4       sun.java2d.SurfaceData::pixelFor (13 bytes)
Event: 161.465 Thread 0x000002637eb2f800 nmethod 9273 0x0000026308099a10 code [0x0000026308099ba0, 0x0000026308099c78]
Event: 161.529 Thread 0x000002637f45c000 9278       3       sun.java2d.SunGraphics2D::validateColor (101 bytes)
Event: 161.530 Thread 0x000002637f45c000 nmethod 9278 0x00000263017f2710 code [0x00000263017f2900, 0x00000263017f2e60]
Event: 161.540 Thread 0x000002637f45c000 9279       1       javax.swing.plaf.basic.BasicTreeUI::getHorizontalLegBuffer (2 bytes)
Event: 161.540 Thread 0x000002637f45c000 nmethod 9279 0x0000026308099d90 code [0x0000026308099f40, 0x000002630809a058]
Event: 161.542 Thread 0x000002637eb2f800 9280   !   4       sun.java2d.SunGraphics2D::drawImage (150 bytes)

GC Heap History (10 events):
Event: 89.368 GC heap before
{Heap before GC invocations=117 (full 0):
 garbage-first heap   total 187392K, used 152009K [0x0000000082400000, 0x0000000100000000)
  region size 1024K, 110 young (112640K), 1 survivors (1024K)
 Metaspace       used 64204K, capacity 65018K, committed 65276K, reserved 1105920K
  class space    used 7444K, capacity 7779K, committed 7932K, reserved 1048576K
}
Event: 89.369 GC heap after
{Heap after GC invocations=118 (full 0):
 garbage-first heap   total 187392K, used 41439K [0x0000000082400000, 0x0000000100000000)
  region size 1024K, 1 young (1024K), 1 survivors (1024K)
 Metaspace       used 64204K, capacity 65018K, committed 65276K, reserved 1105920K
  class space    used 7444K, capacity 7779K, committed 7932K, reserved 1048576K
}
Event: 89.605 GC heap before
{Heap before GC invocations=118 (full 0):
 garbage-first heap   total 187392K, used 152031K [0x0000000082400000, 0x0000000100000000)
  region size 1024K, 109 young (111616K), 1 survivors (1024K)
 Metaspace       used 64204K, capacity 65018K, committed 65276K, reserved 1105920K
  class space    used 7444K, capacity 7779K, committed 7932K, reserved 1048576K
}
Event: 89.605 GC heap after
{Heap after GC invocations=119 (full 0):
 garbage-first heap   total 187392K, used 41433K [0x0000000082400000, 0x0000000100000000)
  region size 1024K, 1 young (1024K), 1 survivors (1024K)
 Metaspace       used 64204K, capacity 65018K, committed 65276K, reserved 1105920K
  class space    used 7444K, capacity 7779K, committed 7932K, reserved 1048576K
}
Event: 89.848 GC heap before
{Heap before GC invocations=119 (full 0):
 garbage-first heap   total 187392K, used 152025K [0x0000000082400000, 0x0000000100000000)
  region size 1024K, 109 young (111616K), 1 survivors (1024K)
 Metaspace       used 64204K, capacity 65018K, committed 65276K, reserved 1105920K
  class space    used 7444K, capacity 7779K, committed 7932K, reserved 1048576K
}
Event: 89.849 GC heap after
{Heap after GC invocations=120 (full 0):
 garbage-first heap   total 187392K, used 41439K [0x0000000082400000, 0x0000000100000000)
  region size 1024K, 1 young (1024K), 1 survivors (1024K)
 Metaspace       used 64204K, capacity 65018K, committed 65276K, reserved 1105920K
  class space    used 7444K, capacity 7779K, committed 7932K, reserved 1048576K
}
Event: 90.083 GC heap before
{Heap before GC invocations=120 (full 0):
 garbage-first heap   total 187392K, used 152031K [0x0000000082400000, 0x0000000100000000)
  region size 1024K, 109 young (111616K), 1 survivors (1024K)
 Metaspace       used 64204K, capacity 65018K, committed 65276K, reserved 1105920K
  class space    used 7444K, capacity 7779K, committed 7932K, reserved 1048576K
}
Event: 90.084 GC heap after
{Heap after GC invocations=121 (full 0):
 garbage-first heap   total 187392K, used 41440K [0x0000000082400000, 0x0000000100000000)
  region size 1024K, 1 young (1024K), 1 survivors (1024K)
 Metaspace       used 64204K, capacity 65018K, committed 65276K, reserved 1105920K
  class space    used 7444K, capacity 7779K, committed 7932K, reserved 1048576K
}
Event: 148.151 GC heap before
{Heap before GC invocations=121 (full 0):
 garbage-first heap   total 187392K, used 153056K [0x0000000082400000, 0x0000000100000000)
  region size 1024K, 109 young (111616K), 1 survivors (1024K)
 Metaspace       used 64844K, capacity 65739K, committed 66044K, reserved 1107968K
  class space    used 7479K, capacity 7830K, committed 7932K, reserved 1048576K
}
Event: 148.154 GC heap after
{Heap after GC invocations=122 (full 0):
 garbage-first heap   total 187392K, used 46588K [0x0000000082400000, 0x0000000100000000)
  region size 1024K, 4 young (4096K), 4 survivors (4096K)
 Metaspace       used 64844K, capacity 65739K, committed 66044K, reserved 1107968K
  class space    used 7479K, capacity 7830K, committed 7932K, reserved 1048576K
}

Deoptimization events (10 events):
Event: 147.850 Thread 0x0000026313667800 Uncommon trap: reason=predicate action=maybe_recompile pc=0x0000026307f63258 method=java.util.concurrent.CopyOnWriteArrayList.indexOfRange(Ljava/lang/Object;[Ljava/lang/Object;II)I @ 38 c2
Event: 148.807 Thread 0x000002631526b000 Uncommon trap: reason=bimorphic_or_optimized_type_check action=maybe_recompile pc=0x0000026307f53724 method=net.sf.cglib.reflect.FastMethod.invoke(Ljava/lang/Object;[Ljava/lang/Object;)Ljava/lang/Object; @ 10 c2
Event: 161.433 Thread 0x0000026313667800 Uncommon trap: reason=unstable_if action=reinterpret pc=0x0000026307dcff48 method=java.awt.Component.updateSelfGraphicsData(Ljava/awt/GraphicsConfiguration;)Z @ 25 c2
Event: 161.433 Thread 0x0000026313667800 Uncommon trap: reason=unstable_if action=reinterpret pc=0x0000026307dd5c3c method=java.awt.Component.updateSelfGraphicsData(Ljava/awt/GraphicsConfiguration;)Z @ 25 c2
Event: 161.434 Thread 0x0000026313667800 Uncommon trap: reason=unstable_if action=reinterpret pc=0x0000026307e172f8 method=sun.swing.SwingUtilities2.isScaleChanged(Ljava/lang/String;Ljava/lang/Object;Ljava/lang/Object;)Z @ 65 c2
Event: 161.434 Thread 0x0000026313667800 Uncommon trap: reason=unstable_if action=reinterpret pc=0x0000026307e83e04 method=sun.swing.SwingUtilities2.isScaleChanged(Ljava/lang/String;Ljava/lang/Object;Ljava/lang/Object;)Z @ 65 c2
Event: 161.434 Thread 0x0000026313667800 Uncommon trap: reason=unstable_if action=reinterpret pc=0x000002630805f76c method=sun.swing.SwingUtilities2.isScaleChanged(Ljava/lang/String;Ljava/lang/Object;Ljava/lang/Object;)Z @ 65 c2
Event: 161.441 Thread 0x0000026313667800 Uncommon trap: reason=unstable_if action=reinterpret pc=0x0000026307e51cec method=sun.java2d.SunGraphics2D.validateColor()V @ 38 c2
Event: 161.441 Thread 0x0000026313667800 Uncommon trap: reason=unstable_if action=reinterpret pc=0x0000026307e42bec method=sun.java2d.SunGraphics2D.validateColor()V @ 38 c2
Event: 161.459 Thread 0x0000026313667800 Uncommon trap: reason=null_check action=make_not_entrant pc=0x0000026307ee9ec0 method=sun.java2d.SurfaceData.getSourceSurfaceData(Ljava/awt/Image;ILsun/java2d/loops/CompositeType;Ljava/awt/Color;)Lsun/java2d/SurfaceData; @ 38 c2

Classes redefined (0 events):
No events

Internal exceptions (10 events):
Event: 58.187 Thread 0x0000026313667800 Exception <a 'java/lang/NoSuchMethodError'{0x0000000088ccd220}: java.lang.invoke.Invokers$Holder.linkToTargetMethod(JLjava/lang/Object;)Ljava/lang/Object;> (0x0000000088ccd220) thrown at [c:/cygwin64/tmp/tmp.TXOXHbs2hY/workspace/build/src/src/hotspot/shar
Event: 58.189 Thread 0x0000026313667800 Exception <a 'java/lang/NoSuchMethodError'{0x0000000088cd5b28}: java.lang.invoke.DirectMethodHandle$Holder.invokeStaticInit(Ljava/lang/Object;Ljava/lang/Object;JLjava/lang/Object;)Ljava/lang/Object;> (0x0000000088cd5b28) thrown at [c:/cygwin64/tmp/tmp.TXO
Event: 58.190 Thread 0x0000026313667800 Exception <a 'java/lang/NoSuchMethodError'{0x0000000088cdbc78}: java.lang.invoke.DirectMethodHandle$Holder.invokeStatic(Ljava/lang/Object;Ljava/lang/Object;J)Ljava/lang/Object;> (0x0000000088cdbc78) thrown at [c:/cygwin64/tmp/tmp.TXOXHbs2hY/workspace/buil
Event: 58.190 Thread 0x0000026313667800 Exception <a 'java/lang/NoSuchMethodError'{0x0000000088ce21f0}: java.lang.invoke.Invokers$Holder.linkToTargetMethod(Ljava/lang/Object;JLjava/lang/Object;)Ljava/lang/Object;> (0x0000000088ce21f0) thrown at [c:/cygwin64/tmp/tmp.TXOXHbs2hY/workspace/build/sr
Event: 58.273 Thread 0x0000026313667800 Implicit null exception at 0x0000026307db2876 to 0x0000026307db3676
Event: 59.360 Thread 0x0000026313667800 Exception <a 'java/lang/InterruptedException'{0x000000008b35dc68}> (0x000000008b35dc68) thrown at [c:/cygwin64/tmp/tmp.TXOXHbs2hY/workspace/build/src/src/hotspot/share/runtime/objectMonitor.cpp, line 1635]
Event: 130.692 Thread 0x0000026313667800 Implicit null exception at 0x0000026307f1652b to 0x0000026307f19d72
Event: 130.692 Thread 0x0000026313667800 Implicit null exception at 0x0000026307f85cbc to 0x0000026307f897b2
Event: 161.459 Thread 0x0000026313667800 Exception <a 'sun/java2d/InvalidPipeException'{0x000000008d860af0}: GDIWindowSurfaceData: bounds changed> (0x000000008d860af0) thrown at [c:/cygwin64/tmp/tmp.TXOXHbs2hY/workspace/build/src/src/hotspot/share/prims/jni.cpp, line 636]
Event: 161.459 Thread 0x0000026313667800 Exception <a 'sun/java2d/InvalidPipeException'{0x000000008d8610b8}: GDIWindowSurfaceData: bounds changed> (0x000000008d8610b8) thrown at [c:/cygwin64/tmp/tmp.TXOXHbs2hY/workspace/build/src/src/hotspot/share/prims/jni.cpp, line 636]

Events (10 events):
Event: 161.435 loading class javax/swing/RepaintManager$DisplayChangedRunnable done
Event: 161.441 Thread 0x0000026313667800 Uncommon trap: trap_request=0xffffff4d fr.pc=0x0000026307e51cec relative=0x000000000000020c
Event: 161.441 Thread 0x0000026313667800 DEOPT PACKING pc=0x0000026307e51cec sp=0x000000dd4ccfb090
Event: 161.441 Thread 0x0000026313667800 DEOPT UNPACKING pc=0x0000026300028f2f sp=0x000000dd4ccfb008 mode 2
Event: 161.441 Thread 0x0000026313667800 Uncommon trap: trap_request=0xffffff4d fr.pc=0x0000026307e42bec relative=0x000000000000046c
Event: 161.441 Thread 0x0000026313667800 DEOPT PACKING pc=0x0000026307e42bec sp=0x000000dd4ccfb0e0
Event: 161.441 Thread 0x0000026313667800 DEOPT UNPACKING pc=0x0000026300028f2f sp=0x000000dd4ccfb030 mode 2
Event: 161.459 Thread 0x0000026313667800 Uncommon trap: trap_request=0xfffffff4 fr.pc=0x0000026307ee9ec0 relative=0x00000000000038e0
Event: 161.459 Thread 0x0000026313667800 DEOPT PACKING pc=0x0000026307ee9ec0 sp=0x000000dd4ccfb200
Event: 161.459 Thread 0x0000026313667800 DEOPT UNPACKING pc=0x0000026300028f2f sp=0x000000dd4ccfaf48 mode 2


Dynamic libraries:
0x00007ff642960000 - 0x00007ff64299c000 	C:\Users\david\RepastSimphony-2.6\eclipse\jdk11\bin\javaw.exe
0x00007ffe80d10000 - 0x00007ffe80ef1000 	C:\WINDOWS\SYSTEM32\ntdll.dll
0x00007ffe7e4e0000 - 0x00007ffe7e592000 	C:\WINDOWS\System32\KERNEL32.DLL
0x00007ffe7df20000 - 0x00007ffe7e193000 	C:\WINDOWS\System32\KERNELBASE.dll
0x00007ffe7e5b0000 - 0x00007ffe7e740000 	C:\WINDOWS\System32\USER32.dll
0x00007ffe7df00000 - 0x00007ffe7df20000 	C:\WINDOWS\System32\win32u.dll
0x00007ffe7f660000 - 0x00007ffe7f688000 	C:\WINDOWS\System32\GDI32.dll
0x00007ffe7d0e0000 - 0x00007ffe7d272000 	C:\WINDOWS\System32\gdi32full.dll
0x00007ffe7d400000 - 0x00007ffe7d49f000 	C:\WINDOWS\System32\msvcp_win.dll
0x00007ffe7d300000 - 0x00007ffe7d3fa000 	C:\WINDOWS\System32\ucrtbase.dll
0x00007ffe6b500000 - 0x00007ffe6b769000 	C:\WINDOWS\WinSxS\amd64_microsoft.windows.common-controls_6595b64144ccf1df_6.0.17134.590_none_fb3d9bff3069e088\COMCTL32.dll
0x00007ffe7e270000 - 0x00007ffe7e30e000 	C:\WINDOWS\System32\msvcrt.dll
0x00007ffe7edf0000 - 0x00007ffe7f112000 	C:\WINDOWS\System32\combase.dll
0x00007ffe7e3b0000 - 0x00007ffe7e4d4000 	C:\WINDOWS\System32\RPCRT4.dll
0x00007ffe7d280000 - 0x00007ffe7d2fa000 	C:\WINDOWS\System32\bcryptPrimitives.dll
0x00007ffe7f570000 - 0x00007ffe7f59d000 	C:\WINDOWS\System32\IMM32.DLL
0x00007ffe67bb0000 - 0x00007ffe67c9f000 	C:\Users\david\RepastSimphony-2.6\eclipse\jdk11\bin\msvcr120.dll
0x00007ffe67890000 - 0x00007ffe67936000 	C:\Users\david\RepastSimphony-2.6\eclipse\jdk11\bin\msvcp120.dll
0x00007ffe39b40000 - 0x00007ffe3a613000 	C:\Users\david\RepastSimphony-2.6\eclipse\jdk11\bin\server\jvm.dll
0x00007ffe80ad0000 - 0x00007ffe80b71000 	C:\WINDOWS\System32\ADVAPI32.dll
0x00007ffe7f5a0000 - 0x00007ffe7f5fb000 	C:\WINDOWS\System32\sechost.dll
0x00007ffe7e3a0000 - 0x00007ffe7e3a8000 	C:\WINDOWS\System32\PSAPI.DLL
0x00007ffe69880000 - 0x00007ffe69889000 	C:\WINDOWS\SYSTEM32\WSOCK32.dll
0x00007ffe7ebe0000 - 0x00007ffe7ec4c000 	C:\WINDOWS\System32\WS2_32.dll
0x00007ffe77d40000 - 0x00007ffe77d63000 	C:\WINDOWS\SYSTEM32\WINMM.dll
0x00007ffe76000000 - 0x00007ffe7600a000 	C:\WINDOWS\SYSTEM32\VERSION.dll
0x00007ffe77d10000 - 0x00007ffe77d3a000 	C:\WINDOWS\SYSTEM32\winmmbase.dll
0x00007ffe7d4a0000 - 0x00007ffe7d4e9000 	C:\WINDOWS\System32\cfgmgr32.dll
0x00007ffe6ef30000 - 0x00007ffe6ef3f000 	C:\Users\david\RepastSimphony-2.6\eclipse\jdk11\bin\verify.dll
0x00007ffe7ba90000 - 0x00007ffe7bc59000 	C:\WINDOWS\SYSTEM32\DBGHELP.DLL
0x00007ffe6b9b0000 - 0x00007ffe6b9d9000 	C:\WINDOWS\SYSTEM32\dbgcore.DLL
0x00007ffe68110000 - 0x00007ffe68136000 	C:\Users\david\RepastSimphony-2.6\eclipse\jdk11\bin\java.dll
0x00007ffe680f0000 - 0x00007ffe68106000 	C:\Users\david\RepastSimphony-2.6\eclipse\jdk11\bin\zip.dll
0x00007ffe681f0000 - 0x00007ffe681fa000 	C:\Users\david\RepastSimphony-2.6\eclipse\jdk11\bin\jimage.dll
0x00007ffe7f690000 - 0x00007ffe80ad0000 	C:\WINDOWS\System32\SHELL32.dll
0x00007ffe7e930000 - 0x00007ffe7e9d9000 	C:\WINDOWS\System32\shcore.dll
0x00007ffe7d790000 - 0x00007ffe7de9d000 	C:\WINDOWS\System32\windows.storage.dll
0x00007ffe7e830000 - 0x00007ffe7e881000 	C:\WINDOWS\System32\shlwapi.dll
0x00007ffe7d0a0000 - 0x00007ffe7d0b1000 	C:\WINDOWS\System32\kernel.appcore.dll
0x00007ffe7d020000 - 0x00007ffe7d03f000 	C:\WINDOWS\System32\profapi.dll
0x00007ffe7d050000 - 0x00007ffe7d09c000 	C:\WINDOWS\System32\powrprof.dll
0x00007ffe7d040000 - 0x00007ffe7d04a000 	C:\WINDOWS\System32\FLTLIB.DLL
0x00007ffe680d0000 - 0x00007ffe680e8000 	C:\Users\david\RepastSimphony-2.6\eclipse\jdk11\bin\net.dll
0x00007ffe79ed0000 - 0x00007ffe79fad000 	C:\WINDOWS\SYSTEM32\WINHTTP.dll
0x00007ffe7c8a0000 - 0x00007ffe7c906000 	C:\WINDOWS\system32\mswsock.dll
0x00007ffe680b0000 - 0x00007ffe680c1000 	C:\Users\david\RepastSimphony-2.6\eclipse\jdk11\bin\nio.dll
0x00007ffe54cd0000 - 0x00007ffe54e6a000 	C:\Users\david\RepastSimphony-2.6\eclipse\jdk11\bin\awt.dll
0x00007ffe7e1a0000 - 0x00007ffe7e263000 	C:\WINDOWS\System32\OLEAUT32.dll
0x00007ffe786c0000 - 0x00007ffe78c87000 	C:\WINDOWS\SYSTEM32\d2d1.dll
0x00007ffe79430000 - 0x00007ffe794bb000 	C:\WINDOWS\SYSTEM32\apphelp.dll
0x00007ffe79340000 - 0x00007ffe793d8000 	C:\WINDOWS\system32\uxtheme.dll
0x00007ffe7ea40000 - 0x00007ffe7ebb3000 	C:\WINDOWS\System32\MSCTF.dll
0x00007ffe7b440000 - 0x00007ffe7b469000 	C:\WINDOWS\system32\dwmapi.dll
0x00007ffe80b80000 - 0x00007ffe80cd1000 	C:\WINDOWS\System32\ole32.dll
0x00007ffe66840000 - 0x00007ffe66960000 	C:\WINDOWS\system32\opengl32.dll
0x00007ffe66810000 - 0x00007ffe6683c000 	C:\WINDOWS\SYSTEM32\GLU32.dll
0x00007ffe77e40000 - 0x00007ffe77e48000 	C:\Users\david\RepastSimphony-2.6\eclipse\jdk11\bin\prefs.dll
0x00007ffe6a7f0000 - 0x00007ffe6a870000 	C:\Users\david\RepastSimphony-2.6\eclipse\jdk11\bin\freetype.dll
0x00007ffe6a780000 - 0x00007ffe6a7ee000 	C:\Users\david\RepastSimphony-2.6\eclipse\jdk11\bin\fontmanager.dll
0x00007ffe7ca50000 - 0x00007ffe7ca67000 	C:\WINDOWS\SYSTEM32\CRYPTSP.dll
0x00007ffe7c480000 - 0x00007ffe7c4b3000 	C:\WINDOWS\system32\rsaenh.dll
0x00007ffe7cb80000 - 0x00007ffe7cba5000 	C:\WINDOWS\SYSTEM32\bcrypt.dll
0x00007ffe7cf20000 - 0x00007ffe7cf48000 	C:\WINDOWS\SYSTEM32\USERENV.dll
0x00007ffe7ca70000 - 0x00007ffe7ca7b000 	C:\WINDOWS\SYSTEM32\CRYPTBASE.dll
0x00007ffe7c620000 - 0x00007ffe7c658000 	C:\WINDOWS\SYSTEM32\IPHLPAPI.DLL
0x00007ffe7e310000 - 0x00007ffe7e318000 	C:\WINDOWS\System32\NSI.dll
0x00007ffe74060000 - 0x00007ffe74076000 	C:\WINDOWS\SYSTEM32\dhcpcsvc6.DLL
0x00007ffe74040000 - 0x00007ffe7405a000 	C:\WINDOWS\SYSTEM32\dhcpcsvc.DLL
0x00007ffe6e1b0000 - 0x00007ffe6e257000 	C:\WINDOWS\WinSxS\amd64_microsoft.windows.common-controls_6595b64144ccf1df_5.82.17134.590_none_f957b8d13090c3f9\comctl32.dll
0x00007ffe7e890000 - 0x00007ffe7e930000 	C:\WINDOWS\System32\clbcatq.dll
0x00007ffe773c0000 - 0x00007ffe7756e000 	C:\WINDOWS\SYSTEM32\WindowsCodecs.dll
0x00007ffe5e200000 - 0x00007ffe5e258000 	C:\WINDOWS\system32\dataexchange.dll
0x00007ffe78c90000 - 0x00007ffe78e2c000 	C:\WINDOWS\system32\dcomp.dll
0x00007ffe783b0000 - 0x00007ffe786bb000 	C:\WINDOWS\system32\d3d11.dll
0x00007ffe7bde0000 - 0x00007ffe7be9b000 	C:\WINDOWS\system32\dxgi.dll
0x00007ffe7b520000 - 0x00007ffe7b6d8000 	C:\WINDOWS\system32\twinapi.appcore.dll
0x00007ffe7b6e0000 - 0x00007ffe7b709000 	C:\WINDOWS\system32\RMCLIENT.dll
0x00007ffe65e50000 - 0x00007ffe65ee6000 	C:\WINDOWS\System32\TextInputFramework.dll
0x00007ffe76970000 - 0x00007ffe76c8e000 	C:\WINDOWS\System32\CoreUIComponents.dll
0x00007ffe79170000 - 0x00007ffe7924a000 	C:\WINDOWS\System32\CoreMessaging.dll
0x00007ffe7c110000 - 0x00007ffe7c141000 	C:\WINDOWS\SYSTEM32\ntmarta.dll
0x00007ffe79720000 - 0x00007ffe7986d000 	C:\WINDOWS\SYSTEM32\wintypes.dll
0x00007ffe70ad0000 - 0x00007ffe70adb000 	C:\Users\david\RepastSimphony-2.6\eclipse\jdk11\bin\sunmscapi.dll
0x00007ffe7d4f0000 - 0x00007ffe7d6d2000 	C:\WINDOWS\System32\CRYPT32.dll
0x00007ffe7d0c0000 - 0x00007ffe7d0d2000 	C:\WINDOWS\System32\MSASN1.dll
0x00007ffe7cb50000 - 0x00007ffe7cb76000 	C:\WINDOWS\SYSTEM32\ncrypt.dll
0x00007ffe7cb10000 - 0x00007ffe7cb46000 	C:\WINDOWS\SYSTEM32\NTASN1.dll
0x00007ffe68320000 - 0x00007ffe68345000 	C:\Users\david\RepastSimphony-2.6\eclipse\jdk11\bin\sunec.dll
0x00007ffe7c660000 - 0x00007ffe7c71e000 	C:\WINDOWS\SYSTEM32\DNSAPI.dll
0x00007ffe70d50000 - 0x00007ffe70d5a000 	C:\Windows\System32\rasadhlp.dll
0x00007ffe713d0000 - 0x00007ffe71442000 	C:\WINDOWS\System32\fwpuclnt.dll
0x00000000637c0000 - 0x00000000637cd000 	C:\Users\david\AppData\Local\Temp\jogamp_0000\file_cache\jln7464580075047681359\jln1678418213902060684\gluegen-rt.dll
0x00007ffe70870000 - 0x00007ffe70877000 	C:\Users\david\RepastSimphony-2.6\eclipse\jdk11\bin\jawt.dll
0x000000006a440000 - 0x000000006a44d000 	C:\Users\david\AppData\Local\Temp\jogamp_0000\file_cache\jln7464580075047681359\jln1678418213902060684\nativewindow_awt.dll
0x000000006c100000 - 0x000000006c10f000 	C:\Users\david\AppData\Local\Temp\jogamp_0000\file_cache\jln7464580075047681359\jln1678418213902060684\nativewindow_win32.dll
0x0000000064500000 - 0x00000000645a2000 	C:\Users\david\AppData\Local\Temp\jogamp_0000\file_cache\jln7464580075047681359\jln1678418213902060684\jogl_desktop.dll
0x00007ffe6ca20000 - 0x00007ffe6ca2a000 	C:\Users\david\Anaconda3\Library\bin\libEGL.dll
0x00007ffe6eb10000 - 0x00007ffe6eb26000 	C:\WINDOWS\SYSTEM32\VCRUNTIME140.dll
0x00007ffe4dc20000 - 0x00007ffe4de90000 	C:\Users\david\Anaconda3\Library\bin\libGLESv2.dll
0x00007ffe61230000 - 0x00007ffe613c7000 	C:\WINDOWS\SYSTEM32\d3d9.dll
0x00007ffe6e260000 - 0x00007ffe6e306000 	C:\WINDOWS\SYSTEM32\MSVCP140.dll
0x0000000064340000 - 0x000000006438e000 	C:\Users\david\AppData\Local\Temp\jogamp_0000\file_cache\jln7464580075047681359\jln1678418213902060684\jogl_mobile.dll
0x00007ffe411b0000 - 0x00007ffe4205b000 	C:\WINDOWS\System32\DriverStore\FileRepository\ki130490.inf_amd64_80d4f3da6419b9a4\ig9icd64.dll
0x00007ffe545f0000 - 0x00007ffe546d3000 	C:\WINDOWS\System32\DriverStore\FileRepository\ki130490.inf_amd64_80d4f3da6419b9a4\igdgmm64.dll
0x00007ffe71f50000 - 0x00007ffe73ecc000 	C:\WINDOWS\System32\DriverStore\FileRepository\ki130490.inf_amd64_80d4f3da6419b9a4\igc64.dll

dbghelp: loaded successfully - version: 4.0.5 - missing functions: none
symbol engine: initialized successfully - sym options: 0x614 - pdb path: .;C:\Users\david\RepastSimphony-2.6\eclipse\jdk11\bin;C:\WINDOWS\SYSTEM32;C:\WINDOWS\WinSxS\amd64_microsoft.windows.common-controls_6595b64144ccf1df_6.0.17134.590_none_fb3d9bff3069e088;C:\Users\david\RepastSimphony-2.6\eclipse\jdk11\bin\server;C:\WINDOWS\WinSxS\amd64_microsoft.windows.common-controls_6595b64144ccf1df_5.82.17134.590_none_f957b8d13090c3f9;C:\Users\david\AppData\Local\Temp\jogamp_0000\file_cache\jln7464580075047681359\jln1678418213902060684;C:\Users\david\Anaconda3\Library\bin;C:\WINDOWS\System32\DriverStore\FileRepository\ki130490.inf_amd64_80d4f3da6419b9a4

VM Arguments:
jvm_args: -XX:+IgnoreUnrecognizedVMOptions --add-modules=ALL-SYSTEM --add-exports=java.base/jdk.internal.ref=ALL-UNNAMED -Dfile.encoding=Cp1252 
java_command: repast.simphony.runtime.RepastMain D:\eclipse-workspace\tubABM_prototype/tubABM_prototype.rs
java_class_path (initial): C:\Users\david\RepastSimphony-2.6\eclipse\plugins\org.codehaus.groovy_2.4.15.xx-201810221923-e49-RELEASE\lib\groovy-all-2.4.15.jar;C:\Users\david\RepastSimphony-2.6\eclipse\plugins\org.codehaus.groovy_2.4.15.xx-201810221923-e49-RELEASE\lib\ivy-2.4.0.jar;C:\Users\david\RepastSimphony-2.6\eclipse\plugins\repast.simphony.runtime_2.6.0\bin;C:\Users\david\RepastSimphony-2.6\eclipse\plugins\repast.simphony.runtime_2.6.0\lib\saf.core.runtime.jar;C:\Users\david\RepastSimphony-2.6\eclipse\plugins\repast.simphony.runtime_2.6.0\lib\commons-logging-1.1.2.jar;C:\Users\david\RepastSimphony-2.6\eclipse\plugins\repast.simphony.runtime_2.6.0\lib\javassist-3.17.1-GA.jar;C:\Users\david\RepastSimphony-2.6\eclipse\plugins\repast.simphony.runtime_2.6.0\lib\jpf.jar;C:\Users\david\RepastSimphony-2.6\eclipse\plugins\repast.simphony.runtime_2.6.0\lib\jpf-boot.jar;C:\Users\david\RepastSimphony-2.6\eclipse\plugins\repast.simphony.runtime_2.6.0\lib\log4j-1.2.16.jar;C:\Users\david\RepastSimphony-2.6\eclipse\plugins\repast.simphony.runtime_2.6.0\lib\xpp3_min-1.1.4c.jar;C:\Users\david\RepastSimphony-2.6\eclipse\plugins\repast.simphony.runtime_2.6.0\lib\xstream-1.4.7.jar;C:\Users\david\RepastSimphony-2.6\eclipse\plugins\repast.simphony.runtime_2.6.0\lib\xmlpull-1.1.3.1.jar;C:\Users\david\RepastSimphony-2.6\eclipse\plugins\repast.simphony.runtime_2.6.0\lib\commons-cli-1.2.jar
Launcher Type: SUN_STANDARD

[Global flags]
     intx CICompilerCount                          = 4                                         {product} {ergonomic}
     uint ConcGCThreads                            = 2                                         {product} {ergonomic}
     uint G1ConcRefinementThreads                  = 8                                         {product} {ergonomic}
   size_t G1HeapRegionSize                         = 1048576                                   {product} {ergonomic}
    uintx GCDrainStackTargetSize                   = 64                                        {product} {ergonomic}
     bool IgnoreUnrecognizedVMOptions              = true                                      {product} {command line}
   size_t InitialHeapSize                          = 132120576                                 {product} {ergonomic}
   size_t MarkStackSize                            = 4194304                                   {product} {ergonomic}
   size_t MaxHeapSize                              = 2109734912                                {product} {ergonomic}
   size_t MaxNewSize                               = 1265631232                                {product} {ergonomic}
   size_t MinHeapDeltaBytes                        = 1048576                                   {product} {ergonomic}
    uintx NonNMethodCodeHeapSize                   = 5835340                                {pd product} {ergonomic}
    uintx NonProfiledCodeHeapSize                  = 122911450                              {pd product} {ergonomic}
    uintx ProfiledCodeHeapSize                     = 122911450                              {pd product} {ergonomic}
    uintx ReservedCodeCacheSize                    = 251658240                              {pd product} {ergonomic}
     bool SegmentedCodeCache                       = true                                      {product} {ergonomic}
     bool UseCompressedClassPointers               = true                                 {lp64_product} {ergonomic}
     bool UseCompressedOops                        = true                                 {lp64_product} {ergonomic}
     bool UseG1GC                                  = true                                      {product} {ergonomic}
     bool UseLargePagesIndividualAllocation        = false                                  {pd product} {ergonomic}

Logging:
Log output configuration:
 #0: stdout all=warning uptime,level,tags
 #1: stderr all=off uptime,level,tags

Environment Variables:
PATH=C:\Program Files (x86)\Common Files\Oracle\Java\javapath;C:\WINDOWS\system32;C:\WINDOWS;C:\WINDOWS\System32\Wbem;C:\WINDOWS\System32\WindowsPowerShell\v1.0\;C:\WINDOWS\System32\OpenSSH\;C:\Program Files\MATLAB\R2018a\bin;C:\Program Files\Intel\WiFi\bin\;C:\Program Files\Common Files\Intel\WirelessCommon\;C:\Program Files (x86)\Intel\Intel(R) Management Engine Components\DAL;C:\Program Files\Intel\Intel(R) Management Engine Components\DAL;C:\Users\david\Anaconda3;C:\Users\david\Anaconda3\Library\mingw-w64\bin;C:\Users\david\Anaconda3\Library\usr\bin;C:\Users\david\Anaconda3\Library\bin;C:\Users\david\Anaconda3\Scripts;C:\Users\david\AppData\Local\Microsoft\WindowsApps;C:\Users\david\AppData\Local\GitHubDesktop\bin;C:\Users\david\AppData\Local\Microsoft\WindowsApps;;C:\Users\david\AppData\Local\Programs\Microsoft VS Code\bin
USERNAME=david
OS=Windows_NT
PROCESSOR_IDENTIFIER=Intel64 Family 6 Model 142 Stepping 10, GenuineIntel



---------------  S Y S T E M  ---------------

OS: Windows 10 , 64 bit Build 17134 (10.0.17134.556)

CPU:total 8 (initial active 8) (4 cores per cpu, 2 threads per core) family 6 model 142 stepping 10, cmov, cx8, fxsr, mmx, sse, sse2, sse3, ssse3, sse4.1, sse4.2, popcnt, avx, avx2, aes, clmul, erms, 3dnowpref, lzcnt, ht, tsc, tscinvbit, bmi1, bmi2, adx, fma

Memory: 4k page, system-wide physical 8046M (3841M free)
TotalPageFile size 9326M (AvailPageFile size 4917M)
current process WorkingSet (physical memory assigned to process): 418M, peak: 430M
current process commit charge ("private bytes"): 420M, peak: 434M

vm_info: OpenJDK 64-Bit Server VM (11+28-201810022317) for windows-amd64 JRE (11+28-201810022317), built on Oct  2 2018 18:21:21 by "" with MS VC++ 12.0 (VS2013)

END.
