2019-03-05 20:38:19,550 - ResourceCache : initialized. (class org.apache.velocity.runtime.resource.ResourceCacheImpl)
2019-03-05 20:38:19,550 - Default ResourceManager initialization complete.
2019-03-05 20:38:19,550 - Loaded System Directive: org.apache.velocity.runtime.directive.Literal
2019-03-05 20:38:19,550 - Loaded System Directive: org.apache.velocity.runtime.directive.Macro
2019-03-05 20:38:19,550 - Loaded System Directive: org.apache.velocity.runtime.directive.Parse
2019-03-05 20:38:19,550 - Loaded System Directive: org.apache.velocity.runtime.directive.Include
2019-03-05 20:38:19,550 - Loaded System Directive: org.apache.velocity.runtime.directive.Foreach
2019-03-05 20:38:19,566 - Created: 20 parsers.
2019-03-05 20:38:19,582 - Velocimacro : initialization starting.
2019-03-05 20:38:19,582 - Velocimacro : adding VMs from VM library template : VM_global_library.vm
2019-03-05 20:38:19,582 - ResourceManager : unable to find resource 'VM_global_library.vm' in any resource loader.
2019-03-05 20:38:19,582 - Velocimacro : error using  VM library template VM_global_library.vm : org.apache.velocity.exception.ResourceNotFoundException: Unable to find resource 'VM_global_library.vm'
2019-03-05 20:38:19,582 - Velocimacro :  VM library template macro registration complete.
2019-03-05 20:38:19,582 - Velocimacro : allowInline = true : VMs can be defined inline in templates
2019-03-05 20:38:19,582 - Velocimacro : allowInlineToOverride = false : VMs defined inline may NOT replace previous VM definitions
2019-03-05 20:38:19,582 - Velocimacro : allowInlineLocal = false : VMs defined inline will be  global in scope if allowed.
2019-03-05 20:38:19,582 - Velocimacro : messages on  : VM system will output logging messages
2019-03-05 20:38:19,582 - Velocimacro : autoload off  : VM system will not automatically reload global library macros
2019-03-05 20:38:19,582 - Velocimacro : initialization complete.
2019-03-05 20:38:19,582 - Velocity successfully started.
2019-03-05 20:39:53,301 - SimpleLog4JLogSystem initialized using logfile 'velocity.log'
2019-03-05 20:39:53,301 - ************************************************************** 
2019-03-05 20:39:53,301 - Starting Jakarta Velocity v1.4
2019-03-05 20:39:53,301 - RuntimeInstance initializing.
2019-03-05 20:39:53,301 - Default Properties File: org\apache\velocity\runtime\defaults\velocity.properties
2019-03-05 20:39:53,301 - Trying to use logger class org.apache.velocity.runtime.log.SimpleLog4JLogSystem
2019-03-05 20:39:53,301 - Using logger class org.apache.velocity.runtime.log.SimpleLog4JLogSystem
2019-03-05 20:39:53,301 - Default ResourceManager initializing. (class org.apache.velocity.runtime.resource.ResourceManagerImpl)
2019-03-05 20:39:53,301 - Resource Loader Instantiated: org.apache.velocity.runtime.resource.loader.ClasspathResourceLoader
2019-03-05 20:39:53,301 - ClasspathResourceLoader : initialization starting.
2019-03-05 20:39:53,301 - ClasspathResourceLoader : initialization complete.
2019-03-05 20:39:53,301 - ResourceCache : initialized. (class org.apache.velocity.runtime.resource.ResourceCacheImpl)
2019-03-05 20:39:53,301 - Default ResourceManager initialization complete.
2019-03-05 20:39:53,301 - Loaded System Directive: org.apache.velocity.runtime.directive.Literal
2019-03-05 20:39:53,301 - Loaded System Directive: org.apache.velocity.runtime.directive.Macro
2019-03-05 20:39:53,301 - Loaded System Directive: org.apache.velocity.runtime.directive.Parse
2019-03-05 20:39:53,317 - Loaded System Directive: org.apache.velocity.runtime.directive.Include
2019-03-05 20:39:53,317 - Loaded System Directive: org.apache.velocity.runtime.directive.Foreach
2019-03-05 20:39:53,317 - Created: 20 parsers.
2019-03-05 20:39:53,332 - Velocimacro : initialization starting.
2019-03-05 20:39:53,332 - Velocimacro : adding VMs from VM library template : VM_global_library.vm
2019-03-05 20:39:53,332 - ResourceManager : unable to find resource 'VM_global_library.vm' in any resource loader.
2019-03-05 20:39:53,332 - Velocimacro : error using  VM library template VM_global_library.vm : org.apache.velocity.exception.ResourceNotFoundException: Unable to find resource 'VM_global_library.vm'
2019-03-05 20:39:53,332 - Velocimacro :  VM library template macro registration complete.
2019-03-05 20:39:53,332 - Velocimacro : allowInline = true : VMs can be defined inline in templates
2019-03-05 20:39:53,332 - Velocimacro : allowInlineToOverride = false : VMs defined inline may NOT replace previous VM definitions
2019-03-05 20:39:53,332 - Velocimacro : allowInlineLocal = false : VMs defined inline will be  global in scope if allowed.
2019-03-05 20:39:53,332 - Velocimacro : messages on  : VM system will output logging messages
2019-03-05 20:39:53,332 - Velocimacro : autoload off  : VM system will not automatically reload global library macros
2019-03-05 20:39:53,332 - Velocimacro : initialization complete.
2019-03-05 20:39:53,332 - Velocity successfully started.
2019-03-05 20:51:54,763 - SimpleLog4JLogSystem initialized using logfile 'velocity.log'
2019-03-05 20:51:54,763 - ************************************************************** 
2019-03-05 20:51:54,763 - Starting Jakarta Velocity v1.4
2019-03-05 20:51:54,763 - RuntimeInstance initializing.
2019-03-05 20:51:54,763 - Default Properties File: org\apache\velocity\runtime\defaults\velocity.properties
2019-03-05 20:51:54,763 - Trying to use logger class org.apache.velocity.runtime.log.SimpleLog4JLogSystem
2019-03-05 20:51:54,763 - Using logger class org.apache.velocity.runtime.log.SimpleLog4JLogSystem
2019-03-05 20:51:54,764 - Default ResourceManager initializing. (class org.apache.velocity.runtime.resource.ResourceManagerImpl)
2019-03-05 20:51:54,765 - Resource Loader Instantiated: org.apache.velocity.runtime.resource.loader.ClasspathResourceLoader
2019-03-05 20:51:54,766 - ClasspathResourceLoader : initialization starting.
2019-03-05 20:51:54,766 - ClasspathResourceLoader : initialization complete.
2019-03-05 20:51:54,766 - ResourceCache : initialized. (class org.apache.velocity.runtime.resource.ResourceCacheImpl)
2019-03-05 20:51:54,766 - Default ResourceManager initialization complete.
2019-03-05 20:51:54,767 - Loaded System Directive: org.apache.velocity.runtime.directive.Literal
2019-03-05 20:51:54,768 - Loaded System Directive: org.apache.velocity.runtime.directive.Macro
2019-03-05 20:51:54,769 - Loaded System Directive: org.apache.velocity.runtime.directive.Parse
2019-03-05 20:51:54,770 - Loaded System Directive: org.apache.velocity.runtime.directive.Include
2019-03-05 20:51:54,770 - Loaded System Directive: org.apache.velocity.runtime.directive.Foreach
2019-03-05 20:51:54,786 - Created: 20 parsers.
2019-03-05 20:51:54,789 - Velocimacro : initialization starting.
2019-03-05 20:51:54,789 - Velocimacro : adding VMs from VM library template : VM_global_library.vm
2019-03-05 20:51:54,791 - ResourceManager : unable to find resource 'VM_global_library.vm' in any resource loader.
2019-03-05 20:51:54,791 - Velocimacro : error using  VM library template VM_global_library.vm : org.apache.velocity.exception.ResourceNotFoundException: Unable to find resource 'VM_global_library.vm'
2019-03-05 20:51:54,791 - Velocimacro :  VM library template macro registration complete.
2019-03-05 20:51:54,791 - Velocimacro : allowInline = true : VMs can be defined inline in templates
2019-03-05 20:51:54,791 - Velocimacro : allowInlineToOverride = false : VMs defined inline may NOT replace previous VM definitions
2019-03-05 20:51:54,791 - Velocimacro : allowInlineLocal = false : VMs defined inline will be  global in scope if allowed.
2019-03-05 20:51:54,792 - Velocimacro : messages on  : VM system will output logging messages
2019-03-05 20:51:54,792 - Velocimacro : autoload off  : VM system will not automatically reload global library macros
2019-03-05 20:51:54,792 - Velocimacro : initialization complete.
2019-03-05 20:51:54,792 - Velocity successfully started.
2019-03-05 20:52:15,586 - SimpleLog4JLogSystem initialized using logfile 'velocity.log'
2019-03-05 20:52:15,587 - ************************************************************** 
2019-03-05 20:52:15,587 - Starting Jakarta Velocity v1.4
2019-03-05 20:52:15,587 - RuntimeInstance initializing.
2019-03-05 20:52:15,587 - Default Properties File: org\apache\velocity\runtime\defaults\velocity.properties
2019-03-05 20:52:15,587 - Trying to use logger class org.apache.velocity.runtime.log.SimpleLog4JLogSystem
2019-03-05 20:52:15,587 - Using logger class org.apache.velocity.runtime.log.SimpleLog4JLogSystem
2019-03-05 20:52:15,589 - Default ResourceManager initializing. (class org.apache.velocity.runtime.resource.ResourceManagerImpl)
2019-03-05 20:52:15,590 - Resource Loader Instantiated: org.apache.velocity.runtime.resource.loader.ClasspathResourceLoader
2019-03-05 20:52:15,590 - ClasspathResourceLoader : initialization starting.
2019-03-05 20:52:15,590 - ClasspathResourceLoader : initialization complete.
2019-03-05 20:52:15,591 - ResourceCache : initialized. (class org.apache.velocity.runtime.resource.ResourceCacheImpl)
2019-03-05 20:52:15,591 - Default ResourceManager initialization complete.
2019-03-05 20:52:15,592 - Loaded System Directive: org.apache.velocity.runtime.directive.Literal
2019-03-05 20:52:15,593 - Loaded System Directive: org.apache.velocity.runtime.directive.Macro
2019-03-05 20:52:15,594 - Loaded System Directive: org.apache.velocity.runtime.directive.Parse
2019-03-05 20:52:15,596 - Loaded System Directive: org.apache.velocity.runtime.directive.Include
2019-03-05 20:52:15,596 - Loaded System Directive: org.apache.velocity.runtime.directive.Foreach
2019-03-05 20:52:15,613 - Created: 20 parsers.
2019-03-05 20:52:15,617 - Velocimacro : initialization starting.
2019-03-05 20:52:15,617 - Velocimacro : adding VMs from VM library template : VM_global_library.vm
2019-03-05 20:52:15,619 - ResourceManager : unable to find resource 'VM_global_library.vm' in any resource loader.
2019-03-05 20:52:15,619 - Velocimacro : error using  VM library template VM_global_library.vm : org.apache.velocity.exception.ResourceNotFoundException: Unable to find resource 'VM_global_library.vm'
2019-03-05 20:52:15,619 - Velocimacro :  VM library template macro registration complete.
2019-03-05 20:52:15,619 - Velocimacro : allowInline = true : VMs can be defined inline in templates
2019-03-05 20:52:15,619 - Velocimacro : allowInlineToOverride = false : VMs defined inline may NOT replace previous VM definitions
2019-03-05 20:52:15,619 - Velocimacro : allowInlineLocal = false : VMs defined inline will be  global in scope if allowed.
2019-03-05 20:52:15,619 - Velocimacro : messages on  : VM system will output logging messages
2019-03-05 20:52:15,619 - Velocimacro : autoload off  : VM system will not automatically reload global library macros
2019-03-05 20:52:15,619 - Velocimacro : initialization complete.
2019-03-05 20:52:15,619 - Velocity successfully started.
2019-03-05 20:53:54,021 - ResourceManager : found repast/simphony/scenario/Scenario.vt with loader org.apache.velocity.runtime.resource.loader.ClasspathResourceLoader
2019-03-05 20:54:23,380 - ResourceManager : found repast/simphony/parameter/parameters.vt with loader org.apache.velocity.runtime.resource.loader.ClasspathResourceLoader
2019-03-05 21:01:47,714 - SimpleLog4JLogSystem initialized using logfile 'velocity.log'
2019-03-05 21:01:47,714 - ************************************************************** 
2019-03-05 21:01:47,714 - Starting Jakarta Velocity v1.4
2019-03-05 21:01:47,714 - RuntimeInstance initializing.
2019-03-05 21:01:47,714 - Default Properties File: org\apache\velocity\runtime\defaults\velocity.properties
2019-03-05 21:01:47,714 - Trying to use logger class org.apache.velocity.runtime.log.SimpleLog4JLogSystem
2019-03-05 21:01:47,714 - Using logger class org.apache.velocity.runtime.log.SimpleLog4JLogSystem
2019-03-05 21:01:47,716 - Default ResourceManager initializing. (class org.apache.velocity.runtime.resource.ResourceManagerImpl)
2019-03-05 21:01:47,717 - Resource Loader Instantiated: org.apache.velocity.runtime.resource.loader.ClasspathResourceLoader
2019-03-05 21:01:47,717 - ClasspathResourceLoader : initialization starting.
2019-03-05 21:01:47,717 - ClasspathResourceLoader : initialization complete.
2019-03-05 21:01:47,718 - ResourceCache : initialized. (class org.apache.velocity.runtime.resource.ResourceCacheImpl)
2019-03-05 21:01:47,718 - Default ResourceManager initialization complete.
2019-03-05 21:01:47,719 - Loaded System Directive: org.apache.velocity.runtime.directive.Literal
2019-03-05 21:01:47,720 - Loaded System Directive: org.apache.velocity.runtime.directive.Macro
2019-03-05 21:01:47,721 - Loaded System Directive: org.apache.velocity.runtime.directive.Parse
2019-03-05 21:01:47,722 - Loaded System Directive: org.apache.velocity.runtime.directive.Include
2019-03-05 21:01:47,722 - Loaded System Directive: org.apache.velocity.runtime.directive.Foreach
2019-03-05 21:01:47,737 - Created: 20 parsers.
2019-03-05 21:01:47,740 - Velocimacro : initialization starting.
2019-03-05 21:01:47,740 - Velocimacro : adding VMs from VM library template : VM_global_library.vm
2019-03-05 21:01:47,742 - ResourceManager : unable to find resource 'VM_global_library.vm' in any resource loader.
2019-03-05 21:01:47,742 - Velocimacro : error using  VM library template VM_global_library.vm : org.apache.velocity.exception.ResourceNotFoundException: Unable to find resource 'VM_global_library.vm'
2019-03-05 21:01:47,742 - Velocimacro :  VM library template macro registration complete.
2019-03-05 21:01:47,742 - Velocimacro : allowInline = true : VMs can be defined inline in templates
2019-03-05 21:01:47,742 - Velocimacro : allowInlineToOverride = false : VMs defined inline may NOT replace previous VM definitions
2019-03-05 21:01:47,742 - Velocimacro : allowInlineLocal = false : VMs defined inline will be  global in scope if allowed.
2019-03-05 21:01:47,742 - Velocimacro : messages on  : VM system will output logging messages
2019-03-05 21:01:47,742 - Velocimacro : autoload off  : VM system will not automatically reload global library macros
2019-03-05 21:01:47,742 - Velocimacro : initialization complete.
2019-03-05 21:01:47,742 - Velocity successfully started.
2019-03-05 21:09:08,917 - SimpleLog4JLogSystem initialized using logfile 'velocity.log'
2019-03-05 21:09:08,917 - ************************************************************** 
2019-03-05 21:09:08,917 - Starting Jakarta Velocity v1.4
2019-03-05 21:09:08,917 - RuntimeInstance initializing.
2019-03-05 21:09:08,917 - Default Properties File: org\apache\velocity\runtime\defaults\velocity.properties
2019-03-05 21:09:08,917 - Trying to use logger class org.apache.velocity.runtime.log.SimpleLog4JLogSystem
2019-03-05 21:09:08,918 - Using logger class org.apache.velocity.runtime.log.SimpleLog4JLogSystem
2019-03-05 21:09:08,919 - Default ResourceManager initializing. (class org.apache.velocity.runtime.resource.ResourceManagerImpl)
2019-03-05 21:09:08,920 - Resource Loader Instantiated: org.apache.velocity.runtime.resource.loader.ClasspathResourceLoader
2019-03-05 21:09:08,920 - ClasspathResourceLoader : initialization starting.
2019-03-05 21:09:08,920 - ClasspathResourceLoader : initialization complete.
2019-03-05 21:09:08,921 - ResourceCache : initialized. (class org.apache.velocity.runtime.resource.ResourceCacheImpl)
2019-03-05 21:09:08,921 - Default ResourceManager initialization complete.
2019-03-05 21:09:08,922 - Loaded System Directive: org.apache.velocity.runtime.directive.Literal
2019-03-05 21:09:08,923 - Loaded System Directive: org.apache.velocity.runtime.directive.Macro
2019-03-05 21:09:08,924 - Loaded System Directive: org.apache.velocity.runtime.directive.Parse
2019-03-05 21:09:08,925 - Loaded System Directive: org.apache.velocity.runtime.directive.Include
2019-03-05 21:09:08,925 - Loaded System Directive: org.apache.velocity.runtime.directive.Foreach
2019-03-05 21:09:08,940 - Created: 20 parsers.
2019-03-05 21:09:08,942 - Velocimacro : initialization starting.
2019-03-05 21:09:08,942 - Velocimacro : adding VMs from VM library template : VM_global_library.vm
2019-03-05 21:09:08,944 - ResourceManager : unable to find resource 'VM_global_library.vm' in any resource loader.
2019-03-05 21:09:08,944 - Velocimacro : error using  VM library template VM_global_library.vm : org.apache.velocity.exception.ResourceNotFoundException: Unable to find resource 'VM_global_library.vm'
2019-03-05 21:09:08,944 - Velocimacro :  VM library template macro registration complete.
2019-03-05 21:09:08,944 - Velocimacro : allowInline = true : VMs can be defined inline in templates
2019-03-05 21:09:08,944 - Velocimacro : allowInlineToOverride = false : VMs defined inline may NOT replace previous VM definitions
2019-03-05 21:09:08,944 - Velocimacro : allowInlineLocal = false : VMs defined inline will be  global in scope if allowed.
2019-03-05 21:09:08,944 - Velocimacro : messages on  : VM system will output logging messages
2019-03-05 21:09:08,944 - Velocimacro : autoload off  : VM system will not automatically reload global library macros
2019-03-05 21:09:08,944 - Velocimacro : initialization complete.
2019-03-05 21:09:08,944 - Velocity successfully started.
2019-03-05 21:10:32,764 - ResourceManager : found repast/simphony/scenario/Scenario.vt with loader org.apache.velocity.runtime.resource.loader.ClasspathResourceLoader
2019-03-05 21:10:45,135 - SimpleLog4JLogSystem initialized using logfile 'velocity.log'
2019-03-05 21:10:45,135 - ************************************************************** 
2019-03-05 21:10:45,135 - Starting Jakarta Velocity v1.4
2019-03-05 21:10:45,135 - RuntimeInstance initializing.
2019-03-05 21:10:45,135 - Default Properties File: org\apache\velocity\runtime\defaults\velocity.properties
2019-03-05 21:10:45,135 - Trying to use logger class org.apache.velocity.runtime.log.SimpleLog4JLogSystem
2019-03-05 21:10:45,135 - Using logger class org.apache.velocity.runtime.log.SimpleLog4JLogSystem
2019-03-05 21:10:45,137 - Default ResourceManager initializing. (class org.apache.velocity.runtime.resource.ResourceManagerImpl)
2019-03-05 21:10:45,138 - Resource Loader Instantiated: org.apache.velocity.runtime.resource.loader.ClasspathResourceLoader
2019-03-05 21:10:45,138 - ClasspathResourceLoader : initialization starting.
2019-03-05 21:10:45,138 - ClasspathResourceLoader : initialization complete.
2019-03-05 21:10:45,139 - ResourceCache : initialized. (class org.apache.velocity.runtime.resource.ResourceCacheImpl)
2019-03-05 21:10:45,139 - Default ResourceManager initialization complete.
2019-03-05 21:10:45,140 - Loaded System Directive: org.apache.velocity.runtime.directive.Literal
2019-03-05 21:10:45,140 - Loaded System Directive: org.apache.velocity.runtime.directive.Macro
2019-03-05 21:10:45,141 - Loaded System Directive: org.apache.velocity.runtime.directive.Parse
2019-03-05 21:10:45,142 - Loaded System Directive: org.apache.velocity.runtime.directive.Include
2019-03-05 21:10:45,143 - Loaded System Directive: org.apache.velocity.runtime.directive.Foreach
2019-03-05 21:10:45,158 - Created: 20 parsers.
2019-03-05 21:10:45,160 - Velocimacro : initialization starting.
2019-03-05 21:10:45,160 - Velocimacro : adding VMs from VM library template : VM_global_library.vm
2019-03-05 21:10:45,163 - ResourceManager : unable to find resource 'VM_global_library.vm' in any resource loader.
2019-03-05 21:10:45,163 - Velocimacro : error using  VM library template VM_global_library.vm : org.apache.velocity.exception.ResourceNotFoundException: Unable to find resource 'VM_global_library.vm'
2019-03-05 21:10:45,163 - Velocimacro :  VM library template macro registration complete.
2019-03-05 21:10:45,163 - Velocimacro : allowInline = true : VMs can be defined inline in templates
2019-03-05 21:10:45,163 - Velocimacro : allowInlineToOverride = false : VMs defined inline may NOT replace previous VM definitions
2019-03-05 21:10:45,163 - Velocimacro : allowInlineLocal = false : VMs defined inline will be  global in scope if allowed.
2019-03-05 21:10:45,163 - Velocimacro : messages on  : VM system will output logging messages
2019-03-05 21:10:45,163 - Velocimacro : autoload off  : VM system will not automatically reload global library macros
2019-03-05 21:10:45,163 - Velocimacro : initialization complete.
2019-03-05 21:10:45,163 - Velocity successfully started.
2019-03-05 21:11:19,553 - ResourceManager : found repast/simphony/scenario/Scenario.vt with loader org.apache.velocity.runtime.resource.loader.ClasspathResourceLoader
2019-03-05 21:15:24,763 - ResourceManager : found repast/simphony/scenario/Scenario.vt with loader org.apache.velocity.runtime.resource.loader.ClasspathResourceLoader
2019-03-05 21:16:00,920 - SimpleLog4JLogSystem initialized using logfile 'velocity.log'
2019-03-05 21:16:00,920 - ************************************************************** 
2019-03-05 21:16:00,921 - Starting Jakarta Velocity v1.4
2019-03-05 21:16:00,921 - RuntimeInstance initializing.
2019-03-05 21:16:00,921 - Default Properties File: org\apache\velocity\runtime\defaults\velocity.properties
2019-03-05 21:16:00,921 - Trying to use logger class org.apache.velocity.runtime.log.SimpleLog4JLogSystem
2019-03-05 21:16:00,921 - Using logger class org.apache.velocity.runtime.log.SimpleLog4JLogSystem
2019-03-05 21:16:00,923 - Default ResourceManager initializing. (class org.apache.velocity.runtime.resource.ResourceManagerImpl)
2019-03-05 21:16:00,924 - Resource Loader Instantiated: org.apache.velocity.runtime.resource.loader.ClasspathResourceLoader
2019-03-05 21:16:00,924 - ClasspathResourceLoader : initialization starting.
2019-03-05 21:16:00,924 - ClasspathResourceLoader : initialization complete.
2019-03-05 21:16:00,925 - ResourceCache : initialized. (class org.apache.velocity.runtime.resource.ResourceCacheImpl)
2019-03-05 21:16:00,925 - Default ResourceManager initialization complete.
2019-03-05 21:16:00,926 - Loaded System Directive: org.apache.velocity.runtime.directive.Literal
2019-03-05 21:16:00,927 - Loaded System Directive: org.apache.velocity.runtime.directive.Macro
2019-03-05 21:16:00,928 - Loaded System Directive: org.apache.velocity.runtime.directive.Parse
2019-03-05 21:16:00,929 - Loaded System Directive: org.apache.velocity.runtime.directive.Include
2019-03-05 21:16:00,929 - Loaded System Directive: org.apache.velocity.runtime.directive.Foreach
2019-03-05 21:16:00,944 - Created: 20 parsers.
2019-03-05 21:16:00,947 - Velocimacro : initialization starting.
2019-03-05 21:16:00,947 - Velocimacro : adding VMs from VM library template : VM_global_library.vm
2019-03-05 21:16:00,949 - ResourceManager : unable to find resource 'VM_global_library.vm' in any resource loader.
2019-03-05 21:16:00,949 - Velocimacro : error using  VM library template VM_global_library.vm : org.apache.velocity.exception.ResourceNotFoundException: Unable to find resource 'VM_global_library.vm'
2019-03-05 21:16:00,949 - Velocimacro :  VM library template macro registration complete.
2019-03-05 21:16:00,949 - Velocimacro : allowInline = true : VMs can be defined inline in templates
2019-03-05 21:16:00,949 - Velocimacro : allowInlineToOverride = false : VMs defined inline may NOT replace previous VM definitions
2019-03-05 21:16:00,949 - Velocimacro : allowInlineLocal = false : VMs defined inline will be  global in scope if allowed.
2019-03-05 21:16:00,949 - Velocimacro : messages on  : VM system will output logging messages
2019-03-05 21:16:00,949 - Velocimacro : autoload off  : VM system will not automatically reload global library macros
2019-03-05 21:16:00,949 - Velocimacro : initialization complete.
2019-03-05 21:16:00,949 - Velocity successfully started.
2019-03-05 21:21:23,652 - SimpleLog4JLogSystem initialized using logfile 'velocity.log'
2019-03-05 21:21:23,652 - ************************************************************** 
2019-03-05 21:21:23,652 - Starting Jakarta Velocity v1.4
2019-03-05 21:21:23,653 - RuntimeInstance initializing.
2019-03-05 21:21:23,653 - Default Properties File: org\apache\velocity\runtime\defaults\velocity.properties
2019-03-05 21:21:23,653 - Trying to use logger class org.apache.velocity.runtime.log.SimpleLog4JLogSystem
2019-03-05 21:21:23,653 - Using logger class org.apache.velocity.runtime.log.SimpleLog4JLogSystem
2019-03-05 21:21:23,654 - Default ResourceManager initializing. (class org.apache.velocity.runtime.resource.ResourceManagerImpl)
2019-03-05 21:21:23,655 - Resource Loader Instantiated: org.apache.velocity.runtime.resource.loader.ClasspathResourceLoader
2019-03-05 21:21:23,655 - ClasspathResourceLoader : initialization starting.
2019-03-05 21:21:23,655 - ClasspathResourceLoader : initialization complete.
2019-03-05 21:21:23,656 - ResourceCache : initialized. (class org.apache.velocity.runtime.resource.ResourceCacheImpl)
2019-03-05 21:21:23,656 - Default ResourceManager initialization complete.
2019-03-05 21:21:23,657 - Loaded System Directive: org.apache.velocity.runtime.directive.Literal
2019-03-05 21:21:23,658 - Loaded System Directive: org.apache.velocity.runtime.directive.Macro
2019-03-05 21:21:23,659 - Loaded System Directive: org.apache.velocity.runtime.directive.Parse
2019-03-05 21:21:23,659 - Loaded System Directive: org.apache.velocity.runtime.directive.Include
2019-03-05 21:21:23,660 - Loaded System Directive: org.apache.velocity.runtime.directive.Foreach
2019-03-05 21:21:23,675 - Created: 20 parsers.
2019-03-05 21:21:23,677 - Velocimacro : initialization starting.
2019-03-05 21:21:23,677 - Velocimacro : adding VMs from VM library template : VM_global_library.vm
2019-03-05 21:21:23,679 - ResourceManager : unable to find resource 'VM_global_library.vm' in any resource loader.
2019-03-05 21:21:23,679 - Velocimacro : error using  VM library template VM_global_library.vm : org.apache.velocity.exception.ResourceNotFoundException: Unable to find resource 'VM_global_library.vm'
2019-03-05 21:21:23,679 - Velocimacro :  VM library template macro registration complete.
2019-03-05 21:21:23,680 - Velocimacro : allowInline = true : VMs can be defined inline in templates
2019-03-05 21:21:23,680 - Velocimacro : allowInlineToOverride = false : VMs defined inline may NOT replace previous VM definitions
2019-03-05 21:21:23,680 - Velocimacro : allowInlineLocal = false : VMs defined inline will be  global in scope if allowed.
2019-03-05 21:21:23,680 - Velocimacro : messages on  : VM system will output logging messages
2019-03-05 21:21:23,680 - Velocimacro : autoload off  : VM system will not automatically reload global library macros
2019-03-05 21:21:23,680 - Velocimacro : initialization complete.
2019-03-05 21:21:23,680 - Velocity successfully started.
2019-03-05 21:37:55,769 - SimpleLog4JLogSystem initialized using logfile 'velocity.log'
2019-03-05 21:37:55,769 - ************************************************************** 
2019-03-05 21:37:55,769 - Starting Jakarta Velocity v1.4
2019-03-05 21:37:55,769 - RuntimeInstance initializing.
2019-03-05 21:37:55,769 - Default Properties File: org\apache\velocity\runtime\defaults\velocity.properties
2019-03-05 21:37:55,769 - Trying to use logger class org.apache.velocity.runtime.log.SimpleLog4JLogSystem
2019-03-05 21:37:55,769 - Using logger class org.apache.velocity.runtime.log.SimpleLog4JLogSystem
2019-03-05 21:37:55,769 - Default ResourceManager initializing. (class org.apache.velocity.runtime.resource.ResourceManagerImpl)
2019-03-05 21:37:55,769 - Resource Loader Instantiated: org.apache.velocity.runtime.resource.loader.ClasspathResourceLoader
2019-03-05 21:37:55,769 - ClasspathResourceLoader : initialization starting.
2019-03-05 21:37:55,769 - ClasspathResourceLoader : initialization complete.
2019-03-05 21:37:55,769 - ResourceCache : initialized. (class org.apache.velocity.runtime.resource.ResourceCacheImpl)
2019-03-05 21:37:55,769 - Default ResourceManager initialization complete.
2019-03-05 21:37:55,769 - Loaded System Directive: org.apache.velocity.runtime.directive.Literal
2019-03-05 21:37:55,769 - Loaded System Directive: org.apache.velocity.runtime.directive.Macro
2019-03-05 21:37:55,785 - Loaded System Directive: org.apache.velocity.runtime.directive.Parse
2019-03-05 21:37:55,785 - Loaded System Directive: org.apache.velocity.runtime.directive.Include
2019-03-05 21:37:55,785 - Loaded System Directive: org.apache.velocity.runtime.directive.Foreach
2019-03-05 21:37:55,800 - Created: 20 parsers.
2019-03-05 21:37:55,800 - Velocimacro : initialization starting.
2019-03-05 21:37:55,800 - Velocimacro : adding VMs from VM library template : VM_global_library.vm
2019-03-05 21:37:55,800 - ResourceManager : unable to find resource 'VM_global_library.vm' in any resource loader.
2019-03-05 21:37:55,800 - Velocimacro : error using  VM library template VM_global_library.vm : org.apache.velocity.exception.ResourceNotFoundException: Unable to find resource 'VM_global_library.vm'
2019-03-05 21:37:55,800 - Velocimacro :  VM library template macro registration complete.
2019-03-05 21:37:55,800 - Velocimacro : allowInline = true : VMs can be defined inline in templates
2019-03-05 21:37:55,800 - Velocimacro : allowInlineToOverride = false : VMs defined inline may NOT replace previous VM definitions
2019-03-05 21:37:55,800 - Velocimacro : allowInlineLocal = false : VMs defined inline will be  global in scope if allowed.
2019-03-05 21:37:55,800 - Velocimacro : messages on  : VM system will output logging messages
2019-03-05 21:37:55,800 - Velocimacro : autoload off  : VM system will not automatically reload global library macros
2019-03-05 21:37:55,800 - Velocimacro : initialization complete.
2019-03-05 21:37:55,800 - Velocity successfully started.
2019-03-05 21:40:46,941 - SimpleLog4JLogSystem initialized using logfile 'velocity.log'
2019-03-05 21:40:46,941 - ************************************************************** 
2019-03-05 21:40:46,941 - Starting Jakarta Velocity v1.4
2019-03-05 21:40:46,941 - RuntimeInstance initializing.
2019-03-05 21:40:46,941 - Default Properties File: org\apache\velocity\runtime\defaults\velocity.properties
2019-03-05 21:40:46,941 - Trying to use logger class org.apache.velocity.runtime.log.SimpleLog4JLogSystem
2019-03-05 21:40:46,941 - Using logger class org.apache.velocity.runtime.log.SimpleLog4JLogSystem
2019-03-05 21:40:46,943 - Default ResourceManager initializing. (class org.apache.velocity.runtime.resource.ResourceManagerImpl)
2019-03-05 21:40:46,944 - Resource Loader Instantiated: org.apache.velocity.runtime.resource.loader.ClasspathResourceLoader
2019-03-05 21:40:46,944 - ClasspathResourceLoader : initialization starting.
2019-03-05 21:40:46,944 - ClasspathResourceLoader : initialization complete.
2019-03-05 21:40:46,944 - ResourceCache : initialized. (class org.apache.velocity.runtime.resource.ResourceCacheImpl)
2019-03-05 21:40:46,944 - Default ResourceManager initialization complete.
2019-03-05 21:40:46,945 - Loaded System Directive: org.apache.velocity.runtime.directive.Literal
2019-03-05 21:40:46,946 - Loaded System Directive: org.apache.velocity.runtime.directive.Macro
2019-03-05 21:40:46,947 - Loaded System Directive: org.apache.velocity.runtime.directive.Parse
2019-03-05 21:40:46,948 - Loaded System Directive: org.apache.velocity.runtime.directive.Include
2019-03-05 21:40:46,949 - Loaded System Directive: org.apache.velocity.runtime.directive.Foreach
2019-03-05 21:40:46,963 - Created: 20 parsers.
2019-03-05 21:40:46,967 - Velocimacro : initialization starting.
2019-03-05 21:40:46,967 - Velocimacro : adding VMs from VM library template : VM_global_library.vm
2019-03-05 21:40:46,968 - ResourceManager : unable to find resource 'VM_global_library.vm' in any resource loader.
2019-03-05 21:40:46,968 - Velocimacro : error using  VM library template VM_global_library.vm : org.apache.velocity.exception.ResourceNotFoundException: Unable to find resource 'VM_global_library.vm'
2019-03-05 21:40:46,968 - Velocimacro :  VM library template macro registration complete.
2019-03-05 21:40:46,968 - Velocimacro : allowInline = true : VMs can be defined inline in templates
2019-03-05 21:40:46,968 - Velocimacro : allowInlineToOverride = false : VMs defined inline may NOT replace previous VM definitions
2019-03-05 21:40:46,969 - Velocimacro : allowInlineLocal = false : VMs defined inline will be  global in scope if allowed.
2019-03-05 21:40:46,969 - Velocimacro : messages on  : VM system will output logging messages
2019-03-05 21:40:46,969 - Velocimacro : autoload off  : VM system will not automatically reload global library macros
2019-03-05 21:40:46,969 - Velocimacro : initialization complete.
2019-03-05 21:40:46,969 - Velocity successfully started.
2019-03-05 21:42:47,412 - SimpleLog4JLogSystem initialized using logfile 'velocity.log'
2019-03-05 21:42:47,412 - ************************************************************** 
2019-03-05 21:42:47,412 - Starting Jakarta Velocity v1.4
2019-03-05 21:42:47,412 - RuntimeInstance initializing.
2019-03-05 21:42:47,412 - Default Properties File: org\apache\velocity\runtime\defaults\velocity.properties
2019-03-05 21:42:47,412 - Trying to use logger class org.apache.velocity.runtime.log.SimpleLog4JLogSystem
2019-03-05 21:42:47,412 - Using logger class org.apache.velocity.runtime.log.SimpleLog4JLogSystem
2019-03-05 21:42:47,414 - Default ResourceManager initializing. (class org.apache.velocity.runtime.resource.ResourceManagerImpl)
2019-03-05 21:42:47,415 - Resource Loader Instantiated: org.apache.velocity.runtime.resource.loader.ClasspathResourceLoader
2019-03-05 21:42:47,415 - ClasspathResourceLoader : initialization starting.
2019-03-05 21:42:47,415 - ClasspathResourceLoader : initialization complete.
2019-03-05 21:42:47,416 - ResourceCache : initialized. (class org.apache.velocity.runtime.resource.ResourceCacheImpl)
2019-03-05 21:42:47,416 - Default ResourceManager initialization complete.
2019-03-05 21:42:47,417 - Loaded System Directive: org.apache.velocity.runtime.directive.Literal
2019-03-05 21:42:47,418 - Loaded System Directive: org.apache.velocity.runtime.directive.Macro
2019-03-05 21:42:47,419 - Loaded System Directive: org.apache.velocity.runtime.directive.Parse
2019-03-05 21:42:47,420 - Loaded System Directive: org.apache.velocity.runtime.directive.Include
2019-03-05 21:42:47,420 - Loaded System Directive: org.apache.velocity.runtime.directive.Foreach
2019-03-05 21:42:47,437 - Created: 20 parsers.
2019-03-05 21:42:47,440 - Velocimacro : initialization starting.
2019-03-05 21:42:47,440 - Velocimacro : adding VMs from VM library template : VM_global_library.vm
2019-03-05 21:42:47,442 - ResourceManager : unable to find resource 'VM_global_library.vm' in any resource loader.
2019-03-05 21:42:47,442 - Velocimacro : error using  VM library template VM_global_library.vm : org.apache.velocity.exception.ResourceNotFoundException: Unable to find resource 'VM_global_library.vm'
2019-03-05 21:42:47,442 - Velocimacro :  VM library template macro registration complete.
2019-03-05 21:42:47,442 - Velocimacro : allowInline = true : VMs can be defined inline in templates
2019-03-05 21:42:47,442 - Velocimacro : allowInlineToOverride = false : VMs defined inline may NOT replace previous VM definitions
2019-03-05 21:42:47,442 - Velocimacro : allowInlineLocal = false : VMs defined inline will be  global in scope if allowed.
2019-03-05 21:42:47,442 - Velocimacro : messages on  : VM system will output logging messages
2019-03-05 21:42:47,442 - Velocimacro : autoload off  : VM system will not automatically reload global library macros
2019-03-05 21:42:47,442 - Velocimacro : initialization complete.
2019-03-05 21:42:47,442 - Velocity successfully started.
2019-03-05 21:47:02,655 - SimpleLog4JLogSystem initialized using logfile 'velocity.log'
2019-03-05 21:47:02,655 - ************************************************************** 
2019-03-05 21:47:02,655 - Starting Jakarta Velocity v1.4
2019-03-05 21:47:02,655 - RuntimeInstance initializing.
2019-03-05 21:47:02,655 - Default Properties File: org\apache\velocity\runtime\defaults\velocity.properties
2019-03-05 21:47:02,655 - Trying to use logger class org.apache.velocity.runtime.log.SimpleLog4JLogSystem
2019-03-05 21:47:02,655 - Using logger class org.apache.velocity.runtime.log.SimpleLog4JLogSystem
2019-03-05 21:47:02,655 - Default ResourceManager initializing. (class org.apache.velocity.runtime.resource.ResourceManagerImpl)
2019-03-05 21:47:02,655 - Resource Loader Instantiated: org.apache.velocity.runtime.resource.loader.ClasspathResourceLoader
2019-03-05 21:47:02,655 - ClasspathResourceLoader : initialization starting.
2019-03-05 21:47:02,655 - ClasspathResourceLoader : initialization complete.
2019-03-05 21:47:02,655 - ResourceCache : initialized. (class org.apache.velocity.runtime.resource.ResourceCacheImpl)
2019-03-05 21:47:02,655 - Default ResourceManager initialization complete.
2019-03-05 21:47:02,655 - Loaded System Directive: org.apache.velocity.runtime.directive.Literal
2019-03-05 21:47:02,655 - Loaded System Directive: org.apache.velocity.runtime.directive.Macro
2019-03-05 21:47:02,655 - Loaded System Directive: org.apache.velocity.runtime.directive.Parse
2019-03-05 21:47:02,655 - Loaded System Directive: org.apache.velocity.runtime.directive.Include
2019-03-05 21:47:02,655 - Loaded System Directive: org.apache.velocity.runtime.directive.Foreach
2019-03-05 21:47:02,681 - Created: 20 parsers.
2019-03-05 21:47:02,683 - Velocimacro : initialization starting.
2019-03-05 21:47:02,684 - Velocimacro : adding VMs from VM library template : VM_global_library.vm
2019-03-05 21:47:02,685 - ResourceManager : unable to find resource 'VM_global_library.vm' in any resource loader.
2019-03-05 21:47:02,685 - Velocimacro : error using  VM library template VM_global_library.vm : org.apache.velocity.exception.ResourceNotFoundException: Unable to find resource 'VM_global_library.vm'
2019-03-05 21:47:02,685 - Velocimacro :  VM library template macro registration complete.
2019-03-05 21:47:02,685 - Velocimacro : allowInline = true : VMs can be defined inline in templates
2019-03-05 21:47:02,685 - Velocimacro : allowInlineToOverride = false : VMs defined inline may NOT replace previous VM definitions
2019-03-05 21:47:02,685 - Velocimacro : allowInlineLocal = false : VMs defined inline will be  global in scope if allowed.
2019-03-05 21:47:02,685 - Velocimacro : messages on  : VM system will output logging messages
2019-03-05 21:47:02,686 - Velocimacro : autoload off  : VM system will not automatically reload global library macros
2019-03-05 21:47:02,686 - Velocimacro : initialization complete.
2019-03-05 21:47:02,686 - Velocity successfully started.
2019-03-05 21:59:18,550 - SimpleLog4JLogSystem initialized using logfile 'velocity.log'
2019-03-05 21:59:18,550 - ************************************************************** 
2019-03-05 21:59:18,550 - Starting Jakarta Velocity v1.4
2019-03-05 21:59:18,550 - RuntimeInstance initializing.
2019-03-05 21:59:18,550 - Default Properties File: org\apache\velocity\runtime\defaults\velocity.properties
2019-03-05 21:59:18,550 - Trying to use logger class org.apache.velocity.runtime.log.SimpleLog4JLogSystem
2019-03-05 21:59:18,550 - Using logger class org.apache.velocity.runtime.log.SimpleLog4JLogSystem
2019-03-05 21:59:18,550 - Default ResourceManager initializing. (class org.apache.velocity.runtime.resource.ResourceManagerImpl)
2019-03-05 21:59:18,550 - Resource Loader Instantiated: org.apache.velocity.runtime.resource.loader.ClasspathResourceLoader
2019-03-05 21:59:18,550 - ClasspathResourceLoader : initialization starting.
2019-03-05 21:59:18,550 - ClasspathResourceLoader : initialization complete.
2019-03-05 21:59:18,550 - ResourceCache : initialized. (class org.apache.velocity.runtime.resource.ResourceCacheImpl)
2019-03-05 21:59:18,550 - Default ResourceManager initialization complete.
2019-03-05 21:59:18,550 - Loaded System Directive: org.apache.velocity.runtime.directive.Literal
2019-03-05 21:59:18,550 - Loaded System Directive: org.apache.velocity.runtime.directive.Macro
2019-03-05 21:59:18,550 - Loaded System Directive: org.apache.velocity.runtime.directive.Parse
2019-03-05 21:59:18,550 - Loaded System Directive: org.apache.velocity.runtime.directive.Include
2019-03-05 21:59:18,550 - Loaded System Directive: org.apache.velocity.runtime.directive.Foreach
2019-03-05 21:59:18,565 - Created: 20 parsers.
2019-03-05 21:59:18,581 - Velocimacro : initialization starting.
2019-03-05 21:59:18,581 - Velocimacro : adding VMs from VM library template : VM_global_library.vm
2019-03-05 21:59:18,581 - ResourceManager : unable to find resource 'VM_global_library.vm' in any resource loader.
2019-03-05 21:59:18,581 - Velocimacro : error using  VM library template VM_global_library.vm : org.apache.velocity.exception.ResourceNotFoundException: Unable to find resource 'VM_global_library.vm'
2019-03-05 21:59:18,581 - Velocimacro :  VM library template macro registration complete.
2019-03-05 21:59:18,581 - Velocimacro : allowInline = true : VMs can be defined inline in templates
2019-03-05 21:59:18,581 - Velocimacro : allowInlineToOverride = false : VMs defined inline may NOT replace previous VM definitions
2019-03-05 21:59:18,581 - Velocimacro : allowInlineLocal = false : VMs defined inline will be  global in scope if allowed.
2019-03-05 21:59:18,581 - Velocimacro : messages on  : VM system will output logging messages
2019-03-05 21:59:18,581 - Velocimacro : autoload off  : VM system will not automatically reload global library macros
2019-03-05 21:59:18,581 - Velocimacro : initialization complete.
2019-03-05 21:59:18,581 - Velocity successfully started.
2019-03-05 21:59:38,709 - ResourceManager : found repast/simphony/scenario/Scenario.vt with loader org.apache.velocity.runtime.resource.loader.ClasspathResourceLoader
2019-03-05 22:07:57,774 - SimpleLog4JLogSystem initialized using logfile 'velocity.log'
2019-03-05 22:07:57,774 - ************************************************************** 
2019-03-05 22:07:57,774 - Starting Jakarta Velocity v1.4
2019-03-05 22:07:57,774 - RuntimeInstance initializing.
2019-03-05 22:07:57,774 - Default Properties File: org\apache\velocity\runtime\defaults\velocity.properties
2019-03-05 22:07:57,774 - Trying to use logger class org.apache.velocity.runtime.log.SimpleLog4JLogSystem
2019-03-05 22:07:57,774 - Using logger class org.apache.velocity.runtime.log.SimpleLog4JLogSystem
2019-03-05 22:07:57,774 - Default ResourceManager initializing. (class org.apache.velocity.runtime.resource.ResourceManagerImpl)
2019-03-05 22:07:57,774 - Resource Loader Instantiated: org.apache.velocity.runtime.resource.loader.ClasspathResourceLoader
2019-03-05 22:07:57,774 - ClasspathResourceLoader : initialization starting.
2019-03-05 22:07:57,774 - ClasspathResourceLoader : initialization complete.
2019-03-05 22:07:57,774 - ResourceCache : initialized. (class org.apache.velocity.runtime.resource.ResourceCacheImpl)
2019-03-05 22:07:57,774 - Default ResourceManager initialization complete.
2019-03-05 22:07:57,774 - Loaded System Directive: org.apache.velocity.runtime.directive.Literal
2019-03-05 22:07:57,774 - Loaded System Directive: org.apache.velocity.runtime.directive.Macro
2019-03-05 22:07:57,774 - Loaded System Directive: org.apache.velocity.runtime.directive.Parse
2019-03-05 22:07:57,774 - Loaded System Directive: org.apache.velocity.runtime.directive.Include
2019-03-05 22:07:57,774 - Loaded System Directive: org.apache.velocity.runtime.directive.Foreach
2019-03-05 22:07:57,789 - Created: 20 parsers.
2019-03-05 22:07:57,805 - Velocimacro : initialization starting.
2019-03-05 22:07:57,805 - Velocimacro : adding VMs from VM library template : VM_global_library.vm
2019-03-05 22:07:57,805 - ResourceManager : unable to find resource 'VM_global_library.vm' in any resource loader.
2019-03-05 22:07:57,805 - Velocimacro : error using  VM library template VM_global_library.vm : org.apache.velocity.exception.ResourceNotFoundException: Unable to find resource 'VM_global_library.vm'
2019-03-05 22:07:57,805 - Velocimacro :  VM library template macro registration complete.
2019-03-05 22:07:57,805 - Velocimacro : allowInline = true : VMs can be defined inline in templates
2019-03-05 22:07:57,805 - Velocimacro : allowInlineToOverride = false : VMs defined inline may NOT replace previous VM definitions
2019-03-05 22:07:57,805 - Velocimacro : allowInlineLocal = false : VMs defined inline will be  global in scope if allowed.
2019-03-05 22:07:57,805 - Velocimacro : messages on  : VM system will output logging messages
2019-03-05 22:07:57,805 - Velocimacro : autoload off  : VM system will not automatically reload global library macros
2019-03-05 22:07:57,805 - Velocimacro : initialization complete.
2019-03-05 22:07:57,805 - Velocity successfully started.
2019-03-05 22:10:30,902 - ResourceManager : found repast/simphony/scenario/Scenario.vt with loader org.apache.velocity.runtime.resource.loader.ClasspathResourceLoader
2019-03-05 22:16:02,591 - SimpleLog4JLogSystem initialized using logfile 'velocity.log'
2019-03-05 22:16:02,591 - ************************************************************** 
2019-03-05 22:16:02,591 - Starting Jakarta Velocity v1.4
2019-03-05 22:16:02,591 - RuntimeInstance initializing.
2019-03-05 22:16:02,591 - Default Properties File: org\apache\velocity\runtime\defaults\velocity.properties
2019-03-05 22:16:02,591 - Trying to use logger class org.apache.velocity.runtime.log.SimpleLog4JLogSystem
2019-03-05 22:16:02,591 - Using logger class org.apache.velocity.runtime.log.SimpleLog4JLogSystem
2019-03-05 22:16:02,591 - SimpleLog4JLogSystem initialized using logfile 'velocity.log'
2019-03-05 22:16:02,591 - ************************************************************** 
2019-03-05 22:16:02,591 - Starting Jakarta Velocity v1.4
2019-03-05 22:16:02,591 - RuntimeInstance initializing.
2019-03-05 22:16:02,591 - Default Properties File: org\apache\velocity\runtime\defaults\velocity.properties
2019-03-05 22:16:02,591 - Trying to use logger class org.apache.velocity.runtime.log.SimpleLog4JLogSystem
2019-03-05 22:16:02,591 - Using logger class org.apache.velocity.runtime.log.SimpleLog4JLogSystem
2019-03-05 22:16:02,591 - Default ResourceManager initializing. (class org.apache.velocity.runtime.resource.ResourceManagerImpl)
2019-03-05 22:16:02,591 - Default ResourceManager initializing. (class org.apache.velocity.runtime.resource.ResourceManagerImpl)
2019-03-05 22:16:02,591 - Resource Loader Instantiated: org.apache.velocity.runtime.resource.loader.ClasspathResourceLoader
2019-03-05 22:16:02,591 - ClasspathResourceLoader : initialization starting.
2019-03-05 22:16:02,591 - ClasspathResourceLoader : initialization complete.
2019-03-05 22:16:02,591 - Resource Loader Instantiated: org.apache.velocity.runtime.resource.loader.ClasspathResourceLoader
2019-03-05 22:16:02,591 - ClasspathResourceLoader : initialization starting.
2019-03-05 22:16:02,591 - ResourceCache : initialized. (class org.apache.velocity.runtime.resource.ResourceCacheImpl)
2019-03-05 22:16:02,591 - ClasspathResourceLoader : initialization complete.
2019-03-05 22:16:02,591 - Default ResourceManager initialization complete.
2019-03-05 22:16:02,591 - ResourceCache : initialized. (class org.apache.velocity.runtime.resource.ResourceCacheImpl)
2019-03-05 22:16:02,591 - Default ResourceManager initialization complete.
2019-03-05 22:16:02,591 - Loaded System Directive: org.apache.velocity.runtime.directive.Literal
2019-03-05 22:16:02,591 - Loaded System Directive: org.apache.velocity.runtime.directive.Macro
2019-03-05 22:16:02,591 - Loaded System Directive: org.apache.velocity.runtime.directive.Literal
2019-03-05 22:16:02,591 - Loaded System Directive: org.apache.velocity.runtime.directive.Parse
2019-03-05 22:16:02,591 - Loaded System Directive: org.apache.velocity.runtime.directive.Macro
2019-03-05 22:16:02,591 - Loaded System Directive: org.apache.velocity.runtime.directive.Include
2019-03-05 22:16:02,591 - Loaded System Directive: org.apache.velocity.runtime.directive.Parse
2019-03-05 22:16:02,591 - Loaded System Directive: org.apache.velocity.runtime.directive.Foreach
2019-03-05 22:16:02,591 - Loaded System Directive: org.apache.velocity.runtime.directive.Include
2019-03-05 22:16:02,591 - Loaded System Directive: org.apache.velocity.runtime.directive.Foreach
2019-03-05 22:16:02,606 - Created: 20 parsers.
2019-03-05 22:16:02,606 - Created: 20 parsers.
2019-03-05 22:16:02,606 - Velocimacro : initialization starting.
2019-03-05 22:16:02,606 - Velocimacro : adding VMs from VM library template : VM_global_library.vm
2019-03-05 22:16:02,622 - Velocimacro : initialization starting.
2019-03-05 22:16:02,622 - Velocimacro : adding VMs from VM library template : VM_global_library.vm
2019-03-05 22:16:02,622 - ResourceManager : unable to find resource 'VM_global_library.vm' in any resource loader.
2019-03-05 22:16:02,622 - Velocimacro : error using  VM library template VM_global_library.vm : org.apache.velocity.exception.ResourceNotFoundException: Unable to find resource 'VM_global_library.vm'
2019-03-05 22:16:02,622 - Velocimacro :  VM library template macro registration complete.
2019-03-05 22:16:02,622 - Velocimacro : allowInline = true : VMs can be defined inline in templates
2019-03-05 22:16:02,622 - Velocimacro : allowInlineToOverride = false : VMs defined inline may NOT replace previous VM definitions
2019-03-05 22:16:02,622 - Velocimacro : allowInlineLocal = false : VMs defined inline will be  global in scope if allowed.
2019-03-05 22:16:02,622 - Velocimacro : messages on  : VM system will output logging messages
2019-03-05 22:16:02,622 - Velocimacro : autoload off  : VM system will not automatically reload global library macros
2019-03-05 22:16:02,622 - Velocimacro : initialization complete.
2019-03-05 22:16:02,622 - Velocity successfully started.
2019-03-05 22:16:02,622 - ResourceManager : unable to find resource 'VM_global_library.vm' in any resource loader.
2019-03-05 22:16:02,622 - Velocimacro : error using  VM library template VM_global_library.vm : org.apache.velocity.exception.ResourceNotFoundException: Unable to find resource 'VM_global_library.vm'
2019-03-05 22:16:02,622 - Velocimacro :  VM library template macro registration complete.
2019-03-05 22:16:02,622 - Velocimacro : allowInline = true : VMs can be defined inline in templates
2019-03-05 22:16:02,622 - Velocimacro : allowInlineToOverride = false : VMs defined inline may NOT replace previous VM definitions
2019-03-05 22:16:02,622 - Velocimacro : allowInlineLocal = false : VMs defined inline will be  global in scope if allowed.
2019-03-05 22:16:02,622 - Velocimacro : messages on  : VM system will output logging messages
2019-03-05 22:16:02,622 - Velocimacro : autoload off  : VM system will not automatically reload global library macros
2019-03-05 22:16:02,622 - Velocimacro : initialization complete.
2019-03-05 22:16:02,622 - Velocity successfully started.
2019-03-05 22:16:53,284 - ResourceManager : found repast/simphony/scenario/Scenario.vt with loader org.apache.velocity.runtime.resource.loader.ClasspathResourceLoader
2019-03-05 22:17:06,711 - ResourceManager : found repast/simphony/scenario/Scenario.vt with loader org.apache.velocity.runtime.resource.loader.ClasspathResourceLoader
2019-03-05 22:17:07,717 - ResourceManager : found repast/simphony/scenario/Scenario.vt with loader org.apache.velocity.runtime.resource.loader.ClasspathResourceLoader
2019-03-05 22:17:19,516 - ResourceManager : found repast/simphony/scenario/Scenario.vt with loader org.apache.velocity.runtime.resource.loader.ClasspathResourceLoader
2019-03-05 22:17:46,958 - ResourceManager : found repast/simphony/scenario/Scenario.vt with loader org.apache.velocity.runtime.resource.loader.ClasspathResourceLoader
2019-03-05 22:27:04,867 - ResourceManager : found repast/simphony/scenario/Scenario.vt with loader org.apache.velocity.runtime.resource.loader.ClasspathResourceLoader
2019-03-05 22:27:49,884 - ResourceManager : found repast/simphony/scenario/Scenario.vt with loader org.apache.velocity.runtime.resource.loader.ClasspathResourceLoader
2019-03-05 22:32:15,852 - SimpleLog4JLogSystem initialized using logfile 'velocity.log'
2019-03-05 22:32:15,852 - ************************************************************** 
2019-03-05 22:32:15,852 - Starting Jakarta Velocity v1.4
2019-03-05 22:32:15,852 - RuntimeInstance initializing.
2019-03-05 22:32:15,852 - Default Properties File: org\apache\velocity\runtime\defaults\velocity.properties
2019-03-05 22:32:15,852 - Trying to use logger class org.apache.velocity.runtime.log.SimpleLog4JLogSystem
2019-03-05 22:32:15,852 - Using logger class org.apache.velocity.runtime.log.SimpleLog4JLogSystem
2019-03-05 22:32:15,867 - Default ResourceManager initializing. (class org.apache.velocity.runtime.resource.ResourceManagerImpl)
2019-03-05 22:32:15,867 - Resource Loader Instantiated: org.apache.velocity.runtime.resource.loader.ClasspathResourceLoader
2019-03-05 22:32:15,867 - ClasspathResourceLoader : initialization starting.
2019-03-05 22:32:15,867 - ClasspathResourceLoader : initialization complete.
2019-03-05 22:32:15,867 - ResourceCache : initialized. (class org.apache.velocity.runtime.resource.ResourceCacheImpl)
2019-03-05 22:32:15,867 - Default ResourceManager initialization complete.
2019-03-05 22:32:15,867 - Loaded System Directive: org.apache.velocity.runtime.directive.Literal
2019-03-05 22:32:15,867 - Loaded System Directive: org.apache.velocity.runtime.directive.Macro
2019-03-05 22:32:15,867 - Loaded System Directive: org.apache.velocity.runtime.directive.Parse
2019-03-05 22:32:15,867 - Loaded System Directive: org.apache.velocity.runtime.directive.Include
2019-03-05 22:32:15,867 - Loaded System Directive: org.apache.velocity.runtime.directive.Foreach
2019-03-05 22:32:15,883 - Created: 20 parsers.
2019-03-05 22:32:15,883 - Velocimacro : initialization starting.
2019-03-05 22:32:15,883 - Velocimacro : adding VMs from VM library template : VM_global_library.vm
2019-03-05 22:32:15,883 - ResourceManager : unable to find resource 'VM_global_library.vm' in any resource loader.
2019-03-05 22:32:15,883 - Velocimacro : error using  VM library template VM_global_library.vm : org.apache.velocity.exception.ResourceNotFoundException: Unable to find resource 'VM_global_library.vm'
2019-03-05 22:32:15,883 - Velocimacro :  VM library template macro registration complete.
2019-03-05 22:32:15,883 - Velocimacro : allowInline = true : VMs can be defined inline in templates
2019-03-05 22:32:15,883 - Velocimacro : allowInlineToOverride = false : VMs defined inline may NOT replace previous VM definitions
2019-03-05 22:32:15,883 - Velocimacro : allowInlineLocal = false : VMs defined inline will be  global in scope if allowed.
2019-03-05 22:32:15,883 - Velocimacro : messages on  : VM system will output logging messages
2019-03-05 22:32:15,883 - Velocimacro : autoload off  : VM system will not automatically reload global library macros
2019-03-05 22:32:15,883 - Velocimacro : initialization complete.
2019-03-05 22:32:15,883 - Velocity successfully started.
2019-03-05 22:35:57,971 - SimpleLog4JLogSystem initialized using logfile 'velocity.log'
2019-03-05 22:35:57,971 - ************************************************************** 
2019-03-05 22:35:57,971 - Starting Jakarta Velocity v1.4
2019-03-05 22:35:57,971 - RuntimeInstance initializing.
2019-03-05 22:35:57,971 - Default Properties File: org\apache\velocity\runtime\defaults\velocity.properties
2019-03-05 22:35:57,971 - Trying to use logger class org.apache.velocity.runtime.log.SimpleLog4JLogSystem
2019-03-05 22:35:57,971 - Using logger class org.apache.velocity.runtime.log.SimpleLog4JLogSystem
2019-03-05 22:35:57,971 - Default ResourceManager initializing. (class org.apache.velocity.runtime.resource.ResourceManagerImpl)
2019-03-05 22:35:57,971 - Resource Loader Instantiated: org.apache.velocity.runtime.resource.loader.ClasspathResourceLoader
2019-03-05 22:35:57,971 - ClasspathResourceLoader : initialization starting.
2019-03-05 22:35:57,971 - ClasspathResourceLoader : initialization complete.
2019-03-05 22:35:57,971 - ResourceCache : initialized. (class org.apache.velocity.runtime.resource.ResourceCacheImpl)
2019-03-05 22:35:57,971 - Default ResourceManager initialization complete.
2019-03-05 22:35:57,971 - Loaded System Directive: org.apache.velocity.runtime.directive.Literal
2019-03-05 22:35:57,971 - Loaded System Directive: org.apache.velocity.runtime.directive.Macro
2019-03-05 22:35:57,971 - Loaded System Directive: org.apache.velocity.runtime.directive.Parse
2019-03-05 22:35:57,971 - Loaded System Directive: org.apache.velocity.runtime.directive.Include
2019-03-05 22:35:57,971 - Loaded System Directive: org.apache.velocity.runtime.directive.Foreach
2019-03-05 22:35:57,987 - Created: 20 parsers.
2019-03-05 22:35:57,987 - Velocimacro : initialization starting.
2019-03-05 22:35:57,987 - Velocimacro : adding VMs from VM library template : VM_global_library.vm
2019-03-05 22:35:57,987 - ResourceManager : unable to find resource 'VM_global_library.vm' in any resource loader.
2019-03-05 22:35:57,987 - Velocimacro : error using  VM library template VM_global_library.vm : org.apache.velocity.exception.ResourceNotFoundException: Unable to find resource 'VM_global_library.vm'
2019-03-05 22:35:57,987 - Velocimacro :  VM library template macro registration complete.
2019-03-05 22:35:57,987 - Velocimacro : allowInline = true : VMs can be defined inline in templates
2019-03-05 22:35:57,987 - Velocimacro : allowInlineToOverride = false : VMs defined inline may NOT replace previous VM definitions
2019-03-05 22:35:57,987 - Velocimacro : allowInlineLocal = false : VMs defined inline will be  global in scope if allowed.
2019-03-05 22:35:57,987 - Velocimacro : messages on  : VM system will output logging messages
2019-03-05 22:35:57,987 - Velocimacro : autoload off  : VM system will not automatically reload global library macros
2019-03-05 22:35:57,987 - Velocimacro : initialization complete.
2019-03-05 22:35:57,987 - Velocity successfully started.
2019-03-05 22:37:18,178 - ResourceManager : found repast/simphony/scenario/Scenario.vt with loader org.apache.velocity.runtime.resource.loader.ClasspathResourceLoader
2019-03-05 22:38:31,192 - ResourceManager : found repast/simphony/scenario/Scenario.vt with loader org.apache.velocity.runtime.resource.loader.ClasspathResourceLoader
2019-03-05 22:38:32,191 - ResourceManager : found repast/simphony/scenario/Scenario.vt with loader org.apache.velocity.runtime.resource.loader.ClasspathResourceLoader
2019-03-05 22:40:08,470 - ResourceManager : found repast/simphony/scenario/Scenario.vt with loader org.apache.velocity.runtime.resource.loader.ClasspathResourceLoader
2019-03-05 22:43:34,654 - ResourceManager : found repast/simphony/scenario/Scenario.vt with loader org.apache.velocity.runtime.resource.loader.ClasspathResourceLoader
2019-03-05 22:46:47,907 - ResourceManager : found repast/simphony/scenario/Scenario.vt with loader org.apache.velocity.runtime.resource.loader.ClasspathResourceLoader
2019-03-05 22:47:37,547 - ResourceManager : found repast/simphony/scenario/Scenario.vt with loader org.apache.velocity.runtime.resource.loader.ClasspathResourceLoader
2019-03-06 06:32:53,246 - SimpleLog4JLogSystem initialized using logfile 'velocity.log'
2019-03-06 06:32:53,246 - ************************************************************** 
2019-03-06 06:32:53,246 - Starting Jakarta Velocity v1.4
2019-03-06 06:32:53,246 - RuntimeInstance initializing.
2019-03-06 06:32:53,246 - Default Properties File: org\apache\velocity\runtime\defaults\velocity.properties
2019-03-06 06:32:53,246 - Trying to use logger class org.apache.velocity.runtime.log.SimpleLog4JLogSystem
2019-03-06 06:32:53,246 - Using logger class org.apache.velocity.runtime.log.SimpleLog4JLogSystem
2019-03-06 06:32:53,246 - Default ResourceManager initializing. (class org.apache.velocity.runtime.resource.ResourceManagerImpl)
2019-03-06 06:32:53,246 - Resource Loader Instantiated: org.apache.velocity.runtime.resource.loader.ClasspathResourceLoader
2019-03-06 06:32:53,246 - ClasspathResourceLoader : initialization starting.
2019-03-06 06:32:53,246 - ClasspathResourceLoader : initialization complete.
2019-03-06 06:32:53,246 - ResourceCache : initialized. (class org.apache.velocity.runtime.resource.ResourceCacheImpl)
2019-03-06 06:32:53,246 - Default ResourceManager initialization complete.
2019-03-06 06:32:53,246 - Loaded System Directive: org.apache.velocity.runtime.directive.Literal
2019-03-06 06:32:53,246 - Loaded System Directive: org.apache.velocity.runtime.directive.Macro
2019-03-06 06:32:53,246 - Loaded System Directive: org.apache.velocity.runtime.directive.Parse
2019-03-06 06:32:53,246 - Loaded System Directive: org.apache.velocity.runtime.directive.Include
2019-03-06 06:32:53,246 - Loaded System Directive: org.apache.velocity.runtime.directive.Foreach
2019-03-06 06:32:53,261 - Created: 20 parsers.
2019-03-06 06:32:53,277 - Velocimacro : initialization starting.
2019-03-06 06:32:53,277 - Velocimacro : adding VMs from VM library template : VM_global_library.vm
2019-03-06 06:32:53,277 - ResourceManager : unable to find resource 'VM_global_library.vm' in any resource loader.
2019-03-06 06:32:53,277 - Velocimacro : error using  VM library template VM_global_library.vm : org.apache.velocity.exception.ResourceNotFoundException: Unable to find resource 'VM_global_library.vm'
2019-03-06 06:32:53,277 - Velocimacro :  VM library template macro registration complete.
2019-03-06 06:32:53,277 - Velocimacro : allowInline = true : VMs can be defined inline in templates
2019-03-06 06:32:53,277 - Velocimacro : allowInlineToOverride = false : VMs defined inline may NOT replace previous VM definitions
2019-03-06 06:32:53,277 - Velocimacro : allowInlineLocal = false : VMs defined inline will be  global in scope if allowed.
2019-03-06 06:32:53,277 - Velocimacro : messages on  : VM system will output logging messages
2019-03-06 06:32:53,277 - Velocimacro : autoload off  : VM system will not automatically reload global library macros
2019-03-06 06:32:53,277 - Velocimacro : initialization complete.
2019-03-06 06:32:53,277 - Velocity successfully started.
2019-03-06 06:33:45,141 - SimpleLog4JLogSystem initialized using logfile 'velocity.log'
2019-03-06 06:33:45,141 - ************************************************************** 
2019-03-06 06:33:45,141 - Starting Jakarta Velocity v1.4
2019-03-06 06:33:45,141 - RuntimeInstance initializing.
2019-03-06 06:33:45,141 - Default Properties File: org\apache\velocity\runtime\defaults\velocity.properties
2019-03-06 06:33:45,141 - Trying to use logger class org.apache.velocity.runtime.log.SimpleLog4JLogSystem
2019-03-06 06:33:45,141 - Using logger class org.apache.velocity.runtime.log.SimpleLog4JLogSystem
2019-03-06 06:33:45,157 - Default ResourceManager initializing. (class org.apache.velocity.runtime.resource.ResourceManagerImpl)
2019-03-06 06:33:45,157 - Resource Loader Instantiated: org.apache.velocity.runtime.resource.loader.ClasspathResourceLoader
2019-03-06 06:33:45,157 - ClasspathResourceLoader : initialization starting.
2019-03-06 06:33:45,157 - ClasspathResourceLoader : initialization complete.
2019-03-06 06:33:45,157 - ResourceCache : initialized. (class org.apache.velocity.runtime.resource.ResourceCacheImpl)
2019-03-06 06:33:45,157 - Default ResourceManager initialization complete.
2019-03-06 06:33:45,157 - Loaded System Directive: org.apache.velocity.runtime.directive.Literal
2019-03-06 06:33:45,157 - Loaded System Directive: org.apache.velocity.runtime.directive.Macro
2019-03-06 06:33:45,157 - Loaded System Directive: org.apache.velocity.runtime.directive.Parse
2019-03-06 06:33:45,157 - Loaded System Directive: org.apache.velocity.runtime.directive.Include
2019-03-06 06:33:45,157 - Loaded System Directive: org.apache.velocity.runtime.directive.Foreach
2019-03-06 06:33:45,173 - Created: 20 parsers.
2019-03-06 06:33:45,173 - Velocimacro : initialization starting.
2019-03-06 06:33:45,173 - Velocimacro : adding VMs from VM library template : VM_global_library.vm
2019-03-06 06:33:45,173 - ResourceManager : unable to find resource 'VM_global_library.vm' in any resource loader.
2019-03-06 06:33:45,173 - Velocimacro : error using  VM library template VM_global_library.vm : org.apache.velocity.exception.ResourceNotFoundException: Unable to find resource 'VM_global_library.vm'
2019-03-06 06:33:45,173 - Velocimacro :  VM library template macro registration complete.
2019-03-06 06:33:45,173 - Velocimacro : allowInline = true : VMs can be defined inline in templates
2019-03-06 06:33:45,173 - Velocimacro : allowInlineToOverride = false : VMs defined inline may NOT replace previous VM definitions
2019-03-06 06:33:45,173 - Velocimacro : allowInlineLocal = false : VMs defined inline will be  global in scope if allowed.
2019-03-06 06:33:45,173 - Velocimacro : messages on  : VM system will output logging messages
2019-03-06 06:33:45,173 - Velocimacro : autoload off  : VM system will not automatically reload global library macros
2019-03-06 06:33:45,173 - Velocimacro : initialization complete.
2019-03-06 06:33:45,173 - Velocity successfully started.
2019-03-06 06:34:25,025 - ResourceManager : found repast/simphony/scenario/Scenario.vt with loader org.apache.velocity.runtime.resource.loader.ClasspathResourceLoader
2019-03-06 06:36:15,781 - ResourceManager : found repast/simphony/scenario/Scenario.vt with loader org.apache.velocity.runtime.resource.loader.ClasspathResourceLoader
2019-03-06 06:36:39,375 - ResourceManager : found repast/simphony/scenario/Scenario.vt with loader org.apache.velocity.runtime.resource.loader.ClasspathResourceLoader
2019-03-06 06:40:08,560 - ResourceManager : found repast/simphony/scenario/Scenario.vt with loader org.apache.velocity.runtime.resource.loader.ClasspathResourceLoader
2019-03-06 06:44:06,859 - ResourceManager : found repast/simphony/parameter/parameters.vt with loader org.apache.velocity.runtime.resource.loader.ClasspathResourceLoader
2019-03-06 06:44:10,776 - ResourceManager : found repast/simphony/scenario/Scenario.vt with loader org.apache.velocity.runtime.resource.loader.ClasspathResourceLoader
2019-03-06 06:44:22,979 - SimpleLog4JLogSystem initialized using logfile 'velocity.log'
2019-03-06 06:44:22,979 - ************************************************************** 
2019-03-06 06:44:22,979 - Starting Jakarta Velocity v1.4
2019-03-06 06:44:22,979 - RuntimeInstance initializing.
2019-03-06 06:44:22,979 - Default Properties File: org\apache\velocity\runtime\defaults\velocity.properties
2019-03-06 06:44:22,979 - Trying to use logger class org.apache.velocity.runtime.log.SimpleLog4JLogSystem
2019-03-06 06:44:22,979 - Using logger class org.apache.velocity.runtime.log.SimpleLog4JLogSystem
2019-03-06 06:44:22,979 - Default ResourceManager initializing. (class org.apache.velocity.runtime.resource.ResourceManagerImpl)
2019-03-06 06:44:22,979 - Resource Loader Instantiated: org.apache.velocity.runtime.resource.loader.ClasspathResourceLoader
2019-03-06 06:44:22,979 - ClasspathResourceLoader : initialization starting.
2019-03-06 06:44:22,979 - ClasspathResourceLoader : initialization complete.
2019-03-06 06:44:22,979 - ResourceCache : initialized. (class org.apache.velocity.runtime.resource.ResourceCacheImpl)
2019-03-06 06:44:22,979 - Default ResourceManager initialization complete.
2019-03-06 06:44:22,995 - Loaded System Directive: org.apache.velocity.runtime.directive.Literal
2019-03-06 06:44:22,995 - Loaded System Directive: org.apache.velocity.runtime.directive.Macro
2019-03-06 06:44:22,995 - Loaded System Directive: org.apache.velocity.runtime.directive.Parse
2019-03-06 06:44:22,995 - Loaded System Directive: org.apache.velocity.runtime.directive.Include
2019-03-06 06:44:22,995 - Loaded System Directive: org.apache.velocity.runtime.directive.Foreach
2019-03-06 06:44:23,010 - Created: 20 parsers.
2019-03-06 06:44:23,010 - Velocimacro : initialization starting.
2019-03-06 06:44:23,010 - Velocimacro : adding VMs from VM library template : VM_global_library.vm
2019-03-06 06:44:23,010 - ResourceManager : unable to find resource 'VM_global_library.vm' in any resource loader.
2019-03-06 06:44:23,010 - Velocimacro : error using  VM library template VM_global_library.vm : org.apache.velocity.exception.ResourceNotFoundException: Unable to find resource 'VM_global_library.vm'
2019-03-06 06:44:23,010 - Velocimacro :  VM library template macro registration complete.
2019-03-06 06:44:23,010 - Velocimacro : allowInline = true : VMs can be defined inline in templates
2019-03-06 06:44:23,010 - Velocimacro : allowInlineToOverride = false : VMs defined inline may NOT replace previous VM definitions
2019-03-06 06:44:23,010 - Velocimacro : allowInlineLocal = false : VMs defined inline will be  global in scope if allowed.
2019-03-06 06:44:23,010 - Velocimacro : messages on  : VM system will output logging messages
2019-03-06 06:44:23,010 - Velocimacro : autoload off  : VM system will not automatically reload global library macros
2019-03-06 06:44:23,010 - Velocimacro : initialization complete.
2019-03-06 06:44:23,010 - Velocity successfully started.
2019-03-06 06:46:48,103 - SimpleLog4JLogSystem initialized using logfile 'velocity.log'
2019-03-06 06:46:48,103 - ************************************************************** 
2019-03-06 06:46:48,103 - Starting Jakarta Velocity v1.4
2019-03-06 06:46:48,103 - RuntimeInstance initializing.
2019-03-06 06:46:48,103 - Default Properties File: org\apache\velocity\runtime\defaults\velocity.properties
2019-03-06 06:46:48,103 - Trying to use logger class org.apache.velocity.runtime.log.SimpleLog4JLogSystem
2019-03-06 06:46:48,103 - Using logger class org.apache.velocity.runtime.log.SimpleLog4JLogSystem
2019-03-06 06:46:48,103 - Default ResourceManager initializing. (class org.apache.velocity.runtime.resource.ResourceManagerImpl)
2019-03-06 06:46:48,103 - Resource Loader Instantiated: org.apache.velocity.runtime.resource.loader.ClasspathResourceLoader
2019-03-06 06:46:48,103 - ClasspathResourceLoader : initialization starting.
2019-03-06 06:46:48,103 - ClasspathResourceLoader : initialization complete.
2019-03-06 06:46:48,103 - ResourceCache : initialized. (class org.apache.velocity.runtime.resource.ResourceCacheImpl)
2019-03-06 06:46:48,103 - Default ResourceManager initialization complete.
2019-03-06 06:46:48,103 - Loaded System Directive: org.apache.velocity.runtime.directive.Literal
2019-03-06 06:46:48,103 - Loaded System Directive: org.apache.velocity.runtime.directive.Macro
2019-03-06 06:46:48,103 - Loaded System Directive: org.apache.velocity.runtime.directive.Parse
2019-03-06 06:46:48,103 - Loaded System Directive: org.apache.velocity.runtime.directive.Include
2019-03-06 06:46:48,103 - Loaded System Directive: org.apache.velocity.runtime.directive.Foreach
2019-03-06 06:46:48,119 - Created: 20 parsers.
2019-03-06 06:46:48,119 - Velocimacro : initialization starting.
2019-03-06 06:46:48,119 - Velocimacro : adding VMs from VM library template : VM_global_library.vm
2019-03-06 06:46:48,119 - ResourceManager : unable to find resource 'VM_global_library.vm' in any resource loader.
2019-03-06 06:46:48,119 - Velocimacro : error using  VM library template VM_global_library.vm : org.apache.velocity.exception.ResourceNotFoundException: Unable to find resource 'VM_global_library.vm'
2019-03-06 06:46:48,119 - Velocimacro :  VM library template macro registration complete.
2019-03-06 06:46:48,119 - Velocimacro : allowInline = true : VMs can be defined inline in templates
2019-03-06 06:46:48,119 - Velocimacro : allowInlineToOverride = false : VMs defined inline may NOT replace previous VM definitions
2019-03-06 06:46:48,119 - Velocimacro : allowInlineLocal = false : VMs defined inline will be  global in scope if allowed.
2019-03-06 06:46:48,119 - Velocimacro : messages on  : VM system will output logging messages
2019-03-06 06:46:48,119 - Velocimacro : autoload off  : VM system will not automatically reload global library macros
2019-03-06 06:46:48,119 - Velocimacro : initialization complete.
2019-03-06 06:46:48,119 - Velocity successfully started.
2019-03-06 06:48:02,635 - ResourceManager : found repast/simphony/scenario/Scenario.vt with loader org.apache.velocity.runtime.resource.loader.ClasspathResourceLoader
2019-03-06 13:27:49,719 - SimpleLog4JLogSystem initialized using logfile 'velocity.log'
2019-03-06 13:27:49,719 - ************************************************************** 
2019-03-06 13:27:49,719 - Starting Jakarta Velocity v1.4
2019-03-06 13:27:49,719 - RuntimeInstance initializing.
2019-03-06 13:27:49,719 - Default Properties File: org\apache\velocity\runtime\defaults\velocity.properties
2019-03-06 13:27:49,719 - Trying to use logger class org.apache.velocity.runtime.log.SimpleLog4JLogSystem
2019-03-06 13:27:49,719 - Using logger class org.apache.velocity.runtime.log.SimpleLog4JLogSystem
2019-03-06 13:27:49,721 - Default ResourceManager initializing. (class org.apache.velocity.runtime.resource.ResourceManagerImpl)
2019-03-06 13:27:49,722 - Resource Loader Instantiated: org.apache.velocity.runtime.resource.loader.ClasspathResourceLoader
2019-03-06 13:27:49,722 - ClasspathResourceLoader : initialization starting.
2019-03-06 13:27:49,722 - ClasspathResourceLoader : initialization complete.
2019-03-06 13:27:49,723 - ResourceCache : initialized. (class org.apache.velocity.runtime.resource.ResourceCacheImpl)
2019-03-06 13:27:49,723 - Default ResourceManager initialization complete.
2019-03-06 13:27:49,724 - Loaded System Directive: org.apache.velocity.runtime.directive.Literal
2019-03-06 13:27:49,724 - Loaded System Directive: org.apache.velocity.runtime.directive.Macro
2019-03-06 13:27:49,726 - Loaded System Directive: org.apache.velocity.runtime.directive.Parse
2019-03-06 13:27:49,726 - Loaded System Directive: org.apache.velocity.runtime.directive.Include
2019-03-06 13:27:49,727 - Loaded System Directive: org.apache.velocity.runtime.directive.Foreach
2019-03-06 13:27:49,742 - Created: 20 parsers.
2019-03-06 13:27:49,745 - Velocimacro : initialization starting.
2019-03-06 13:27:49,745 - Velocimacro : adding VMs from VM library template : VM_global_library.vm
2019-03-06 13:27:49,746 - ResourceManager : unable to find resource 'VM_global_library.vm' in any resource loader.
2019-03-06 13:27:49,746 - Velocimacro : error using  VM library template VM_global_library.vm : org.apache.velocity.exception.ResourceNotFoundException: Unable to find resource 'VM_global_library.vm'
2019-03-06 13:27:49,746 - Velocimacro :  VM library template macro registration complete.
2019-03-06 13:27:49,747 - Velocimacro : allowInline = true : VMs can be defined inline in templates
2019-03-06 13:27:49,747 - Velocimacro : allowInlineToOverride = false : VMs defined inline may NOT replace previous VM definitions
2019-03-06 13:27:49,747 - Velocimacro : allowInlineLocal = false : VMs defined inline will be  global in scope if allowed.
2019-03-06 13:27:49,747 - Velocimacro : messages on  : VM system will output logging messages
2019-03-06 13:27:49,747 - Velocimacro : autoload off  : VM system will not automatically reload global library macros
2019-03-06 13:27:49,747 - Velocimacro : initialization complete.
2019-03-06 13:27:49,747 - Velocity successfully started.
2019-03-06 13:28:37,703 - ResourceManager : found repast/simphony/scenario/Scenario.vt with loader org.apache.velocity.runtime.resource.loader.ClasspathResourceLoader
2019-03-06 13:34:36,783 - ResourceManager : found repast/simphony/scenario/Scenario.vt with loader org.apache.velocity.runtime.resource.loader.ClasspathResourceLoader
2019-03-06 13:34:46,237 - ResourceManager : found repast/simphony/scenario/Scenario.vt with loader org.apache.velocity.runtime.resource.loader.ClasspathResourceLoader
2019-03-06 13:35:01,895 - SimpleLog4JLogSystem initialized using logfile 'velocity.log'
2019-03-06 13:35:01,895 - ************************************************************** 
2019-03-06 13:35:01,895 - Starting Jakarta Velocity v1.4
2019-03-06 13:35:01,895 - RuntimeInstance initializing.
2019-03-06 13:35:01,895 - Default Properties File: org\apache\velocity\runtime\defaults\velocity.properties
2019-03-06 13:35:01,895 - Trying to use logger class org.apache.velocity.runtime.log.SimpleLog4JLogSystem
2019-03-06 13:35:01,895 - Using logger class org.apache.velocity.runtime.log.SimpleLog4JLogSystem
2019-03-06 13:35:01,897 - Default ResourceManager initializing. (class org.apache.velocity.runtime.resource.ResourceManagerImpl)
2019-03-06 13:35:01,898 - Resource Loader Instantiated: org.apache.velocity.runtime.resource.loader.ClasspathResourceLoader
2019-03-06 13:35:01,898 - ClasspathResourceLoader : initialization starting.
2019-03-06 13:35:01,898 - ClasspathResourceLoader : initialization complete.
2019-03-06 13:35:01,899 - ResourceCache : initialized. (class org.apache.velocity.runtime.resource.ResourceCacheImpl)
2019-03-06 13:35:01,899 - Default ResourceManager initialization complete.
2019-03-06 13:35:01,900 - Loaded System Directive: org.apache.velocity.runtime.directive.Literal
2019-03-06 13:35:01,901 - Loaded System Directive: org.apache.velocity.runtime.directive.Macro
2019-03-06 13:35:01,902 - Loaded System Directive: org.apache.velocity.runtime.directive.Parse
2019-03-06 13:35:01,904 - Loaded System Directive: org.apache.velocity.runtime.directive.Include
2019-03-06 13:35:01,904 - Loaded System Directive: org.apache.velocity.runtime.directive.Foreach
2019-03-06 13:35:01,919 - Created: 20 parsers.
2019-03-06 13:35:01,921 - Velocimacro : initialization starting.
2019-03-06 13:35:01,921 - Velocimacro : adding VMs from VM library template : VM_global_library.vm
2019-03-06 13:35:01,923 - ResourceManager : unable to find resource 'VM_global_library.vm' in any resource loader.
2019-03-06 13:35:01,923 - Velocimacro : error using  VM library template VM_global_library.vm : org.apache.velocity.exception.ResourceNotFoundException: Unable to find resource 'VM_global_library.vm'
2019-03-06 13:35:01,923 - Velocimacro :  VM library template macro registration complete.
2019-03-06 13:35:01,923 - Velocimacro : allowInline = true : VMs can be defined inline in templates
2019-03-06 13:35:01,923 - Velocimacro : allowInlineToOverride = false : VMs defined inline may NOT replace previous VM definitions
2019-03-06 13:35:01,923 - Velocimacro : allowInlineLocal = false : VMs defined inline will be  global in scope if allowed.
2019-03-06 13:35:01,923 - Velocimacro : messages on  : VM system will output logging messages
2019-03-06 13:35:01,923 - Velocimacro : autoload off  : VM system will not automatically reload global library macros
2019-03-06 13:35:01,923 - Velocimacro : initialization complete.
2019-03-06 13:35:01,923 - Velocity successfully started.
2019-03-06 13:35:39,806 - SimpleLog4JLogSystem initialized using logfile 'velocity.log'
2019-03-06 13:35:39,806 - ************************************************************** 
2019-03-06 13:35:39,806 - Starting Jakarta Velocity v1.4
2019-03-06 13:35:39,806 - RuntimeInstance initializing.
2019-03-06 13:35:39,806 - Default Properties File: org\apache\velocity\runtime\defaults\velocity.properties
2019-03-06 13:35:39,806 - Trying to use logger class org.apache.velocity.runtime.log.SimpleLog4JLogSystem
2019-03-06 13:35:39,806 - Using logger class org.apache.velocity.runtime.log.SimpleLog4JLogSystem
2019-03-06 13:35:39,808 - Default ResourceManager initializing. (class org.apache.velocity.runtime.resource.ResourceManagerImpl)
2019-03-06 13:35:39,809 - Resource Loader Instantiated: org.apache.velocity.runtime.resource.loader.ClasspathResourceLoader
2019-03-06 13:35:39,809 - ClasspathResourceLoader : initialization starting.
2019-03-06 13:35:39,809 - ClasspathResourceLoader : initialization complete.
2019-03-06 13:35:39,810 - ResourceCache : initialized. (class org.apache.velocity.runtime.resource.ResourceCacheImpl)
2019-03-06 13:35:39,810 - Default ResourceManager initialization complete.
2019-03-06 13:35:39,811 - Loaded System Directive: org.apache.velocity.runtime.directive.Literal
2019-03-06 13:35:39,811 - Loaded System Directive: org.apache.velocity.runtime.directive.Macro
2019-03-06 13:35:39,813 - Loaded System Directive: org.apache.velocity.runtime.directive.Parse
2019-03-06 13:35:39,813 - Loaded System Directive: org.apache.velocity.runtime.directive.Include
2019-03-06 13:35:39,814 - Loaded System Directive: org.apache.velocity.runtime.directive.Foreach
2019-03-06 13:35:39,829 - Created: 20 parsers.
2019-03-06 13:35:39,831 - Velocimacro : initialization starting.
2019-03-06 13:35:39,832 - Velocimacro : adding VMs from VM library template : VM_global_library.vm
2019-03-06 13:35:39,833 - ResourceManager : unable to find resource 'VM_global_library.vm' in any resource loader.
2019-03-06 13:35:39,833 - Velocimacro : error using  VM library template VM_global_library.vm : org.apache.velocity.exception.ResourceNotFoundException: Unable to find resource 'VM_global_library.vm'
2019-03-06 13:35:39,833 - Velocimacro :  VM library template macro registration complete.
2019-03-06 13:35:39,834 - Velocimacro : allowInline = true : VMs can be defined inline in templates
2019-03-06 13:35:39,834 - Velocimacro : allowInlineToOverride = false : VMs defined inline may NOT replace previous VM definitions
2019-03-06 13:35:39,834 - Velocimacro : allowInlineLocal = false : VMs defined inline will be  global in scope if allowed.
2019-03-06 13:35:39,834 - Velocimacro : messages on  : VM system will output logging messages
2019-03-06 13:35:39,834 - Velocimacro : autoload off  : VM system will not automatically reload global library macros
2019-03-06 13:35:39,834 - Velocimacro : initialization complete.
2019-03-06 13:35:39,834 - Velocity successfully started.
2019-03-06 13:36:37,771 - ResourceManager : found repast/simphony/scenario/Scenario.vt with loader org.apache.velocity.runtime.resource.loader.ClasspathResourceLoader
2019-03-06 13:36:53,173 - ResourceManager : found repast/simphony/scenario/Scenario.vt with loader org.apache.velocity.runtime.resource.loader.ClasspathResourceLoader
